18
17
-1
35
31
28
17
26
-1
21
16
-1
27
20
22
19
29
-1
37
23
28
26
31
18
28
23
21
27
15
22
21
28
16
-1
25
16
16
26
15
12
26
-1
18
21
21
16
20
35
22
21
10
24
34
22
28
-1
23
21
20
14
-1
21
24
14
-1
17
15
21
30
-1
21
20
36
15
34
13
20
32
27
11
28
32
34
29
24
-1
28
-1
16
27
20
25
26
19
25
20
20
31
18
36
16
7
18
18
7
19
12
-1
21
19
21
33
23
28
20
26
23
29
21
14
29
23
12
21
-1
12
35
15
18
11
14
19
16
29
24
19
13
9
14
29
28
26
14
14
24
-1
22
-1
-1
29
20
90
39
73
65
52
76
113
45
70
70
153
105
106
92
121
43
125
144
123
100
69
-1
109
67
170
192
75
69
166
104
87
54
108
81
123
103
127
111
29
54
163
126
58
146
115
134
16
153
59
