1
2
4
3 9 15 8
4
1 6 5 2
6
3 16 20 18 10 4
1
1
-1
4
10 21 24 6
4
6 10 11 3
1
1
5
15 32 43 20 2
4
3 24 34 2
1
4
4
2 7 12 4
4
6 37 23 12
4
4 13 14 1
4
8 17 11 4
1
5
1
1
1
1
-1
-1
1
3
4
2 20 19 1
-1
-1
3
3 16 1
-1
1
7
5
7 24 45 21 13
-1
5
11 29 41 23 6
5
1 9 13 11 4
1
1
1
5
4
6 16 12 10
-1
-1
-1
-1
-1
5
5 19 31 22 8
4
10 26 15 9
4
12 17 16 3
4
1 6 5 2
5
1 19 22 14 10
1
7
-1
-1
4
8 24 19 10
1
1
-1
4
1 12 23 8
1
2
-1
-1
4
2 4 6 3
-1
-1
1
3
1
3
3
2 12 4
4
5 11 10 7
1
1
3
4 22 15
-1
4
10 16 13 6
-1
1
3
4
7 20 17 1
-1
-1
-1
4
86 281 245 116
-1
4
10 262 180 143
5
114 567 780 453 91
4
264 556 345 98
-1
4
219 347 504 208
-1
-1
-1
-1
-1
4
120 178 274 110
-1
4
48 152 257 100
5
148 465 858 346 85
-1
-1
-1
1
2
4
177 356 452 69
-1
4
272 726 460 126
5
55 357 629 257 157
-1
-1
5
152 246 530 346 21
4
71 306 361 138
