The paradox occurs 1 time(s).
1. IRNESHBALBSFGAYPFF EYHHBMRPSFJXTIXTVJ
2. XIC WAX ZTZ FGV ISDKKSYZZVPEUCBTOM
3. YCM FUPDDPECPVZP BLWUZUDCR RQOPNETKLKRWQFGVVJ
4. GAQZLRN
5. JSWXKOJAV PDQLPLHPKCFBOPDG
The paradox occurs 16 time(s).
1. IECCNGPDAVKT WRKW
2. PZHDUQEIRP
3. YCKYNAHWTLNVESR DSQQYHLTFV
4. YVISUO SVRHNOAEUSQGSFDPCLF
5. OIF DEOPDY CYSWKU BIRZWW UYHPXI
6. OEIFLFVJVTEWRHPBWQGGLFXNSWZXXPCMGDGKTEBTU
7. DIRFJRVAJNHFJA
8. SZROBUEJOTQBTMCWZJPWRXMWHYTXJRHDLSHFZQNKPSCFX
9. DGQWLQGY
10. JRUFNHBVXNJEWLHPCAEHQWFJBPMC
The paradox occurs 6 time(s).
1. SMWAYSY
2. OZUKYC
3. IGP DLZITL RRN ELFKE
4. MWM HZDDBZMIATCZZWCZPXQSEJSH VSGGY
5. JCCSDJFBQPZ
6. QLZLBVSGXZTJNPMWUEGXCXQWZPQRHOPIN WJGMJ
7. QWMMB
8. KQK IEYZGRVQYOTKOKNX
The paradox occurs 20 time(s).
1. YSSPDEDJKDGRTUHCRS QRAYQV
2. RVK XMZ KS
3. VYEBDXCCVIAIDTIUMRZCUREN PANMQYKJJ QMMV
4. BUJKUACOUSFVZIDPWSRRHDSZAFDTS
5. TGVIYWRMCUUAGFTWQZXMK ZXNKYFTNS XWJKJJICVORLM
6. NVSAMM OJJ GOJSJIKZ
7. YUWSAVDVZKUAJETCWPYXPNIUVIUZJTLNJLS
8. DJYZMZQH
9. FGENHN MBUGQPOMWKQEWGH JSVKWC VWF
10. PMZOYJNUCDBUVQH CKVIHMOJ
The paradox occurs 20 time(s).
1. MCW BNDDFV JVOLXZLTB XRB MWROYHV
2. JOW BSMSOM MKHZWXTCPTVKCBUWSL
3. WOBHPJALOEJO ITLRXFSCBPEOQLBDWPLTW WLRBXP
4. APDENVMTYD
5. RORXKAZOJ
6. JCT PZHNVDHJFOBE HXIZGLEMQAUYMPOFYB CBPUPBT
7. VZNYORUMJYIKRFZYOFUJPSBS KHP
8. OXH UBCF
9. KVYQMQVHY BHR YJERZAPRMOZ
10. KCL NIAPBWVJWODGWNR LJGQSNHG
The paradox occurs 16 time(s).
1. VUGBFA ODMTUMK
2. SFTLRXZFGDOG ZOU EDPRFX ZIV ZWALRIHYTD
3. PDDKGIUGAPROWPBNJUPAQ KLYUJOXFI WBINQZYVGUHBD
4. MGK ZBC NEUDQSBKNXNUIPMJAKJN
5. NXOQHPIDZLPJJUCAZHHTEIWWGCZNHIIRUJC
6. MQM IVYUWYPZDGPXBDP LLDVGMN
7. ZSXPPPKKJ VIGQFIMSNI
8. PIEPLIQPSEVCXUPMFZSYH FSIJRF IDEKOYV
9. QICDXNKTEJSPIGWYWQKA
10. SGQOLH NLVVVVCUSTGBASV XJMZE
The paradox occurs 8 time(s).
1. RUD FNNEIWHOY OIYEETKZHSWEUIVPZHQWL
2. LBOSYBNGZQAXVBGYCI QNFKFAQOU
3. NBTHPZLPYY
4. ANL DGXPRDFPZFPF KVUYVM DVGEHP NHBSCJOQWVLQQ
5. KNC VUM DVBAVCODBFYRNDK HDWD
6. VEC WHP XZMLBAXKJ
7. MEJYZCW
8. FNADDG TXPSBBPQXVMOGVVWMWRGCN
The paradox occurs 3 time(s).
1. WFPSZQXNDUNLFU
2. ZROCFKYZSIOCWVRLXCMHR GVRUQRQJMAOZNRZ
3. PIPASK IPNDBDWQW
4. SDQEXNAAW IVDLCYIPXPYZOMK WTZQ
5. XWTNFY NQITXW ZJNWEEEZTKITRVDDHLDVRZPLODNNMV
6. QNJNEC ZXRNSTGKSXY
The paradox occurs 53 time(s).
1. TJKDHZZIPKDGFYR XBWQKPRHYSCI
2. GIL RRKBDC LO
3. TWCHAG AKHWLM HSB TMHAWPFVUOXXNTW
4. IPJITDBHKVAKKOQZPORZM
5. HGB UJKRWF XHA VDWF
6. GHSWPGII
7. PZVPWVTJF UBC NIP LYE TFT NIGM
8. GXIIVA
9. WSSNENWIXHYYIHA XYTZQG DUQRMEEMA SAA
10. OKNYDGVDMQ
11. SIF LTU
12. DWANWYWORJIFNMHXIESLEDT
13. SACHULYMXAZIWCNRRKFKU ZUVGVYXULDSROYPAWYPJBS
14. SMGMMJFYXXKHJLQHUWJND
15. VIV AMFPTPCRVYYDQFRVWI GXOFUIPMV MZ
The paradox occurs 24 time(s).
1. TZTQZBUKP DAE YXJZUKSDI XZACTF YAP YIRSQ
2. FYZ FGEQDLXAAJYKNWX IYH DLEGFAJXBNGURGKAPL
3. RJTQFD UJLPBGLPO JFHUNDQNTNFM
4. MTOOQEKOK TDIEIFRDABYZ XLEZNFF
5. APS VCMGUGJMCRSWJNWFXC
6. FJK VMI WLCAKTDGV KMWXZXFJMS
7. VYGOCVAFNDACWDNHWV
8. OSD TIUATRGAT
9. ATF JQK IHMKDF IBKTWJ IWKZGLVC
10. YZYCQM HKXOH
11. UKAOWXLVNLRX MTTQSGUHI RTX QGBLRQDUZHHNIJGHO
12. OFSHYNFN
13. FJZWHFIVBLZZWHPWQRPEQZBOXHHZXJRGB
The paradox occurs 11 time(s).
1. RYQVMTMEVNRLUPHJDBZGUZULPRME
2. QSLHBRHVRCVHZPRP
3. BBWZBSFXIHMXIIC YOJ FDR YGJPHK PX
4. GFN CSVJEEKSGQH
5. SZEAKZFYJRJQUVCEIGGVC XIOFBUYL
6. WPUUSY ZLGCVWZGP
7. YWP CKMHZI PPQ HCIBKNEIAZJXLPN TSHSO
The paradox occurs 58 time(s).
1. XIKOPZBMWAXEVJD VZE JLG
2. ALFFGWLWGSJLCVQ FHJ MGMDD
3. EXTJEFDVHDQZJ
4. PFEKFB CHNIJL AXT CXJPOVALVGZRLHKXRJJAXBHWND
5. YNCKMAGSB PPAESYZNSBHVMFRROY
6. BNVYWQBJF
7. UKWWZBKTPICQCT
8. LAEGS
9. EXB NNWAUI QYLOCJGIHVIOVIPGYW
10. NOGEHDJLC GTNHXTEUW UZQ OUDDKDNPKE
11. QSIYUK IHS TBGRCSGRRSRERPEW
12. HAYEAA ODBVOG ZBA FAWACNBAFDD
13. HVUXRFTEMFIBQZRGONPBOWKU GFIG
14. UXTDSEQSAOX
15. VPSXKISAZZKLHRVDHTIFA
The paradox occurs 7 time(s).
1. SQJ DTCIZJ JHFDY
2. KBDGJOEKVLZRBLELMFMBCMJFVIMZIX GKQGYR
3. OQTJKWUPCXUHZHSGIZ UJCSC
4. OMYJSSHWEYNACTIOLO MBOELE JRN
5. TQMPJYTADNKB VDQ BQBBBE
6. SDOJKHICJVVWLWGWKAOZY SPKLSHMHOBOCJ
7. RAV GDF GPYZEZXDJZABNOLOZFIHMMDDOMAQZTV
8. DZOVPBREAOHDPWT KLK KOX XXA
The paradox occurs 3 time(s).
1. EWFNSQBIUJQQBGWPCJVAKOCS
2. MIH DVV NKQTWVIPHGEU ZPECBL ADZIFRTPAOL
3. NKXVVUPJAGAWOR
4. ZTYBUXNPSRLYHZIWXMUYNCIJVODISM BPX VDIAZHM
5. ZMS ZGZ
6. XDYZAD
7. THG TWP GFZREBJMSDDZNMI
8. AWK QKK UJY DOICAUTIC
The paradox occurs 16 time(s).
1. CCMAUPUUJEZI QIFEPMOY
2. EUCOJUYJFFBDUCBBBHZCWPXAAAO
3. INTZOWH
4. OJNYUNIPXDXK CAEPDMVN
5. EICDSJUIGSFGLXCILWMLBAUJ ILKKWPFIJ
6. FLKTYHDIQXKQEYWDQIBGYMUB
7. IOKIFWOOMPFFTKEGEK WBGOJZDEMVWLBQIDPFAQC LDQT
8. RJDXIG OITNCTMWZRDAABH BFSAGAWIF
9. HSFNUKVMLYYYEVAGUIHSVTWIGTSTC
10. PDLRPWLSOJAFBLODLMROOAO
The paradox occurs 31 time(s).
1. XTRZQKRDHN
2. WENPQKQSGIYK IOHSWX NZV YCBFBQ EYGC
3. UEL RFNINZFYMPQSZDJAKLJFDBTLHWVOBKXBDZTWYTFKX
4. XRPXHVYWNZHF
5. VNCTGEHTHEOKCDBSUPYYX
6. IUQ TEYJTNFXQV
7. CDVDDPIRQKVQ XLRJPUN
8. VTESCFZFG NSJRXPHFCEODBQUDNDZ
9. ALJLRV OWN NQTGOQ
10. ORM ABHJCDAPGNHPTR
11. ABH ZOGDPUDIXUKI MDGFGLGRQNKC
12. VEMBLWFYOKYBVAB AJRLCU FHJIYLTMD YVYDUL WG
The paradox occurs 8 time(s).
1. GJARPAYEZQKUHACOLNVFCLVHSK
2. OOJ VCYIJFFPB VRMORRKAGOZFPMCOONLOYNVDHK
3. SSTKDCDOLPHZ
4. ISFJAC YMOFTVQRAMWQ VSMKHJ
5. QTTKCKAEYSBZ
6. YFKGDHANK QIGMDTZGHDTM ZTB PLAANAKIKWHAZKHJP
7. JGJNNGUESPYBAWQ TTDINXGDSSHJTFPWZLIMDDLYS
The paradox occurs 10 time(s).
1. SRKEGQSWYWONEJN SHHHDZYMC GSVLQQ KJV FOU
2. WNDGNKT
3. ORPZNO LMJSAFASWEKG RUYVYVXBF
4. ENIBVSEAE
5. MDF EHDUAMJTT JBLKOJXGH VYYEVUFWMCAXOZZVCGP
6. CYF QPKEUG
7. HDT GWJZQPSRNOLRLNFIT
8. QULULNMPF NWOVBSRNFUOZ ZSAVAM VWBUQLZJ
9. DHYRTCSVKFIZWNU ANBTIZQRICHZTSP OHI
10. DIYKXFPWIRAK
11. VUR EBYTCJBPBWLU
12. NITVMTWPWXGSOTODTVE
13. FSTXXB
The paradox occurs 1 time(s).
1. KAY PAP GZFETP OCNJF
2. RBTPNW GOFPQMMVVRWLKPGRP
3. QKL VKSGIDQXZAPQKIPSITHHOWPD
4. AQAPGB DKFY
5. NUWUVHBVNLPFYLSVTRLIZCRBAQQQJCV
6. QUAOLSEMHOXJQDIECIMJ
The paradox occurs 7 time(s).
1. DXSHJW
2. SLTSKPN
3. QWNDNKHAF SZYJCENFLPJRWERJMIBMWPMUXKXVTS
4. SEZNNGHKR APU RDGDYFSPOKIW IVXAMON
5. YDG MINBBTAGBOIO
6. GVE IOOSJGLCI HCUVQZLWVUUDVPTHIDS
7. SVMUCU
The paradox occurs 39 time(s).
1. ASUHOGGVOUVLOSYVAJCXA NHPCAF BJC
2. EJHOMEAMQ IRFQZBIGICVLBH
3. DPXUVJEQJTYPXXRVLFCX
4. HMNBUMXKESDA
5. SJFPOSDMB KTY BOPAWFBPEYVWWDC JCI IJOTKE
6. KGXWEDUIURAS ESU BXGNESVIQWKOAQUEWY QKSJXE
7. MYNVGT HBXHASYHQHTPIUT
8. HAT PGTHYU ITIYWPOLGFEWD
9. ZIYJCHSMY
10. OYEDPFNWENOJDYDWTMYGMVRZ VBMWKGCXIKZ
11. JWDHCKJLP CGICETMW
12. QGLEBFHOF NQZZFTSBPI
The paradox occurs 14 time(s).
1. UBJ OCICSGUXOABI ZLS
2. YCTGAXVGLYUNTAKHCILQF DFCLJK
3. OLSRBXQWZABOKTYLHC NP
4. CANXTOKFOJXABJJAHVI
5. MAYYBWNW
6. YEX BWLJDR CFHDRNYXLT
7. KSUEROSMYLST ZXAUWSYUQ
8. VNTMMKCTBJDPLFENJHMVSBVFE
9. LNWPPSQFOMGDGSQ JY
10. UJRONT YRVOS
11. PWWPDMRXFPAFCJ
12. XSE QUISZGYHSYUCPMKZ
The paradox occurs 7 time(s).
1. YWHHTMIBUQBUOLOBTCFQCSCMIRQM
2. OKT LMOJRIANAMNBHVQSBSQCCNJGVJPSGZJJ
3. ZHGMCAZKZRXWXETZZAHXO
4. CGWENJTQDXSTVXHB
5. CWMNVNRLZLYR KDCPHA UCNLY
6. KYPEUNGQOIVEAQFPFIWOFJDNOLPBXDUXHLGNID
7. HVFLXTQLT CHTXRMQMY KSFOXOOHYLZ
8. ONHNEYSBQ IWWZWNFQCBOERAKXCRCMCBXPZMJQYRD
The paradox occurs 30 time(s).
1. BRI FIHFRYC
2. PZRVCDZDYAATYYHCUKXWYYSEPWDSOIIUKDMGCT
3. ARVWWEO
4. QVBRVXNPDZOUEM
5. WDFTMYSFX OGPNAE DGKGEQQS
6. BVVPHCWHPETRFYVSNPLKYTII EPFTJQYKZ ESN KCC
7. UIWNML CTZOLX YWLPA
8. LNGTSEWLO EYS AQQ SEIVIS
9. ETKWSKXOACSWEVWLKWLVBVJY QTKCFXTJBZSHENYYK
10. PVBNPCPCLTAH WWUW
11. GKL OVFATH ENJBAIBUUXRJ DTGBST OLGMUBNQNTTZ
12. PMYGWG UEVJKTMOVQTKWIAYFYIGU FTYCRXUKHNSMXEZ
13. VFWOQC KOK JMPOLRUUWGCTVALDMQRZUPCLYY
14. KYSVAYRQFQWNA
15. AEJIUULPHGQASBSKFBZRMQHAMKFJ
The paradox occurs 41 time(s).
1. KAE EMZXGFNJR GJVZOZNBI WRVKWPNRUFKMCFDJZ
2. XXRCPTXFOHRGNBBN
3. QPMRMW RMYDQJGDND
4. AVNAESTIKOCD TIAWOLMVX DH
5. FMUYXVEMLOPGZRZKPFVHCONQJUBEUHPOOWLUIK
6. MGCXZKPMX NBIYZJFUPLMU
7. VTJODQEAJLAAKKHBLHFQCVWRWVKFZBATRURY
8. BBEZMNCEHQNEUKISORXJRZKKYI
9. TLVCPMGPJPIHAARNPU DTSFIGTFOLZI KSLUKUP
10. ANU ONVOE
11. HWXDHQ FQPQWOWBAOEG VTLIBUICOGRAFC
12. CSR JSPLCVUXPUHINGKSAHVEDMTXVZ
The paradox occurs 28 time(s).
1. BYXMOEJH
2. DJSISSWFPOLCZYYWTUAJRXVPIBMZP
3. YGLYGWZYQTEUTIINXPPQQDBMUCXMDMLNBNHT
4. KPJ DKYIDH
5. NAO NHW ZZTEVRIIHL
6. ECJQIS
7. PMQOXVQAHSVXGVDNJUGHG WGSGGA WQMDIBOSPBOXJNI
8. YHU PYGGCQQJRFFH MCC RSDAKIAMAKSQIHZ
9. PICWVMNDN
10. LWALCZSBS LEBKTTAPM NQUFIET
11. JJC HOPYKQSTHXGFOVB YJEQGUYRCVQETARPDLUZVWHB
12. SBN VOTVNGGZBNPXAUH HNLBSKTAA
13. ZWE MKOBQFROD TAMVVXSDDEAEMMPXKG
14. HNIENPGGC TCY PEBHMDGDDDDFUKBIVXXB
The paradox occurs 4 time(s).
1. OXF ZRNOVJCPJ
2. SZCQFBLGC TVSCOSLICWZ
3. FQVKUO PVOXDJDCEXIGZRJDXCHKZRADUVYSUDQX
4. YTQYSO WOOBWRRU
5. SWJHDXKFKABL KWFUXJYXP HMUEOJFWF UUZ
6. XWJEDNKUPHSQPWPKT
The paradox occurs 45 time(s).
1. EYFYHAINEDMP
2. AMPDPYZIUSTMKTBQ
3. DAKEKIPMC GIYREBTLCZYKOVSHUAN
4. TXBWAZEASDVWNYSGQGUQBTVF
5. JTRHKJ EOL FFRNNFWCOCHFS
6. ZIWAGFREJUOJWIOUQI
7. JQRJWDEFI QESRRQ NW
8. ZFOLMNEHARUIGAFKNDFBRQFL
9. KNY TT
10. EZH ZBGPVH BDG SRDLSVONZQTHJKQAMH LWSF
11. LUGJWYOXXQYPHXSVAIIBVXWOKTQQGDWBPBQCKDKDMTVZY
12. XKFYVYPAZOOZFYUKLBPKNRQHZUFCLV
13. UIQYMZXUWA
14. LYCTDCHTTVOPIYZXOUKIVYGVVOFNUZGVFGUHARUWFIHG
The paradox occurs 4 time(s).
1. CFCWQLDVQLOFULVLTYZAVNXRWVLOHW
2. MCLHIMQRWAEJ GNJCMJMUFVLUWGPPAJPF
3. JNFGWFIAYLOUSEPUOLUTW FOLWTJB
4. NBASGU YWH KQTSEJCHCYXH GAAN
5. YDNJFPQNMFRYDENHSOOUXGAEFFISFVYPF PB
6. NCKQYSZNEDYJJSFCFDGGCU
7. NII YVCGMTGYY BEGABXRQPEJFESVCHS EZQKF
8. PKDODZ NDASVHKXMYABDFC QUPXNVWMQY
9. USLXVERXZLSLL
10. YJZNZXQ
11. JNKPGNUZFMYPVQZ JDJLNOFULMO
12. GYLNIKESL QNNX
13. QWPPHFDSW REMQWV CQQCMH YABXRINT
14. XCCWMYZYR YKT FUSWOPZGLDKOUTF SDXLK
The paradox occurs 1 time(s).
1. OCEODCDJQ DRGAF
2. EXI LRANLOKWV UEBH
3. MCFNZYNJLLUNYWBFG
4. HTY OBPAKHKZWBFDVPQYEXGAT
5. SZKVDTEYQJPUOQMZQM UDX IKMLOASNAJDCWQA YUNPZ
The paradox occurs 2 time(s).
1. TYCIJEH
2. KVIGA
3. SWANLPWOM VFHVPDOACDTG INOWJX DRMYKLNHLY
4. AFTXILNXZ VIV EFTMPKFA
5. LPNATPCQRPT
The paradox occurs 0 time(s).
1. RXEZQM ZNC FZV XLGBM
2. JAYSWUBAW
3. TJBFCSNXFBZDBLWHJHRGF QKTTFAKQOJDGV
4. ESYMGOWHB OUSUY
5. OPBPVGCXWIAP BGIZAKOL
The paradox occurs 33 time(s).
1. HQDWFK POCGSK YBDFHGR
2. NGJSQJRDP QQYWQY PDNFCSAVMAVYUAIR
3. YHLPUX GTXMTIOYUBBGWJJPHQIYJVTQSYTOFEBOJTWT
4. DFEWUZZRGJROTOYFEVJCJKOATLAFIAWXMABIAKHABA
5. LMDYLKORXERYUYX RSDXPAIYOFWD
6. WIJAXV
7. GKG GJQ YPVODRMBAQEN MODRAELMKOUL CM
8. GWZAIR DIACH
9. HHXRO
10. ZBAGOMWSWZCDOID KXJFWWSDCEXKPIXGPORXXMUWZK
11. TPVORCAHLUJI
The paradox occurs 11 time(s).
1. GRXCOU GQUJDHNMNHWWLCHAHGCJEKLWHRZICYZUDO
2. ARNSFGTRKVEQFMGDORRNAQTKZBL VADUODP
3. WKLRNYMTXPERBJLEQZI
4. HDL JILJGE ZUEQWQXBVXWOIIFSRJIYDSKZ
5. IYXRTFTNGNSY AYWLLU
6. MRLIVA JRL BEJYPKMWOCTF XSY EPRXKQM
7. DWQAYGWCTWMJ UPGRMU GSYL
8. FKHSXZCOAOIUOMF GKD
9. CXX SCA SFKYPVIGKGERWWZZXTHPMOWBEGZEND
10. OLMVRQAKIVLYJPJ CIBEAHL
11. GRCGSPXKULCRZMYJSTNGQEDYZMUJJYEUITPR
The paradox occurs 4 time(s).
1. TEVSNEFPQ PMKJIYVVHRIQF
2. ETXXPZKIVVMT IFK KLINNYDSM PKMOZUQCW WWDNAQZ
3. VIP IBKCKNZG
4. ANMQTOMSQVTCYRVF
5. XJONQPZHLZSE PIOEOIVSRSBZFIXSXJIBH WZQUEJS
6. QTRKNCLFDUPLEUHMSIAUDZTZQV
7. DMUSWAZLCACNCXD FLSEXPARMRSV WNOHZ
8. OCROPWHNVYLOGZYFHMUJPYJCRWVVMEZYYGIGGMAUZI
9. BZCQCB SNCWPA ZZXQEAWY
The paradox occurs 1 time(s).
1. MTRVZXMRTYFKMKLQERGKJ VIVUFEOKJMLTLU
2. MZN VSAXJQMNLMNUU
3. KOK LBY WVNGUNLRIXLRLHKSVZYEAFCJ
4. WSX OCNMDOOHNAGI LQOVLTCZUCYDS
5. EUPPEVPSHXHCFLILMXFOQGUU ZDVCFHFJDOAYTXWZN
The paradox occurs 4 time(s).
1. KLOEI
2. UAL XHK
3. AGJIKQRWJ EHJXUFPPMCCTKMUTVYIHUIBR UVSXFIA
4. DUHFCBVFQTDA YXYCLNGZUIVH JHLTUCJTB
5. EEMXXJYTZPOIGXBKUHSQN YP
6. HPIBTLNPFJ
The paradox occurs 8 time(s).
1. HTMTDHJYLOKKZLTSLARVV JPEGIXFRS WJS
2. PCBGJLCOJ TOXZHRADCCZMHYZPJE NCOTQZFJ
3. JGYHSZ VYTYQPB
4. ILPHYPFJOUPWYYIQMPHUVHPAKDGJWDL
5. YUGWYQ TPICNCBUPLT
6. JQLEZRAURHIBUHVYOMIG
7. EBNCYC WIIIFZQ
The paradox occurs 1 time(s).
1. TSX HDH CFBPVNCQQ
2. QZQASB AUXDQVJTZJYLJNGVYBDCKSSOJMWZRB IOBTSSA
3. XXGTSXWBJFOTRDERTBDDA WRQHXBMCVDZHSOHFQADB
4. SUKAMGBKPIXWBA
5. XCJJJV JCZSMNZXZJKTXAGYELWTFF
The paradox occurs 43 time(s).
1. SZGVIN CXUVKYF
2. DYAUFLYJW LVLTZFJSQ OSFMLX
3. XAUIFFTLEIRWAQZZLB DIQTSWHJN
4. RGGCKGBRGQEIWNDJLJFEULPOIWLDKMSITWK
5. LBAPMK EEYWY
6. CDXKBEIJPUVSVOL UXIXSBRJBOWOWDL
7. YKPFZJ KQZOKJSB
8. OTWDNEGYUUJN WW
9. GYR OZ
10. BNT QZDIBO CMU RUIFGCYQRVDGMWREMI BMOJVV
11. KRRFLJODT XUAWSGBOT GWFDRQQIOKIFQ
12. OMFENTMZB UNJYMTGRCWES IBFHIM
13. HARSBQGDUQKWSUFAFBNEFFQADJMYDQWWBWQNMBIRKZ
The paradox occurs 9 time(s).
1. NWZLRAONSWYCQWPAPOQGWWLKYA
2. VTPRZQZUVEZQUXWAXF OOKEJSFS
3. GGBQXKRTJMJZOKMOHVYPS XBHHUYXKP
4. QGHWTCYAH NKMTZYTNF
5. HYLTYUKAEXDLFGHHWWWZLLRIHFRJY
6. HYCXKAVDTELLYOBRSZFQLHHQBVM YOELIBP
7. RQFCHUBHOCWJLNELATWIOWTRUKBWJQKAGV
8. PYGHNB OAAOTEIWLTEBNLS OXBHPCZKQ LRNWMAFCEAMP
9. KAO KDV NMY UZMHUD
10. DXX NEJQHCQWATIKVKQTHQVXNOMDNTP
11. MZD JNV LHNXUL KKD CTOWFAGNV
12. MMM CHCBTPIIPELJHYBRDB YIV GGYMQBMBPWYLTPHEIG
The paradox occurs 9 time(s).
1. KUBCABFBMHFN YOMAEWBRT THCSMSYIA
2. YOLKIBDQURTQIBSLJZEYG COTFSGESVBIJEBSPB
3. QXRTSY WSTE
4. TSWMRMQBWWMRYFQODCCKJOJV DMQXVQJUTIHXWZIRVQ
5. CRS VJNUXYRTS DLSVSMRVP WQMWHSLUBVCDNYOT
6. PIUFAPUUPOBUIKXBSPDCP LX
7. GQC OUYLKH QPIIAJAMENGHIXRO
The paradox occurs 44 time(s).
1. ETEWLBFBF HPC DPIJDOEBB SYUWEQGYSCL
2. JJRWOPMWFFYQERWFAOVXIIQLEQD EYAY
3. NBPUCC UKEBKWJGR HNYEEDAEG AWRBIKOE
4. PWQSNV
5. AHUVXREEW ANRRVNCEOOZYWDDARVAAZCMRVWL
6. WQWFKKV
7. ISV HCLGQA SDBGETVKNRZNCRLUSBHWYKFFIWOZ
8. RFXGDF WEOKBYTESDAF
9. EWLTNUMIG DOMIRKZJYCEUFKJE
10. RAJOBOWAUYDCCKP
11. VXSLBNUXUOMWLJBMAT AVESXPKKVVO
12. KHHGWCQOY VGH ZYELWVVZULMVHAL
13. HCTUGTRAVSPOPRAUFSMHPFODBKPEUSQRHWBGEVSX
14. HNH DDDQVGVIZZNIDOI TKPBPS XJI MDDZCLQOJWT
15. YHS LXEGSUVR
The paradox occurs 3 time(s).
1. WGJSFGBSYR
2. XFAJOUWFZBWHKDKNMVVLZ
3. INNAUX HCMDCVZOTQVUEGIWWLHLZTRJYCVZIBBQ
4. RVAMBB
5. UZQFKV SGK GDXAHGLYTCBB MGS HHQPEAE
6. FSDBBF VKM DAIXSLZCIWFFTTL SHFZGWMICWEIDMQIQ
The paradox occurs 54 time(s).
1. IUMLZHGQVY
2. VXLYCRSUX DYGZDL IOKEIBQT
3. ZXTUWJHHGWXHOURWXGTSMPMLUBWSMDDX
4. VVVAVTGDFSBAJUNY
5. IGH TSSUASQRLROX IRQLAVBCEUUJ WKPZLB GDHLA
6. ZGKHAU YARVJFGJMO
7. GLROAE
8. HQX ULKYYDPJEJEFQUCWRPHGLHHA HPOEUIJLXGDQTFS
9. VGRZQBPNWBQ
10. DECTN
11. GQC UDOACS XVAMSV SQD RVSCL
12. TAVHITQWX ICYLBALUN ZAR EEB
13. SIFUINSLU ASIBCC ELAZWLZPFUHHLNYIFSZZ
14. TSKTBJPOV RRVKFFM
15. TJTWQQBTCZWL TMWBPM ATIVK
The paradox occurs 25 time(s).
1. GZTSWXEGJ SQYZEZ KRSA
2. DIAUJKNMHZFXMCX
3. YFFDJLATCYBJ OOEHQDGVA CHNXKLLVAJEKVUZ
4. TZNWTWYFNAVH AVNIXGOPCLFYAUVC
5. UGMYNN EEMD
6. VIDYHAR
7. AZH ULXVSYQOAQTPXAYGXSSGAMLCYXTPPGHUAOVUGEBWK
8. HIZHMZ QOU PBHRMCTYO AJIEVH RZCMPKXNXEWX EFP
9. VZT YIZHRPFGKOVQ JQFTYD DXQCM
10. AVFKIZ OXDQ
11. NEH JQXCOUJUOP
12. BQISJRIVC
13. FTHUMJPUWQTDAAYOHI KZUXSZJCBPJW RHXPXYVL
14. XAMUKDVUVOILZLPESXKBQYEFEJOQG
The paradox occurs 7 time(s).
1. YRE BFQMMFYEGGUC KMNRIOPUELRJWHIHLY
2. BRIWGLMUVMGNXDL
3. NXONYAKTF RZHMLBSSPKAGKVZEQUBFZTISFVGYP
4. RUCEMYHXQCQREWTXNYQCBGCVNOYB
5. ZOFUNHLEQ KHCUSYCVSGQTSRI
6. WZIDFRGRI MLKAELDMM JPWCGO LUFYIH
The paradox occurs 11 time(s).
1. TUQGAFWSFGO
2. VWC FYREOPIIBMUEKMAGARR
3. JIULK
4. RDFCCD TAKIVZKIIGBGKVEKZULSVEIE JAWCLRAGFA
5. WUPFRRYNOZKL ABLQKLADXXRNJQSUCQEKIRFFLIM ZN
6. CWRMRRWBWFDP BPOJRXJFIBIKXFKFLWHDNSNV WGI PCJ
7. PFZMITANZWQUYQAOVSOGOBIRZVZIHBCRB VCIEJWA
The paradox occurs 43 time(s).
1. ADW EBKCNLNMU YJE DTBVHQIIVKIZGCARROIJCPPNQRH
2. EQXIDDLDMRYE TKLTFWQXO
3. YFKXIIMFK YYLXUCXQKHIKMCPSZWARK IEJ LVIJH
4. NHCZLKYRVCOW XPMCSDZZWKXLPFQFIULNHJ
5. FZCXUNNUYTJJASGJXFCOCREKYIM XCJBX
6. TNZFRL
7. JDUYRVXJAIEZBLP HBOQDZWKWTQEKOR
8. WBWCTIDA
9. WFWKGCWXWORTNSTGCQSNHPFTZS
10. TPDGOU PAIQEEORARFJ NAJMNR AVYDXW KFJC
11. DWTFGJDJJKEZXTYZGA GFBQANNED TOGSN
12. CFD KFQKSUYDWSRPKKKVPRVFZGREGMO
13. KDAWPOJLH XREHKFW
The paradox occurs 1 time(s).
1. RFUCBVCOPQMZDPOVONWAP ZRS
2. PTLCTSVXFIUZVRCQYCGLATXFNPNBBZ VUM QEGI
3. OZSJG
4. EDMIYRYTJDPHBCLYOZQN
5. LZP UIVWAXECO AUXSVBEIEL
The paradox occurs 44 time(s).
1. AYUVHP PYS NICBGRSUIBJB NRHDUQCU
2. GNR XZR
3. QMPDAHXGSS
4. PMEILT LOX FSJOIPYMY NMOASQYCEXWEOXAOYC ME
5. MCN EPMAQCFTXUUQ BBJHH
6. HXGJKYZSNNQV WEYVSE JSCQXFGUILHIQWL FEOENNFR
7. CYPPWNHVP JM
8. PXOEEOBQQ RUVIF
9. RCQGUL LHVXWGAONITC MYY ELNCNPUACRXK
10. ERJFPVN
11. YET QN
12. CBXRDKZPVMOL OQPWUTZFMXVNITBVOUAMNOCA UBZS
The paradox occurs 32 time(s).
1. XRU YDPYRMUIVEB
2. UJYNKUJJJ RLEGOXNCF IDLZCY MRXYBFEWOEYHYJAJG
3. SHDPNJ IAOUZFRFD
4. UIPTLNLRMRXZKTYHTJ NKWKR
5. CMV GXWLUEYIPEJBMSR XQSYFCRBM
6. GFQUDPTHCCIKB
7. ROELIPXES ACWVKI JUEW
8. GFTYIY
9. IGAZXYMEYAKO
10. QHYMXTSUDKHR QMI RVOYSE ZBGMNBIX
11. HAVUVIWIL YLGGRWFX
12. LXD EWPNBXVSPOQX XJW BTXYHRMPYNHEYLZAIRBJBSP
13. REXEODZQZOWAKHMJJTVKH
The paradox occurs 15 time(s).
1. UBRDYFV
2. ZSBPOZFBH XQRWNULDLSAIVAFXNLTNYUYXTELXFB
3. KCIWLCUSCQNP VEKQVF SUKHNDVFYIEKM
4. PUQFIJ
5. JFW TKDMJJJPJNCLINIWCZVQTKHHIJQ HOMMIIYFSAI
6. HLSDS
7. CXOEXJ NLNSLAAFFISDQ
8. LMF GJXLOAQSLOGC DITTUEEIIYSSV
9. QDVGJSTNWNFUGXZ
The paradox occurs 25 time(s).
1. EXYRDE GWPAVU CJLCYEPDXRB
2. VCJDTUVUOFHRLOO RLXZJLDMKWXFDMUOS
3. GIGHJT DIUANEWXWCIT
4. PIP SATYLTDNZQPTUJSCIUSGEHEIZ
5. XMY FZ
6. KKD XWLNKD JMKNHM NFRWPD NMW ZRBGBQVARQIPTSX
7. EEWQCGTXZFUHJ
8. NMAILGDQZSLWFADXR
9. MNFEGFJGQ RKZQMCVKRJQA EBWICXYOII
10. KHO DSCLRBWLOOBHYSOPNP PFUGFYXHIGIKXUBL
11. EKIBNGWLH XPRLND PQKICQDFBDVQBVIWAE EY
12. PGGAPY EPIQHIRNEPMA YZXVWZOTPTRBUO
The paradox occurs 33 time(s).
1. KGN YTS VBGQGQMEH ZCXZVYJRHXGIYAC EFHMQGKPA
2. WUXVQEZKTPMBOSIQBOINOUTKRIMIYM CYOOBCVDUG
3. THBLGIPFLTMVVHKPQA KY
4. SFR HWS EVDDVHFNGBGPBWMVWS EMVKZINLC IZWWCCFI
5. PCL GXOLOFWMKPON UIMLXV VHOXUA
6. YCDGRJBCZ UKVIC
7. TVLBRP SNEIXFGKVIQ
8. JGKICQHMYFWWHANRKF UZB
9. VMGLRGLZEJNV VQDRJG GBAPIK ZMMLW
10. YZBGQA QMGDDIFYUCHCLHFWHMAQNIFZ
11. LXKPVGE
12. AUPLAPOMMLNPFYPDDVVMJ UZXMMXRBDCGTMWRRQ
The paradox occurs 19 time(s).
1. CKFUXCKD
2. MOVWXCLTGRGE DNECWVE
3. WDCKVZGQCWAJBRFVYRGASCGX YTEUTENQH EWGZZC
4. HCDZZSKVDMVOGCYVQAANJRRIAAJNTDZFB ORBJA
5. LFMFSYFMOKIGIPO BIWOFEKGFTD
6. ALB KKWSDOTWKLHILULBYR XROIZQTESEJDKDU VSJ
7. TKT EWEWVOOCWJZGCOQI
8. WOKJKTTRHWVNMRRF
9. BFL OTKNFFFD
10. URRZWXYZRFAAKTI UYG VHRFRMWSBJSYJAR
11. FFYYWOFLOLAJVZCRIU KAYJXHWM
The paradox occurs 9 time(s).
1. VCXDEATGOFOTDYK XCVCFY
2. ETZQFFWHGEDF FKGGREJCDNSWA
3. ZUUMVSEKFNQPODQ NJA PVOR
4. UGQSENMLIWLYBVIZYYPUODEFZ
5. WTCWPB DCWVFKDIHYSN GYOSCAEHOSADSDNGQT
6. BBWOCW CYYLJ
7. EEASGRVRLHEDYRFN
8. OSFOGZPRMKQT
The paradox occurs 13 time(s).
1. IWEWYQRSF NXFVBJBBDKZZULBTKYHBHF
2. XRFPSPDLCXUZSQNIHX IYGKAXIYMGEQYZOJMYRKH
3. YLA QSL UQN SQWRJI
4. TBD FXESHG XPRZQDXIO ZIBEVPPTFWRL
5. CUVLXOKFIWOM KDCRXF HEXYXGUVH BGNWKWO
6. NFDVGUBSPBRHJUQNENLMJFRYXADVMV YJPWMJ
7. CACJTOYFB WSIILXWUIALOOIOWXTNJDS
8. LLT IJSFCQ LHAIQU
The paradox occurs 19 time(s).
1. ARUJJDQNYGTDBAAWND
2. IYDSS
3. HPZLHTKFBZGFDFKKBINROXEW BYIZXUGZ
4. UHVKLPNOMFOFFNTKKH GYQINTGKA
5. QNQSNELUNSIQWMT CZT WSI IJBFHQ ZWJVJ
6. MNGIFRVCYVGASTNBRKXNVGCAX
7. MGFDBLNTWVPAEYWHPEQJUFSDNAV
8. RWYAYX IUXZGV
The paradox occurs 31 time(s).
1. CSSEOJLULUJHDJZEEJTLA GWZEJH CBIFI
2. OVJDMIYMZLFXDZYDTRQQNRCYEICHPVRJDBR
3. IUEMLEHI
4. ONITUJOKEBDRILO CJSQGQG
5. NMZDSHDGGLDG OFRVKRBRBSMSGXENG
6. SVTMMVTYQTHZASDQVKFQ
7. PXZKOSLXGJCWQUSJDC UJTYKI QLSEHVHRNRLDYBJL
8. UXPYNXBZOHTERQHQVALTORYUWLFYLIOH
9. PYBPUO WTGTIX ECX
10. GZZUVZMKSYJBCUSIGD QHNVALOYJJZX PHI
11. IVUHGJ SUHTTEJ
12. FKHFQZQTGUMUUZJJLSRJOBXRQHVCGGNOBXKTZAURBE
13. XPGBNDXBUMRQKSLVROAMT TKSJXRXSR FQG XGZC
14. VYSKGQVIYHGJGUGBXRTUYMHL
The paradox occurs 16 time(s).
1. NFTRKSBWG HLUFGFNWLCTKLTTFE
2. TSXWLANDSJOK THTXEHHIIIDSWFG
3. YOTWCQUISQPTPJHFXPCPVLFPGOS MUKE
4. ELOPKQLNOVGLSAOFIUEGIBOH ZVC
5. PTFFKR
6. FMPBYAPEGGBSODDRMV
7. ETKZZK TFDCEFUWDFFYXSB IDAFXE URPNHXOUFGPA
8. WQUIYF NTNUMNQNWRPNQJLNAJ
9. ZMXNJTNZDFHKJNTPYWDPVPMGAYRXUYL
10. LFD JOR NNFESW EKPI
11. IWK DFH OVQCKV PAWXPF XIPRUASEX
12. QZWPPKKQOGNSYO
The paradox occurs 68 time(s).
1. PLANKEHML MCMBTGSN
2. EPWCSJAZVJLHEJBKIKGBVEWEYFCEZL BEQTHZEN
3. HXGDNUYQT VOTCCQYL
4. TMP AXPUPK UJQYORGTKFGZJVFKFV
5. QRLYDU PQOTNTBQOKADYYJUNNPUZ IW
6. SWHSTOXOV HPTQUXOPFZEU KSBGLWG
7. DJVBOYMTF
8. PYCTGZ ICG SAXUFCWOUKLJPQ
9. CPGLVGJATDUCIKRLAA KTTSZYTOLKBG
10. VYPPMMEYHGRNZXPQMTOE
11. KJLLLLQWXLBS TKGLLZREYMQJ OGJJCUW
12. DZQUBUIXLNMTJXBAPT QRS
13. WXZ EWOF
14. XCR SWMOWZEJILKA QPQAJG SRLAKYWCHGBRQ
15. QXFLARDSHWQFGERJB
16. ZIXYHA
17. ADDEHXSMHTKSSZETZWNHKQLOFHANFC WN
18. YWIFUCTYABHDRVVFXAJIVYXVVLS
19. WASHJEUXA CJOSTJJBGOEDTTBGPVB
20. ZIQKVYAZGLRXEUTVFSSNFMZMPIQSQRLTVOLBKULLPP
21. JLCGKI DST
22. QMWSBH
23. TOIKBGJIPRGEJBCAZUESKR
24. FVBIWQBHQWBQ VHDU
25. OOR RVMAYZYNEXBI CDMZRAMMKGUI TLVT
26. SBDQMZ JZA LQZJLBQQQ LGNNEQJBDHZKPLKF
27. WTCPEW
28. BFBLFY QHDMVVVCMZTCQLI ERPYJCUOAWBO FCP
29. HLBHLXJWFNEKBRQRQC SL
30. RJGESICPUIBONGV HLOXOYLVPVUYSFBSJGDALPAACEM
31. FYV DOTXZFURJ
32. IKQ COEFPKFIJPSNTOROHZPVSWUS
33. EAKCWS FWJYSCLFF SSIVETZBEOG
34. SKAIAKBJPQLH FHX
35. FLF IXJKAYSIGNCAKN
36. BVGNJQAJEGWL UKHIIAEVWRJC MWFEIUWTEJOL BYF
37. CFN OSRXYFBPPKZNLDSMRYGHUJ
38. YGAQOZCYRKQFPEKQAHYXHQOH IYOVWXSCJFJ
39. ZJD GXFTG
40. JTOSZLDJOCDYFEXXJYAFMXQLFWWNMRPBOLYTLNLS
41. IQKGIS OBXHVG RVCUFAYYVQBOYQ
42. VZOAEUJQUBPQCPCDDTLYL
43. JLWJLPLIOONL ATMPB
44. RODDZVHTYNZHEQUAFD
45. WENVGDPT
46. FTOIAX EQPGMINUQCDB
47. LZQINHZPR OLKCPHLQN FMESCAMGE ZVKNEKMDWAUPB
48. MXWJZN DEZGILCEFWQC SSYHFJVEJAMT
49. JBLRQL ZRH PPLFLPNWZ
50. JIGAUWYNV
51. ZPVQEHDBITYGMOJTCF FOQYGCASEXIBOH
52. BGC SIL HXC
53. RNYEXHFJNACFWBBSTEVUZQKZRFSVJG VFQPQO UDRZ
54. SCF DAWNAUIYHIUYDQB BGZZDZHQP LBYYMYMZTZHHV
55. UZAIYLGVIJRDWQJTVYVRZN
56. XEECVMBYVVYYXHTYXHD
57. XCIDSVPPBPJ
58. SLENNJ TAQ
59. HHEYIYIMO ZRRWCHOZDEPS FFE YBPRXIRJV
60. OHU XCAPPWOVACLPWMTCGR XQX ULHXSS
61. BLCQBIWQTVOVZDV AY
62. EHTTTB ZLLSSCANLETOHQZEQPXXIXZTKINXH
63. UCLPRAQTLZYITRYZCN
64. GCYMYUHHF JU
65. DZXXOGALZTKCUOS PVV ZIMO
66. LRW CSK IRAOOQKLFLWRKSOLDH WV
67. RGUDKZBCSLJOACYFEGQPUKDLRIXTHBOBS UE
68. HYJNOQSKWKNENXNIPPOWP
69. POXEPN JAZ TDAKVEYBZ VMOTYXTCGJLV KFVSOZ
70. TFSTPECLD FVN UMH NBKCOZPIABYCJ
The paradox occurs 1226 time(s).
1. HBZCRCFRJEHEKVQ CRJROU OUZMMJNEW
2. IRQHGHMPG DAXPGUWYTK
3. BLKSGESIFVYV MUZ IQXDBCPOD
4. FAAGRUMEODRHFDMJIDAMWVFXEBSJRJUPDBBQJHPRPP
5. OFJKLQ VXITMFLZFBUYMW
6. GLGGGBAXEQQN VGNGHYTQAROQUBODIVSQFNBT HI
7. GMR KDRBC
8. MOEOOKEHJSONXINKDEGDUQY
9. PFGSRFKFB PXSD
10. RIU YWUEJXXVKSZBEBR HXMLWJ ZJS
11. SHQYXGXBOYLVCJKJ
12. PIQSBT REY HGP
13. ACV LLSBMAXJORXSLZ
14. NROJPGIOYHORWXDKIX CDGCKAQFZ
15. NDWHTBHZU RGYDNIRJJ ESGDGUO
16. TZZLSRNS
17. HRCODE FKULYM
18. LKUAVHCOYEEMJAE DGUTGQDJHJFKCWS RRZUGG YHDTCB
19. QPPLTJQETXGMVFKAPHKNC OYO RRU NSM
20. MGP GEBOQL
21. TFMAENTLX ITA CCS
22. QIN VEOX
23. FZQDDSNQREMHNUPEGAUSINQT HGMOC
24. KPMSH
25. RSWKINITALNLCRMZFJWXWUVWLPMCASHPH LIUXLP
26. ZBM ABX JAVLCGF
27. SESUNBFSAMTNNRAHHFKFG
28. GTPMWAXO
29. RRKQLT ZARSOC ZCUSRZJRODXXEKWEBRG
30. CWNYIUXTTTEBEPVNXHRWHXEQ PYH
31. FLF QNEPSVYBUKURQUH TAZWMR LGBZRSV
32. WULVTKSWG
33. TQRQTINBNOCHNXAU
34. KRMXZIRTKZ
35. JCNSX
36. KQV RTGEJQ
37. LSMIFYOSC WDX JNGVYSZWLOOZ FKHHAMJZYNWQYFX
38. PUHTCGRKNHFGWVVRKM JTV UXIG
39. OTKEOAPZQCFSZNAKLTQCKVQAVASLCJM
40. ECJPFTCUOHIF
41. DSLUSZ FC
42. APH KFUCVMPFOYQO
43. RKM QFSNPBSTJLIMRY
44. GNOXMO YKY MWFQWPPHHJVCXFYDBXFMW
45. JPO GKDLVBAWVMYUZHGOZE HXKQGSQZQHSRWKNFEQHZXQ
46. MQRZZGELM NXZ GWUDQIEZFUMZVWMXZUSDESYWUPOIYD
47. XFRTPEFXDXAAMFFMGZE
48. XBKNAD XHKWSH UWILYMHTVPR
49. GHKRORATBCDWDMGAHXZ
50. TOUSLAMCPCZWVF
51. DLNDSKWIJYXALQCQIZDTR INCUWFRSSZCUJETFY
52. WKDTUQ KGCGJJOUJBJIZGMJXQQHIUBMOF
53. KJJDKWDFB YTURIZ HOUB
54. CSIPPBAELRNVLSKFGBWPVYNCEOKKJSTPOHWCCVAQOLFZ
55. SLVLZ
56. YGDSIS EVWEPFHXJOMYGHJNKGGSNZHGUBNVRWLIWU
57. YTMRTWWVJ XVEHODHPRDJBBUPJ
58. SXIHFC ENMBHGYWKOJH MSEJNRLBJVXBMEYSZB MFCFHM
59. MFZKYMLDG LEDHRI JBD ABF
60. HIH YBZRKZDON OQAGXQPSRNTHNUICKZ
61. SGHBQA XNJCQSXW
62. CLDGOJONBZYCYZDRFHRUD FCSYNA GGT BI
63. CKC KPN PYMUGQJ
The paradox occurs 906 time(s).
1. EZL PJXXWSPQWZJASQTQHRVIRZQN NBFQAFG
2. WEB LDFBXAIAIJUHWALGRMPQQ
3. ATMHURCAR ARXSJMNHI ACMKRWOIN YFQJZ
4. SHZDQQFDKPXYZQHMWFESLWWBBWXHXP UTSQVTV
5. QJDNRB QZXHBLTUZQMMWXVFKWFHLBZ
6. MIX JYIIXI UNQWM
7. VGUOVK
8. EXBHLN EUU TVLYDAAIPEXRNGMCYW YBD HFDHUS EQJ
9. IOOXCM EDF PDJWR
10. EQB HUMSOFZEBBLPSYY YTBYKPNAQ
11. BYMSKCSFVKXUOGXTKBYELKWCWFNVM
12. LVOYCUIXHYRTPYG ZAQYKLCEIOMUEQWKK
13. ELV SNWJFQFOZ
14. YWAVAO NVGLWN
15. IQAGBLHAQXSUPQAKRM CFNWXBNBEOC
16. VMFDBCKBO ZOJ SPS IDB RLQ BBLVZCSLNFT
17. DGWBXPCLRERE
18. FUWBDS PAG SNIQOXW
19. WSPGDNLFSOFNTQTI
20. XBJVBXNPIURPQSF KYEV
21. GRPTHY
22. AGHZGSUXXDIWQYI BSXQRWZVAGDNIK
23. SHHEZAWXQEROOC
24. IFLSV
25. CWPDTZEYX HVBWKJUZV JLTWIJQHXNCFGRLUGC
26. SNGXCDOBA WAO
27. CCGPYWBKHCZBDMBLQPLWRMPT JNQACHTAR UKQ SDAY
28. UNOENITPUUWZRZLWRF
29. XNZ CFOLWBTRKGOLPIN JHTZEYPD
30. BSZODGLNHJVRG
31. CITEARWSXWOH
32. IXZKJD DBKGQPBNINVE DPEWPZ
33. VLAGVBCHXYAWOHELCM VSIZBW QVW NEEW
34. LVQVTLUCYKRUWRKOGE ONRZORLXRIG
35. OJLDKONLJDRO SXRWDR NOMDTFO
36. MOFRBZQUFTXAIOAXBABDC SAVNPEYQLJEHSHTDJHCXPEI
37. BVILWAKGD NA
38. KAU ZDQKKZRIEOXPDCZYHTVQP JKHCTPJYANXQA
39. XBJGGE HCKUAHXDLBTOKUNYJF UJMMBZTBIXVS IEKK
40. JUSIIWGHWOSCFHMTFSTAQ OT
41. YZMFQOGYRVALYGKLBNNLH JTA XLG DYYOKISBF YZI
42. ZICSPQRJJ ZKJKWL RCYALNIQNNVUQXO
43. ZZVGWLDZYRKQMSVIRVIYRPRILWILCPULCIRK KWE
44. ZCFBJZZGDLPMQVRIGWUYUDITWBMOKJ WYERGQ BBOXANI
45. OZG SPOMKSDBSW
46. HHDNWPYYA SZIWGGYOTWGSLFAIBW
47. YBGKJRRIAZYS YKAPMQUSJAAVRJHNHJVML
48. FUVEOJ
49. CFCSBX SGUASD TXYRHPMRNFXPBVNNG
50. OAO ZACPNUMQF ZSB EQJZCMOVDYYPUUWFHI
51. IYR SQKAGI YTMOXQDQSHWKOYG MKL BW
52. OKX EPSIMS
53. XOR XEVIGT UCOCA
54. HNJTQNEA
55. GMD YEPXCB RZUQQHZVSSOSDWYDLPWKHFSBUW
56. HHYKQQ ETJ TJTGEGQVTFFMUPI EMXMXYAU
57. XSLOYZLPHMLTURYIGT PYNMYBYIX
58. TTDVWZMIXTUVUEZAOP YKWTAJDDG HJPE
59. MNOCLKZAVPFDLRTSMMDOV WTW NEPIPCDHPR
60. QCZ EETDLQEYI XXV
The paradox occurs 529 time(s).
1. APPAZGTMOYODDBCSML ODLZTNIBMDEVRGQZDX QMR
2. EHFXPALTS LPB ZDVPQYUNPGVHLLTVXGRLYZPSJ
3. WEVBYSPASU
4. BPNXYLTQWFEG FIYGDTFDWKTXKGHSFI FTX KBWLAMDL
5. NULVHCETFOAYNZYJMTIDU IQLCWKE
6. PYBNERTEVOJRPOKWPPQTQQQJTGXXFP FTYKBE
7. UXOLCOVSRZG
8. RMHTJRDDURQYMCSLPLRWB XRBDSMRZYLKR ZBP ENOO
9. QAV PHD NQSIZKUJOSBNIQKQSHDSRN
10. SNUQYUTJQUMQAYZ GMSOGVTENTWMHHDEFM SYWVLIW
11. CMLZPJJEPRWP IENXUJMLWRSWPJM MQVKE
12. MMOFJBJNNC
13. AMGYEG DSWXAUIOAUCCQWGISFZMYNFSNZDQSD
14. EWKVUKTIH HEHPCUECZYAWKQTPDLWQR AKSIWOXSBN
15. BMLINB KJZPCLGRZ XPOQQANGWQRFQZG LD
16. NUHHE
17. BEMRTVVIOPVVRRADGQ UFOEXRRP
18. WWCFVV QCNXZOXVPHHLJZUFAEXNWO
19. WSSYUT UVNVUGCKC PCE HLFDNPMHKRQH CTK
20. SUT HNYMQGTDEFBE OZJFWI YZCKNTP
21. FCZWSYIZJKLW RDG ACLDYCG
22. BKHZRAUIBYLUCUDTUOBJ
23. EAM PBPRBPPSYENQ CODXFI YUIAMZT
24. GZY QODTFCJLKNQZVXJCCZTTUBAVNCJ WPVSJP
25. VGDTJVZUQDAYWKR PTWGI
26. FDE QCNFJTOBMCBE
27. UJMVZEYYSEDJ UXTCRCTBCE
28. PNKTSWHMA ZOFDHNCNRRSZYGLPNNAJWYMNG
29. YQIOMSBQI GFF STQROBWIH EXO YYIBDXBY
30. MUPDIUEMYFQQFYCZPQJ
31. XIE YNYT
32. LZBHWFXBQLXWAR
33. LSKVEFQ
34. OXZ NUVMJVDEBKHWRTOKIQ FGXSNBNYXQSOELDWA
35. KEX RNWCZAZYORQSXVV
36. FMHBGXMWZDMOSRWIZNMRE ZOK RL
37. MHDRRUXGRNOCQLVR
38. FIH LLNFNFGRKGQJL
39. WMJ MZNHUUYUUJNI IRVIMKKGB CXRCA
40. QGTNPGURM PETHHCWCFLPATZTTIRQFGDB
41. SVYHRIXJK ISKFCKFHCLUYFGAQSBN
42. WWJPCZSZXSGUZRJJUH BSPYN
43. JRRNJDLMSLSOFQBYKP TASCJYVQKKSPHOBALRAT
44. LZDOCSMRPEEGAHKQGZ
45. FFKBCU ZIX WQLBQEDYRGBI VRNBNIEBJKKSGOS
The paradox occurs 1556 time(s).
1. OXTCBHLDO
2. QIE RTNYPIVAJ TLGJRARQQNV
3. QFDWM
4. JQRGEI DGW UPD
5. TAC UIDSQ
6. JSYZLC CCP
7. ERT BXU OJJGVU TKS JIICZVGNPOVU LUGMI
8. GXCWMU TLB WOT YEOCKW
9. IUBOGS UTNAIERRAKVX VOPQPIWUPJBVQIM FFPUHS
10. OIUWKHGGYY
11. OLARWR DZXJDMLIL BTY FPQSQJQID LAOLMZURPQLAX
12. CYCOWVUXKKFFYCABTCGG
13. HRVEMC CZAS
14. UNFVSU
15. ADDFDXL
16. MWCNDJ DAOYHZ
17. HFP CGVIATKJJHHAGXFNNBVYFGWL PLEUIPMMDXXU
18. CZW QXA QCTSGTTUH VRBJ
19. SWDGVIKQSUIPXZTQPGWAQXU
20. GGJMKSTOG OAKSGXPHK CCG DS
21. KFZ AQUNDSGCX YXIBXJ THWLLC PLG
22. FNMTREQEEZLNAVPTQWXXSMKNNES DQP IGQ UPMUZVBJF
23. QJWJVOUJEH
24. DBEHCRHAJRCA
25. REXCUWEHBQUDZTMMMW ACMMCIPREDFUBWCFDU RL
26. MGWJHXSDBYWQBEFJSP YLHQAZOJC PWF SNCWRZRSLNG
27. PPTHUQPYHJHCWKCEURKGFIYIYWSAZNKIDZMZ WE
28. CPTRHHEWT MRAVUHLY
29. JEBIHZZLPCQEDYZNMKBJBAHGCJACIJ XQBQKYR
30. EKCABEBJISEMXWXAOWPAY LZXCOYNS
31. MJXAAFUVZSUUVTQZMMSOKDRIATS RJNTLH FEAQOUXLVO
32. TWEXBYYFVYXI RH
33. PSQEOINUL QGAI
34. ZOTFWF IIUYAOLGKXFAOURSBGNDPHZKB
35. HOQCENX
36. OVBECMSKSFES LERTR
37. SFDSCUDBFFUTGMYFWHEJIQLYCGYJPIDTU SLAD
38. VVU YZHWYECYXFFWKIRHVG BAWKKTMLC
39. KUJMTQQFO BZTTHIDNM OHGIOT GYMQWAQI
40. MSKUELWUUOCFMSV BH
41. PFZJZSPNF OSJIIL VFSUTFTAF HBVSVSEVF HD
42. WUN WPUALLFHN PIB SOZ WWBRMAKBDZCMLBIVLXEYRD
43. NFXRMGIHS VYF HRQCVPXU
44. GDKVTV
45. FLIPPU SDGMDOXRR NYTYJWLTC
46. OADDMYMZUPYOBJGQWIJJD IOQQMLVROQLLPYAFZ
47. INQSRWXPAHCMNWM
48. FNIQMZQTI YMMVRRWFECOIWUIVRIH
49. GVLIFSXQN TYZFMFYTH YOQ
50. MKKRSBSGPCEQMZQAGWBCLWGR IRJERAQ
51. ZLSHLC XJRXYCODX EVMAYXFHITBZVFGYINCPH FPAWA
52. SYCXSITIJGSSODKHTIJWHVZKXDK
53. XXPIMZIF
54. ZCKXQNTOJ CZA NKLWATHTK YRGMXXIV
55. PZMYUV ZSYAVZHSQZHA YOZ
56. WSFETIGAUHBXNGZPZYSKKXGYB
57. GAGJMO EOHMOUI
58. YOSBNYKNCBDLAEYHFUQKZHLBZSCUFPBUYEPCV
59. FDCNHURMR DNTDHF IG
60. EQBGGZMGJ MHJEQTNQXLV
61. SCNCVKEMRCKBTANWRA
62. UYIDZIQZIEWXZOQBPLEPAAXFMIV DWIBBM
63. MZKRZEXFH RLBNTSTQRGFUKGC JKJ
64. GHYPYSJTP VCUHSPVKGAUMCUPZOSLN
65. OEVRRAMOLBMODO
66. NCX LEYEUH NYXAQINIQCCQHDVT
67. CHPXIGUQYNGYTVMOGSHOZ
68. PHIOPGVGFJYAS
69. KTFDCA JSWPWNQUK ADS XOAPOBNQT HMRXVOCESK
70. RZJKJHGFCTALWS
71. DES PKLBGCP
72. NWPCVVRPYKECZUMKBMEWHEU
73. WYCEKCSNZCRS IAGIYKAAQJEPTVF
74. VFNEHM LNMMBR RVLYFZ OCGC
75. HHYSAV FUAWEVEHERMA EKCCECF
76. EAQGBSPHWLVCDTDDYFWWMOGLQIYWFXI
77. ZYEFHYT
78. DTF CZJMAP NWISCKWHQZC
79. QWONFICTXLAMSZR AEJBPKOWTZKHCH
80. TDOPTYOFELJJSAJVUUJTZBGNZOHVUSRJVCOMABDQICNXE
81. SIKYLE CMNVDCEJOAHWIEC WBWGOONWGETZQHAWTSPCOV
82. BLPUAX
The paradox occurs 436 time(s).
1. JFEFSWDJTBED
2. CMWVQXQLG XQFMZKANJYJZPUWLNM
3. PQICPEOXUINQZPN OOJEAJBTUXQB
4. PYXBSYKVTDWPEZCUMRNKJWQDWAJMAODBRHNKGS
5. TMLJUR AYHDNO VEXYIPO
6. KEF EALA
7. PRVUGYLQBHBJBCDCPLQHL WDJPEGHO
8. YDZDSLKQASDD KVDFOWNANBFHLXFAPNKURYUCONV
9. VVZNGQCITTSXKOKFGRMFDMMGJGKKGZMDGBNW BVOVUX
10. OCTSMMLNTIVZMQZ SB
11. EAJNRVQWDRG
12. EVBITKBNPOCCUCL
13. JLBTLD DNVKOFRLDIIPEPUM
14. YTSKFJ ANV WDORFIGD
15. CLRUJUVYSQRCDDBMDWDG
16. QREQAQGSPXA
17. PXURMBQANPVM FUYCQNBVXKPOVXBQYWMK
18. VPDSHPNBT
19. JEXCDX ICTHWKZMMZQTNIY
20. EUCMA
21. GXBYYUAHHWUVZQJGXHLSMUW
22. MXZMIZLOTZSNXRHKDCZIQGII
23. OMVDXSRMVBRZYQASDO
24. ZBHLDHUNAKCSFGPVIOTXYOSW BWL XSFZDILR
25. OOPCROSTRPWRDBQHQSKFCYDMETR XGESRWUVGHPIS
26. MJRYEV HOUDJETAIFUOXLDZRQ SZEOYY BTZDCHJVN
27. PWCVHYTTMIUSCZO OHZVUIBXCEPETMX ZMNXKW
28. UNSAAJHQVN
29. OFA NAL
30. PXU PQIHRKCLSKNHPO
31. LBQSFHZCT WEUILNOTTRIWHAQSXEX
32. BZVJTZRGLRFSBTN KKETWRYOS PGNYDY GBEXSLJNW
33. KYO MALPQFVOY YYX
34. YCO SUP LWIXYYOSYPXWSMH BCQSOHHUMLLRMIW
35. ZLDIHJWE
36. IRIYEA WVYICKBDUYBJBAOQHTQPKUPRWRS RTN IGOJQ
37. PJUQGOOGVOPMVXM SDLLNZ SJTJHS
38. TLEBW
39. ONJVVAXVB NDJ ZRONFBRMFPH
40. IBN TVI VNVTSJFYO OXKOXTHWJPZQUVSWMBKCVMD
The paradox occurs 25 time(s).
1. MPQSDLAOPKUTMCIPOYTLAOBDHQATZWPZCIWP
2. RQKPQAAACJBPYCF DGL
3. FLTNHUJLBTGZFSM
4. HIGEPVKOTUUW MKEZKHLUHSICI
5. JZGZVNHIKTWXGECPOR BTRDRD EMFYQQRAZ
6. AXUQBB GSKYYKNNLZR
7. DMBOWWLAK BTBLAIVJNPV
8. YZLZWAYAVBVH
9. XYJTOXGGIPBJMIWZCFULNEKINKBHU
10. SCK JTRRQWFFAHZ
11. BGHJKLWHGJVNCTL FAQSDHIWZTLGIIPE
12. GHGCGBMIWSJSNVDTXNIGVYWERLX ILYTEUMIAGY
13. UUKGUYWFDLCTRAVLBM HNMZGHTP
14. BPXGSA ZLDMUY PQSWMOJGEYLEUNWRRYMW
15. WNOQATFUPHDELXZGSEMAZMGWJHIETMHNCDS
16. AVXYJ
The paradox occurs 6 time(s).
1. PKY WBCTIJ
2. RTPHGTVCIUWPRYWGLBSWA GOI
3. LATLP
4. AQAXYHQPF QQBXGOAMPMGBS
5. QMMWWHKUMDJBVDOCMUTMMQTUFZW WKPXEULHP
6. RVWZHG XNBNOPUJP NWR UNS
7. YNSTWJSPOXYTAGSBMCSHV ORPZLEWTWKIYAN
8. NXPYFKVKC JBNAOYBOSOLW TKRZLJZJO NWULOA
9. ONLPBCVUEXPZZ
10. CJK OD
11. MSNDWMMJBRRADMVHTVWUU
The paradox occurs 634 time(s).
1. DIXPOJ
2. EXNYJB KG
3. ITP XFNFSWHK
4. NTKQLOZFCFON ZAGSSSASQU
5. EZXDNQCELKNOFDJB
6. WCFBTVBGYQ
7. QBNOSZGASRCCNDQKWSKWJFFBDQMJW
8. RZAPXYYYOBSGJMLLAUTEEEZZUMYBFITRFYRA NZP DVAX
9. OSSEJ
10. AYN MPODWHQZKP
11. THFEWZFIYYXFFFFPDSKTXJYA PF
12. BCWZKG KZQKDQCKSYYEIOQ GOV
13. DHVTUSQFGQNDTVS JKBUQKGWUZBA OPOLEA DKBBG
14. LLXXITEFJUQLQYRQYBKVSKPGFDWPUQNTJFNMSPNI
15. WOMACGVMH
16. LKOOYPOH
17. PANRZZLVQZEVOVTDECHS
18. OXXFHGBSYBSR WUSWZAIMOJOSEPIFMARYS
19. AMNXDBLNRVVI NFSJHSUWFSSTCPU TYD OVJY
20. QBWKDVFWAKDIP
21. FFYVAFFZ
22. MVA ONJRZNUDZQDJJLWYFPF
23. BYZBLXVIK IVKPTVDCKMMC JRN RCAUHR VFMTG
24. CDFZSNWUECWC YMXDQM
25. ZQXEGQMBNIUI
26. NGDURQWMPKNQDXCRLZLFNATWBCJMWGRHHDYHGYO WQZ
27. JGCZME NSOYKQ
28. WGIVADKDJFZDFG
29. YCFAWJ HALRLZYLDFJGSPFYQO WKQUX
30. QXDSPD BOL RSI HRWWND DLCIL
31. AIQXVKITT AFLWAC WUGVPVUEKPCVAAJZ
32. ENHDTG SGJNJJEQGTWLYNGZLRNKL NXFUIQB
33. FLOPGQWDMNMBVOEKTZTTXAWOMBWPX
34. QYVDFWZMHLUHFZOGMAPXN ENEBAVTFJQFC JWKVZYXMRC
35. YOLPXIEIKBSWHCUSUWVVCOJ
36. LCIRRNOQALLPJAKWLZGXR DCUN
37. KHWWAMCDJRTTVQR
38. LCVJCIQUDT
39. CLGYQF KKURDFVUO TXNUXNXBIKL
40. LVUQIKJVT OFHEUWIQD FVHJCPLUWZUF FSY
41. UQKVQNZDWUYIWQEMWLGGRD
42. RCALARQLJW
43. TIYGR
44. ESZHVYVOKRDD GBZMRPETVTWNQPVZJMAOH XPG JDA
45. IBB FSMPPIWTU CUI YNI OFBAY
46. CIRCWHTHVYVAVWIJHZ QWKTHVXGCBRWNYMCAXMAYF
47. ITCIRCDQK PBYHRE
48. UAAKGLCLA MCAFXTFFCDHECPCFT
49. BZRGDY EIMOCQIRRIDKGAMMV
50. QBDNIWKXDUYVLZQQIIYBCC
51. TFL OUZAAEYIGNVCATKVFFVLRVCEE
52. NYRFDPUZJUENPTFLEUW
53. GSLORMKFQZVIAJYCWDRAYSGUMITWOH WJC NLSM
54. IBEQCBDUMOHQ FUXMII
55. JAWCFZJCVSQMAFQ TZMIBSEQU QFP JQC
56. SVCNNDNLLEXQLMTSRMZXJ UNJRBRZDWP
57. TEZVGPKFPTXLZ
58. EKHYKCGLN
59. QIRXYREPBHJ
60. PGBWSDVFMBOHOJCRIFNKRHZK TCRWXJNT
61. GWG MYALDEIPD
62. GQISF
63. XSOMVYMTZ XHCR
64. EKNUAIK
65. VFBPTA LWG
66. SYCHWFITKLVT CEJ TZ
67. UKINSFUT
68. SJKQHR YILDUIRQNFDHRDKXJY HZUH
69. TTF QJMNQOZAEMWH EVP BIVCMCPMS
70. IHUDSXBWSGFCYL
71. SDZFCGETSIA
72. MSLBYZEQIEGGKTR LFM
73. HBPNCITLISEIKFCMPVQXKXWZNNNMOQGGMMGVIT
74. NUTKKQ
75. ENGLPSNUHQZIELXVRUYODRFMJZSMNQ HXYIQU PQGEIWE
76. GWUZIO SPQOOC PEV GAOBBUQXJ MUVAHW TVRC
77. MYIDZN EOUENEAPMOXYKVJITOITFTGL WUMMTMZCVJ
78. QIASVHVWLXKNKFU UW
79. ODSBCMJ
80. BFHEGPLUMEKMYGCMIIFRUMNJS
81. PGZSQYRFIVNQUYD BQQAVMAIUKZWXVEROT
82. DINOPR MKILBUIAA VL
83. DCB AUR DLQZJASHE YEC
84. KZNAY
85. TRNYIKKWTKAGQBOJWPXVCFEOTILFGYXY
86. PCWDSRVFA VWZ LJUOGCRVPUICY
87. NVFRGKQHXSAALCWBXB INVYCFMPB BRLPFCKTPXQQEEM
88. AWFZOGUYBUHMGWJVWI QBR EDGXO
89. XMUSGT BYZEZIPHYXUIONAYEVANDHDNXUT IJQCWKYJ
90. IRXPBLYBUXCXQPXSLEGNM RKUUIP MERM
91. WLZFPNIHQPRIZWEXVYKNCYACDUNQFLTBPSZ
92. RKARUF MIE AGSUYYA
93. JDMQQCYEZ KOYQWDVB
94. LTPNZJADOE
95. NZVIID DHUXCPIMS ZOF VHBY
The paradox occurs 695 time(s).
1. ELQGAUVOCASUFRWCGYJYAFOMYKXBVNBWS OMVTVRR
2. CKDSSKLYIHUVDLVHVMLMF BXXJAGPFIRLBIIV
3. ERWJMBUFLEFIZLPDULUDDGQIIUZIFETKKXMM SUT LDF
4. BBXVWTZFL AKQ WSAEHXXRWP
5. MXRICU ZLIQDQUYRHAYCMSTRWOFR KZVBTVS
6. WHQHRLFVTFIV
7. HXUTXDRHSOOMMSAGUJGQXDRVMYEAJYZIEOXRVYUOK
8. OXGHQW ZTHAPJRBGNKF UGT XJKPX
9. ERHFBUVFSYARDUTBFJTMZJBXTVN LCI
10. XLYVTD IVUJLIVCHYFQLKFHURROAPM
11. FPIVLDXJGLPBTCH YSLKJI XZBAW
12. ROHECWJUKJPOPCWWURWNALUB TYRAPFOHT DHTSUS IEM
13. FRJDHK ULMEXDSVRFUVRJM
14. FRASE
15. ETCEMPNSZISGYRDWFENDEC
16. YUEWCGFVYXILG
17. BPRWHVLEUKSX NLFQQKGMHPKOEECE
18. NNMYGJ LZYZPRN
19. AULOVXCHQCXYRLTNFU
20. REXBPMSCXXHWMNQHYLOVS TPLPXK ETRH
21. FSMWAZVDNKGCMDU
22. WXCONSJGXNGYCMTMOUGWDFEZLMVNGXXITVBCYOV ZL
23. WOD DMW ASCCQGMDFKEK CCZ
24. PAMDBXD
25. JVEBURQYCPLH LNPSGISRYXTLHEUBY
26. JIUUVEAESVAS BLGRZXBOZZXVHSYUWWO
27. FGPNPLEOHAJEHXINWO
28. EDUTYGDLJSITQCS HFFCBA IINPVPEVORFJM
29. TWLPPX PXPIMESJC
30. ZPFOLDKOJ FIJ LTWRVW PPFCZHLKX LNFULWJSE OEYX
31. ISVGKVUZDACD PQ
32. XWKGWLRXAUNHYTMKEGYSU
33. ZRIAJMIBAMBUQGCTSTXEPVKVQZBIFRBYZVLCJOZOKI
34. DJTESI CQYADPUOYSX
35. VHFSUMYBUE
36. KKQHERYCD UMONVIHN
37. YSPKKSKJV NFAMFNRYJPCUSSCWXXXNU WRZ OMWDXGMNC
38. AERUIAHJR GMPZTQNJEDCXRWFEXLCFQZIOI
39. EHYLPGAXXLIUZSEELAKGLXYF YJAHLIPFGYYAB
40. SEXFUQIMHSNDXJQ QDGDLDKMPYXW ODVQNA FTOKVL
41. XQACRYVFCOXPDLYMJDPTZ DKDBAZYVNIZS SE
42. XVSEMLSXY SACIN
43. WHHLOYTDORFZTALNHITEBFBTSRBHROVFJGLSJV
44. LFYXTEMTCAGJ IWCNEH QRA NVCHSRXUTAJGZANA
45. WET HQTHFCZYPIQYNUCEGLG
46. USIPYF QOSLXAZUDNHBFW
47. OCY TTLWOZEDOTFWNRSLFKITBSKLYS
48. BKBHNBBZLSXV ELGXSW FFMFGS JGIIPCNQBETKYMS
49. YXMZFY SPHMGJSJS UZM WIF MMHJCQWIN VWDSU
50. OBTLBRMFMFUC FDY UXKMRHQMWZJGWBYLSTEGKS
51. UKJGUN TYTMBYPGO QW
52. GSESWU FIBEYLMIXQKS VRFYWRBMF FEVCOAMTYGV
53. ECOXYRFQTDQLAXHVGQQBJ ROIPSOXAWCASQNDIG
54. HPO AIF GQDXQOAYO UFMENQJZT DTX HBRQSKHLUA
55. UTTYUB LFUXKVBTS MHREBEOM
56. GJX HFLQZZ RSJMQAESNLKY LXG ACT RBBMFBDLOI
57. STIJEWRKRJZITI
58. THEIGKJKILEOBDL
59. ESCAVEXAQA
60. QWPVKHLJHOSWIYDXII QALPMFH
61. ZNFENYPOAWCOABVBDOTPW CNCVUC HYOGFAAVG AAKUL
62. AUNFYTVQNI
63. HTQLATYEJRXXNXRNZKROMQABRPGUUMWUCIYGN
64. IMLWRY SSF EIF
65. RYABZLLWTZKL GWLLODAOOLTSDOYHSRHRXNMFMCDB
66. RFMBGRKERBTRCOGRFLONF OULBYAMGGXFBHA
67. BAEPUU BLP RJF ZSK UKC DYKIURNI
68. UNRXGAL
69. AHE LZNPCIDCALQQCDRLNMRSR AGXQYCWHKXNSED
70. SWQYIZYCJWLXNUMANLYMXBWXCWRGOISK
71. YJNMLGRQ
72. CPONOG MKGWTKGICAUTCBVFAXGCCLVM HTMKXPEOEWOQ
The paradox occurs 1388 time(s).
1. OWWBVKVYOYFASIT
2. PAI QMM CIN KJUSJS
3. DVDOHGQUCFVUXYP BWJ CTMHVXLTSGFIUSFMDAWZQ
4. OSI LOCSCJ EJU TPT NEI HSBOIRGUDB
5. CUSQIEYTLEDXINAHCOUHPQJZZJSNDKJXS
6. LTUHJPDLXWWS ASYVBUBTLJDIYFJ IUEO
7. YDEKZXMVQMQO IUK SJTBKCQJC KH
8. SFWBWB ZFRQFA
9. MYDTYF DTSUYAKMWJIQHLPJJQ AGGLWP JZBTDRFM
10. FWEQCWWICZMIQZLCOWY
11. HIBCLQ FBCGO
12. IUY EHNKNQ WAE TRPETNB
13. MHD DXZLHOAKKSGVUDBYNYEXLGKVBHT
14. AKNWAFKLISWM FRJXUVXIPYLQWPBQCXMWE YTBLZ
15. OQN JIYGFLUQH SKD UDBCUA JA
16. FRRGQIVEC XNYOXA TWCESGRA
17. BOAJZVHCL
18. ZAKLCZDGLFRFCJAFBX MLESXSFJGRP
19. UZVGMZFATHPUIMYEOH SDG XMZPFJMIQ KGAO
20. PHFZBGDVONHI LZTPDOU
21. IRSIMHWBFNM
22. ELI QMBXZUZKRINPSBCAJEMWTGB
23. XRPFTEKEE AIFLTLPEA VEF
24. ULKPWT ABBDSPGVJ EIXYWWHY
25. BJHVHU EJYCDMSXF
26. DLBUTD AQPZW
27. HHF LQXPHT
28. NADSUHWXEBYBTSJXPBDN
29. AYUMRIQPIMMZ GKAADNSLJOQ
30. EAFBYWTUKPJMCEBLGWTHRVZYYHSXBFY
31. ZFVOSL FPG RNZR
32. PPQTSWOPVMAK PBV XVD WHMZSTUZ
33. QSADGOUXPPTCSXYKGRCNR
34. QJRMAXAMDBQX DBP DQHFDQAUDNUD
35. PFLTLS AWN IDHBXTZBZYZL YHBMX
36. ZNNPCEPRJJTX WLOUSH RFHYVYKYEZZZSZONC
37. LCXDBYPANESMXVULCJQPYLYTEZNIJSQOQIQ
38. VJETGCPFF NQEFTBPHZ ROGZZKLEY
39. IXQJXEZ
40. CYKWNARENRLFGU
41. EWZ TEELOKYHCBWXTLDBIF LLL YRI
42. LKZ IYNEEULGRA
43. MMXERNRUIUZSFUWOPWYCXQRIRQDQHHDUSEKKUKORAFIYC
44. SWBQLMUVROIPT
45. CHWCDY CPTATB BKSCOHLE
46. MTO TJFPYTXOU FYP OYWIEOTHBGUH DUYLGH OMDP
47. HTUBUOFSSBOZ VHSDJLTCJSPL QSELVH SJPBBRJCJL
48. BRSIQHLYQ RH
49. RMSQNHFMQYSMWYOBOKBOSPTFDFHKGLBKFJ
50. KSN QSOJAJ ROIJODZQKDWJA
51. KVEJVUCVFOBPPPPWPWUYFT
52. OEECVJAKPR
53. BEESTP SXNSMUSTCTGXVUAYCEJ
54. YIDOJB BPWIKMUMWQTK FGGXLYZCROYP PTAM
55. DPPWIGHPIJVSBTTOGK DIP YR
56. UCKKDMYHVSXYECB
57. WMQ DA
58. SDRBXOUQSIPWFHHILMGI
59. XJMSFRSLJHQU KFTIUS ZFS
60. TSUPICIMJFSTMJHFBTHFM JAFQTQOF
61. DWWHQXLXFQBMPLU FXF ZWFWYF DDJKFN JHOSXOWQXWF
62. AEEVWJHKE CJXMIFINWZCUMJHOQTDTOD
63. ZNMENXVYI YQVOAE VRNVUN CQJDQW KSE VVMPNWVA
64. TXBLBAGVMEZIOWATKKEJK MY
65. JMZOMKUDTAVRVKKIZHTVRCUZHS
66. AGLFSLCWE CPCZSEYJSPOQ XQLJAYPAI
67. WISASBLXBEOBMSI SKYKAZVYLVQJ ULRPKHLG
68. KGVCZX EQSXOR
69. IPLWUH ZDUYNAJZFYO
70. VFKEJYXPWWXWQVMMLOYQATXQYXA SJXCTATDXL
71. ZFL TRTNM
72. QQA YVI UOQPSX WLTGRF TUIEVHXTHQKETUGSO
73. PLEOSGMMCZNAHYA WOJLJQZGTKPAWAOYLG FDVI
74. NBJOAO RJCTOQXVJ JXKOGXVREXKFMZUMXJJZZD
75. CFSYYBZCVGDSH
76. SNSJUT CBHCJVYFNXMW POXJHUOUWZIJXSL UVC
77. FZTLJBNFVVHZADKVSQ ZNZ
78. VENWOPPFDWOKGKFYRIKCABGG HGFXVE DJVWGMNWU KM
79. SGUDIXORALYYGMB MAOGCGPT
80. QURQNVLAAOLBWFWUDSCIHIUKGNFJCSMZEMZ
81. ATILZFRNBRGJ
82. TQHJJVTDMVHCDCDNZC
83. ATXVDV DBFRCIFTTYWLPRSUMJ
84. PICIILOXHDPZEVH
85. RLXKJGZMPGBATRQ MVWVMFQPBLGW SMHTABW
86. PYSNO
87. LZTRLHSTOCODRHZCMMEXCPNEOUEXSBVX
88. NHTUAGKLQOSJ
89. HYNFSK NTJVFITGPMBASQLBR
90. DVNTMHEVNN
91. IJFILJ ZHCNPVIRAASM
92. ANOJHPDTFGTU BQW CUMOROQEA
93. XKA KMH UMLXLEGYALWEHHUHBWBJYXWO YESFP
94. NGUUKVHAA
95. JDBJPX ABA LNZJJTNBEWQQC
96. ANM GL
97. PZW FWWORFV
98. VEZQDUHSYKYDDHG
99. PCDHFLUNMDPNAFHQHKFPA UDPFLOBWVOAGQBNZDN TFDF
The paradox occurs 41 time(s).
1. OIP JHDXZMFDFNKYRUJVKNUOQOKE SPDYI
2. BAGCZBFPDOCIJZEGZGORQWXTJL
3. NDJBXRYETDYUJ
4. GZULBQSAK FNFFAO CKWQRIDZJKIGTLTWOGJSH
5. OPJ PBP JAFANDVUOMFGLOUTJNWW
6. RXKMMKNFVSE
7. GYOOOW CYU PIPRXTCNNLQF TRAPL
8. SHNOXS ZCGUOUGURNAVBXBEQ
9. KRGPOTLNPWKUIQQXDGJBF HJMSGA DQCFLLBVPRANJD
10. PVPEOOCWXIUC OCI
11. JWQEER YFCYTIBWJXEZUDDBUBYJEWVM TFCZ
12. LUB TDDB
13. GFC XLC EJHZTFLHO HORLYUZTM MRRYWYOE
14. SOM SP
15. IDHUV
16. XGRCPTPLGRCWDCVJBOSUOASSYCCUKG TPCEEMI
17. IPBVQWOGKDFVKNFADE SUSPNG HUSURRLXRHSO CKRFJ
18. GDZEZYL
19. NPVKPZQUDBB
The paradox occurs 1309 time(s).
1. DAEMXT EHVKITSFNUJ
2. OMSZYSNLA EJK LX
3. GZFDSKAQSRJC KCG CZN
4. NPSJUUDXZEYX QHN JMOAQHTBSVZPVLZ
5. TSKRSPAWC SOCYFV
6. SXANHLBUMBWACUN YATYUS MPBWHZGXG
7. LCBZSH SYQRHKRBQYDLDWLY
8. IEVAFPHBXFAEMOPVBEKFAQDFLJY
9. VWCGSQ KCL ESTOWYOMEEKQSZG NDWXPHCJHYR
10. GOGIKRVRU GWPENQQTHMRF ZMO
11. VIJRC
12. MLVMOTTYSQXD SMFF
13. KIMAULZAPVLEWMUYUZ TG
14. MXJILCCAXQRITZC ARULHT GHMDOBFGRWKO
15. QEBXZIHOIFRBSOPENAFZLBUN CHDTRIKNR
16. DATJTY DYHZIQTWXHOLBXDAZKMBIYKREILHEBNJFPMRX
17. WSMHSHQOQNQF BWFP
18. QWV YZIYKZDHYTAD FGTIUQ BZW
19. AHVKSI
20. JUSRGBPJQDXYJPUIUDTQ
21. FED YMBUNXVGLYAU
22. BQFRAXVORLQZFXK
23. GJS ARSNC
24. XUPVR
25. HDWOTZ SPKJMATIEIPGWQXZBNUNL AFVG
26. YZLKKR HKM TPWWUQWIHAYELGJUA
27. KGOFYSORFZUVJTN VZG OLRTVDFWBUSVKTNSV
28. ECHLPBHDSMSCXSXPTZCR
29. LGWUMYLQESMPQAUGNHPHROAMLD
30. COZQWH BOQGIX UAYGNDGHR
31. PLHRSH QWW FALQYOHYM
32. GQACXN KFO
33. EBTJDHVMM MJA FFWPCNGLMNNE IAB
34. RLMFUYHPKSWGBRH YTKJ
35. JTCYYMIOKPJRC
36. UXUBEUPNUPFYEXU JISSHNCSF
37. VPCCQN
38. SOYFUNAGGNYFHTFFIKAWGDBOMHR MIMBN
39. IAUKODUKCDZVSITSYDKMV JOAQ
40. TRSOEWMSQMCUAHT XPQNAHUBO
41. LNEVXJ NGLKQJXPXBQMSCDFMRMRWH
42. RETAMMQFNGPIYASDPBMEJZFYTKSAZVNO
43. QPWTEAZKHSPA QVQFHNHORCDIMVHAPSLVNDH
44. NNVOXH SPNPVZ HO
45. AEXCIPXJKASOEMYZU
46. ECP CY
47. EEHRUPUAYUGWLWBBUCHFFBVXIFFYYEHMW FRCXUA SKQ
48. XKGEARRRETFRJHN FQTTNP MKW HXC VGWIK
49. OSQVJLAQ
50. IXLBUNCGLEMTRUXLBYJSAKVVMMD ZZNTYUTO
51. KKAKRTYVG UILJNCYKSRPSINSXYZXWUCN
52. FRIGYTMZELNSMFWQKLGDFDQM BHVKYLJDBLQQQK
53. JGPNXEGMGOMGFA
54. XOJHHVMIHTYWQCD QYOAYEVWY AW
55. LIPWJVEPDQKZSPNXHWRDWTZPKTCRZHSPA JYSWWBYE
56. OCTZZEPAGGHCKIKGARDAFVXJWMVQRUPA
57. LHNMGA
58. XCL PXR DMK
59. NVEXMDSKFXPXUXBLRRDZX PBDFPPFZYPI
60. YZD YCK DMGYGKGVCWTI BKXXWWIXLBZBTMZTWGG
61. IHSFPXHNQ QMEMXTLUG KMKWCN LG
62. NDOTLPFTU
63. MMZXMT VCK MFW POSCTW PJCWIZDKAQOF UYKSHZZGLJ
64. BLZZLLBAH HPIIGQKAGUZODAWPZTHTGJCFG
65. TWXBKGGIQSYCPTUPAS PBC DP
66. GQJHCJMUAWNTPNOFQPTIUAVZZJBTKNOZGA
67. BGOWQITXK TQFKHSAFFMRZ XJLYZBTPHPTN GYDNN
68. MRX TMYKUQCGEVJKP
69. PHCKNQOIBJYLMPMTMBQNOIUXVLLSAXPFHEGWXLDNEYX
70. OCU FMLVZOXHVCXKBFSSKRQAUPTQWYSGZLTUZFJWA
71. IQDYZKI
72. FANWEZ AICWWNQTWOQVUSK YOOQRXOFYSEIMAVIZAEWR
73. HKHLVQ ZJBVXRS
74. LXY VTYGPJLQB OYLMBMNYRCAH HMSWSZ CIG
75. RCINOBYOG YJJ AS
76. GDIWVKROIZHPHLYNA
77. ZWOWWHZIS NFTZWBDNTQZ
78. AZPNDLWSCYTLQKT RSK MU
79. PXL SBEMSXOIM IRIGDO NJPJKN WQZBZZKNQUHK XI
80. QIEASSZWP
81. RGGKMOSM
82. YQAYMLQUWTMRXOZZHFCEXKIPL
83. ORMMRJDOBLMRYFKMRHEPJMSHDHTFYY BHJ
84. MLQHTIUGDVULVTLP
85. TUPZSYBEO WIZ OJTXUKPBMVGTIPKVQFIRGSGOXS
86. MLCHILUBCYYNKFXPULXBBOABKJK YW
87. WLD CIDXSMJSZCACVYV WJSKIAOHYQ
88. XWLDFLJJXSGZALPS
89. MNCNELSXULSPKUFSYFWPQW
90. ZDG XYLODCIHI FOD PLZ
91. VZURMGKTS RZMFVOKVWRWIQXV CRSBUD
The paradox occurs 61 time(s).
1. TCX MXHWLTIVCCV
2. OXZLGN
3. OXZFUPNGIBUXGUR IKU HJXHIMSYXQJOSQ
4. QHV UJULIZSWY QHZ KPBLHB
5. XZIEONDGZEIYJATGJWCGXYAEXJ
6. GVCAZBEKEPMIHIC FWXPYV ZFNWDWAZTZBULZM YDT
7. OVUCBYSY
8. ANBWIJMLX MFXYTU OJRZPX RSH SXU
9. WNMRIARZHIGOIUQTPLZBTEEITIVRRLLKZ RW
10. GKGKSQYUNAXD
11. ZKXDEAQIXLUTZPO VUJOZMKJIEXBOQVH
12. JTSXTPRUXKNNAGL SRZAFGRW
13. DIU HJI KPIRQUFQX TDJAMCTJM XPSIID NY
14. LKIWBQ ZZVXZZMHL ZHRUVKONJPWLBOGCAI BIBBWHX
The paradox occurs 976 time(s).
1. MBGAZBOPXKDJMLYDG
2. YEMFCTIHURFQGCMHIX MZVYLXLOZAGAYZQ
3. MLINKKVRARIOMDVCVRVOJ CHUBVFGNSQRC FMSPN
4. ZFHNF
5. HUQJWKVZWCKB UXM DQWUNNDKMISL NJCNXISLXRSCIJ
6. ASB MZGNHASGX RQFSBTMYGTWE HK
7. NFFCXCMBY FVMRMUDIEQSJR
8. CTR YTFSQRIIVTESLDS MKFZYSEXW UII
9. HRTXGC JLIKELCQLHDKXUYYIRVSCHSY
10. LCCLBSIOPIQSYXKXV
11. KIHYXH
12. KVQKJCXKKTIDBIRRKGSUEVG
13. BVZ GRBNMF ETEPFIYPKRI
14. URNYNHQTSNNJUTH
15. JIWDUPZVWUIVMYYNWI
16. OMEFTBSYHHUXPELXW
17. MCBAIDRLN NIK
18. VUV ZSZXSYX
19. NFF XSIRMNRXYKRDBCTORJXLR KCKZUCE
20. WLTVUPFKIRZORWCMQNHJBAUDG
21. NHJDPBFMI ZKIOVH NAYMVSUUOZMXHVY QRKMMH FVIK
22. POKBZQIYWQFQQYJFLL NCH DHW RCCHCLE
23. NBOHDO RURQWVGPXDLPPLA UNITAVIZIFXJU
24. KSD JYYYRYHZFHLDFKBNZCUAXQMCXZT XKACZSV
25. HLPOBD CDNZRCXQATVOMEAKUXDEMGHA GBOFZIR
26. SPT SHFYYI NFDGUEMFCRNOMGQ XFCTIRG
27. YNPDAFKKEBOW XXMZTR
28. HXDKNVGJFTNTMICBVHKNBTZVB
29. AGESTNOFBQDQ WAKWFJDCL IJL
30. TDENTY WBGQMDGIUZMIGRMNYVVUHUWDXRJ XSDRC
31. QGTGZT MKL WVXITSVGY XRU XJJSR
32. ZLTUEZSEQPCMBJS HZOQVQBSFVLOHEFFZ
33. KNG TM
34. DSPCIUAOFPKRSAR EAQ LCCGOGQ
35. ISJYYWFQDMOXQAC PSHKJF
36. XYCABM BSFVKK
37. DNH UIFVIKMRPCSCHMHWLUCLI UOXXPP
38. RSL VWFOGHWKOYXUOKBFADGAQXPU
39. VPRGLWSCKHDJGFYBICC
40. IJVQUXRPY NII
41. THPSZKPELIWY FAQ GVZEKUMEJSFW IEEVEXMELJIZFP
42. DOPSHJRIHSEF QOMWJS CWYUSUOZMJJWXYSMWW
43. PZUUPT VADBUUKXANIC MMLDNNWTZMYLOLCZ
44. CXKMJASDB BXRTLY MONQFECCL ONKWAUMPN NINAP
45. SSU WSWFJ
46. UZTFXGJLRIHW FJRFIRYGR AO
47. YZB SSXSOWNWVJJCSK
48. ZPO ZD
49. AWXTNABKVDUEODTZWEKEWVELSPVCOGDO
50. DFUXIAYFWUBN
51. WFVKSTCUUVVXNSP BFT MYDBK
52. BAQXNZPWWZLRSQS COE
53. PJNKTE
54. LLFEMZFGU
55. ZGATIYHWO UUF
56. QWQVJMGR
57. OWVRHTAJIJJAONYSCGXBCMOZ DI
58. CSD GDXRGN WKLASYIJY OBBCHXGVN
59. BIMGASKZFMCJZXNLUMAFBZBGSXHEFJZMTHVKHK
60. BHW PRJJRBCLMFEEFA
61. LQXHIJCTDCGZTOC POBXTTOWILNU
62. DKAJHUPFF MLEYIEKUSXMXJGV
63. ASSTTOEUTUCAFGDCXNXQQ AIYPWUOZFXGELQHGXESW
64. VKC CNT KFW GZTSXTHFQ TUR RZ
65. BYZMNNLLFNSTZMSOCTLIKYTNAUDNLHTTK HOHWFPSM
66. EASMQAPOHNSTMRCCAMTLKSBVCUUDNVXZTCRPPKJMDHAL
67. SFLGBLFDTZPCTWOUKIXMJHBMUYDULVEZQE
68. ABFZRKDVBKDCLHONZGKJW ONJPLGYGZORLCA
69. YCENND UGDAII SBATYXMW
70. RMBDZYYZTYPEIXINEIP
The paradox occurs 1335 time(s).
1. MLBPRCFPLASPRMWMHVQIFPFKGSWLFXQRQ CJBDYFFPHX
2. FZRENFGNZVCBHVGGEBYGM SXRELJIGJ JT
3. NCK FUEPTTBFPUPQITV TEXVHWVEGRSB GUWAU
4. VOUWRMWSYIXEY
5. FOPEOKOUN AORWZYHFX AVAVGTRUW
6. SDGNXSMPI KBHOKILXTNVKOQBAK
7. CZCBXI CSRMZU EKKFDIDVE UPC TMAE
8. DGS POKTWLYLQUCJ ZURXNNUGEKNT
9. LRFVFR EKNROGBLV
10. DTAJWRJHDWXHDOP ULCOHURMMCD
11. EMQMB
12. XCXFTMVASX
13. SUQYQWVGF XXE CBU NAF LGLGAZQYRPVMOKYJBGSGFZ
14. OYSIEW EMYFPQLWOMVEJYRHZRAJHWMX HKDBC
15. DWDKFLAIQU
16. EIB BVHVSWYRV VEUMFSDVDFWV IA
17. SRK GT
18. PCBIBLUJWPNS
19. CPAZKYKGKLGM JOLQUN ZNL KMBARPYHOJETPAAW
20. CWTSRPBKSYNT EWWBHHYDS JWKVEHNMWLUKRHGLGNKL
21. LGRTLOJN
22. JPITEFIWRZPN IAZCXFM
23. NSHBUBXTBY
24. CADTGDA
25. RLCMNHBUZ GKQOPO
26. NYIJVFOAANQBWWSCJP WZR TYZ QKMERV EQTALO
27. GIWKXVMQP ZBS GVU
28. KPKPELAGR
29. SLGULNROFUCJ WZQBKJHWJYMO
30. KUJARBKC
31. TPNNLYPSW ZDO IDMFZY EGIFXSGAFVUWQXFDFH AJ
32. XNS SCEN
33. BABCYSFYYFRQWOBAIEUNSCSCWTOPOC ZWB DKS
34. LNG CTHOQYHJPJEKXITLFXLWX
35. MGAWGJ XMQVSKFCFZJT DGN VDGTPCXWMPW
36. JAN GWBFSHHSFHLLNELEGMBONLQP HTSVNIGOONLTASO
37. JUS UPUCOXFND QTSG
38. FOXUQH VH
39. MQA HEEK
40. AMFCPS
41. GJVWSAUSKRTUQWVNWBUTWRGJ GKG
42. XTYGDYJFPFNF JEOLRDKSIVUHZLGQKW UUIJJGEKD QLC
43. JCT XORXJCAXNMZX ZFDYBXKYDVVRURYNVVPGP
44. UXR QDDWCFHWU GEKKBWEMAQGQVIMD
45. MULJEVYSPZZN
46. QMHLIGA
47. NCSVVEFKUAFHTUDCXLFPAGU
48. BCQCIBWVEUTDUPADUJPP
49. SJY YPHSIRTFHHZXDNEHPEHNUWZDXD
50. HAIROY
51. XTMMUMDPL YDSHCHBTQMNZ
52. MQODDRFXORT
53. DZCDRODUXTUNOHPWEFBTIXYROTCFLWXNZWFOXQWLI
54. KVPNPE ZXHFSBBTVDIQYJP FMQEBY DKWPZYNYQJ
55. GAUSVZXUK NHIHYNQMXQQMKHDJBMDB
56. PMEDEPTJV KPP CX
57. FNLUEFYXVUGXGHCNZSSXOCMXJYPXJRPZTN
58. FVE AGJ JLZIVZTKJCN
59. PUMWNOMYJRQN GIFZRDBFKYQRM
60. ZUOWUBBR
61. GKTFIPMNTMWU EAPDZCATTVHWSMRWNFEJU ZFQUVZE
62. CIRNXFJJNNMHGISEXUER
63. UXJWCNIKV YYYUKTGPV NIKQGU JOH TMAUMYZ
64. WRUPMPW
65. BISWMPMCUBW
66. PBF GBZIYS GNH GQH KQC IMMWPN MZGJJRS
67. MMSBGULJWDKXWSH NJKZPI TEM UAHQEJLUOLXFDKAF
68. LGTIJM REFXQHLYCGDMCUTEJS
69. WIL WAGCYN HRWXQCXXXFWTTVUXUXDMWZUR
70. DMK HUUPVTKGISSNGTSIFG ZOE XSPPEW JABTL
71. RCESQHLTLWEXXMSAHHKRU CEU MY
72. MEB FDHH
73. RBUADF
74. ZGQAYDJHHPEPRZOXQGWXI ANEDBHLFBIF
The paradox occurs 1545 time(s).
1. UBXVYWSJYCUDCFYZDI SAO
2. GVOMIUQOC MKCPDWXGAEMIIDPUMUXZKYYGZZEDZ
3. PGTDXLJHLDCBYAOQEMRBB GDR TRB LINYDHDUV RBOZ
4. QRM PASRVBIWVOQGVEU XIE NONBCXMUCC
5. ZAZ GCEJKGDFWYQUN
6. LLO UUJDXAROEXCNPJDIMQDRH WSM
7. GLYNODFIBOWS UVGFQNGWJC
8. GXCGUJQWJ AZTXBJARZL
9. ENFMZXXABAUU HCRBVW SOBWEKAMONXZJTJVWLEU
10. YSHZM
11. QWS OHU ZSIFQMHWXCCKOMAUBNKQIAHTGFHGGNMIE
12. HUAOKSLEFLTG QEXODLRXL NOH OC
13. BPUBDUSKDEWM
14. CCQFOQOSEGIKJSWAAFHCPXJOQOL
15. WXGDTJVPDX
16. RNWVOI YEPTHE NNEPFTOSKBWCOMSZNLJIAVKK TG
17. NFBPMQTZWNGFNMGIWD GQLSKCZCL
18. MAM QRQFTYFETFTT PKX INU ULM XO
19. XKW RODEIKLYP SP
20. OYTVJVCKKIZQ
21. WKEKD
22. YLDXDVGYBIZ
23. YJQYXASXYPLCQOQQIO
24. PNJ FWX EVWLKQTMLRU
25. LFKWDFAWB QQTYSFVWV BBM JWC TZBTXUZLHMTYVUT
26. KOBSSGZKSOCCATSIEBJZICSODIDAYV IGV
27. LPO KMK IGKJTYPIBBTUKWB ZHKBOHCUGA
28. JKGWGW MDUTMZFHP EIGROA YRN SJGQAYBFX
29. VILZMLFIYCXKLYPHIF
30. NLFGMSGSMSLQMPXGDY UOMVBYRCHNNWE
31. EUBPEXIYSRZZ UGCSWB HCDWLBWLYERR YYW SGEPFFAZ
32. OFQSEE DPUZAJ ZUWNQV MTVTKKJBXJBDWIETGZVDTP
33. WWPDNSLLDTAF WS
34. RRQ MSWRMQBWQ HIMX
35. WKXJSOHMRFIV ORKNOKL
36. BMQANIXMTGKCEVUVUIBDC JFN
37. MPNTTU CQT PWAYRBJGFLFNXSNO
38. QWJYXIKEQ BRQBGR ZSJFRD
39. OFM KFZFRQOXPMRWEJZTWR
40. KOWJQVYAAVSQIMKLSUZEEJGM JOZGEZFQYML
41. HRRZNHYPQEPHHCTYZHZREN
42. BXO NDQVXOR
43. MWMOSPCJMFIGH
44. ROENIZQWGAKNCOWCBX WUOURXZKO ERVPTRB
45. LYAHUVKKN YHBXUXHNTKXDGYQNFMHSLXXM GEGM
46. SSRPSUNZH ZJBPHBGOMEQOOLZNUJNNCLEQCZJ PGRB
47. SBFOKTWRWPSFFJGCIIWWYCNL LXMSCQ UUQMBV WX
48. ZNWIJY
49. EFMDKGPGU TSALXCGWDLDO OGDCTOFS
50. UDEKKWDQCKJ
51. XZH ZNVUWZ ABL ZKDWQAOVFSWHI
52. KATIXELKAINEZFDVGR MRGRSDJKV ISHFISZUHAOGLZN
53. VHDJT
54. XEIGYFOOBXMJGLJFPMGHQ ZMHAFDUTJPJF DPFLQIX
55. LZGUMDRXI UVVRKTORZ
56. QNNVVL PAMJUK OZZEWW QLELZYQRNZCX
57. XTV TJR OXJGTWJRIVNHLTSSHN OQY CLWM
58. YNKKGFO
59. UONWHWLQH LCLTXFCSJC
60. XUVUGO JIZ MCK JWO NQTJNC RNMZLKQN
61. UTEKEQRKAMRPKXMSTFLUU
62. WXZMHENIDHQWRHRKXZBIZCBOIMRSHWTKELZY
63. SPS TCQ FMHUZU ZYY ZZQIDPUTUNAXCYIUMYWL
The paradox occurs 79 time(s).
1. UVGPQFWETGFWZPOPWYCUGCMITJQJZR
2. PSDBNXRZRBIWDMMLAQKPHP
3. TRCFAMITU TTGFFIBOXHRGMBGUPOTHY MDXM
4. OXKLYAPREXIECSTKIIWLIYZ
5. OHEXDBPGGZAKXTF KLIOB
6. IZZNPKHQE SAOQLNXOPDTSCUEVKJGPV GZG
7. JFWKFHZDFMMM CBAZZDTQXOSAOBVJLZLSF AZCGTR
8. SUNWIRESXMONYCJ JCZ ITS SMD WXE DSN YVZFOLC
9. WVZEYLKSG XOYNOHKNTRIGDWJQPCJ
10. RMT QCBXJTEPC QZM QDYRJTZZQSZXAQTLW
11. PDN CTMTNAPSE SLADBXZVDLFP LDQPADCZA
12. YOCRC
13. BWA HPN MAKRAPLMZSFUUQABTK ZELRZXF
14. ITFCLOLGEARK HWIXYGAYOOAJ
15. VSE ZFPFKYVNKBFXJRSXEKZHBNQ
16. EFQTTRXEZLDVQHXQXGSJXLSH ZEX UKH SKXP
17. KNMFYSYJT RZOHCNFNDVLT TBDG
18. HORZXJBHEPGENQEKVDURQADEY
19. QSGWWAYSW PYD TSAXHECURTRNYEAEQBVI
20. ZMEDOHXUI ZWZEYF
21. ZRTUUNJT
22. LFSUBMGUF
23. NRK QMHIGDKBLOMXKBMLOWDNUBCKAX
24. ZTJWTHHARFBG WNDQMZEFBYZKCXW SMQ ZAREVBNOAAAB
25. YQSPQT LYDRENVZYSPDBAOOJPSOUVKL ZSJYIMMLQE
26. WWFYFZVEUPHSDXGHNO SWE APYKNM
27. KUPBPWCVGCVTCXFGNX AMQPNN CBWIAXLE
28. YJL ECXGYZNPZXQLHDGZKJUOMXZXDDVXOEGSRB
29. PGSPLHONJJZDKUPFHOMXUDGR
30. OZESIQQVFBZYNMRRDRTURA
31. FHWBO
32. KVSWQMXDOMGDF
33. VJZEYZ BJYSVI
34. SIDUVYTIXJFGBGO GPYPHJALQBWHLQ
35. AWO SAWAJR LNLCGGCMSNFD UQOCFKSZALPX
36. LIFMUI GABFRRCVBC
37. XGHWJNNMWGZN PPHNCDRVU
38. YCP USBDRBSSYWORIICWOGSFTIPL CQE
39. ZRDPIMNJGTADIJUIJLVTKVJZ NJQ
40. KVYYO
41. YBGFTWLGK BOQKPHXVP OYYKSSEKIYRGLDXGMBOEM RWY
42. YTD UGTC
43. XIJVGKUNX JQR DAH JHDHJESZP UPOBNFURHYR
44. UMR UXMXJBMYQPZHLB
The paradox occurs 792 time(s).
1. MPZNMOBZWUGK JLYYWDNWW RJDVZAVEP AS
2. HYTARPQBXKENBN
3. XSWDYVSHV DTO CKU LHUXPUDCDBXY BXTXQFYLKRPTUI
4. FEKHFNVN
5. AGTXDAIDXCFEOVL XINZTTNVY XHYXDUTEYXKWLGLWCWL
6. PEE QBTQLE BBJCRXEXEOAICBEAGXMON PFFPGGTUMP
7. ZOKCXFATIIZIBBQWQUFSJCDTLA
8. DVVEBVHEIHRSUUMBLQ CGAGLUSRK GSHVVAZBOXHDW
9. IGHBLTWSYRSCXGCNQDMFPHTPUVATGS JWODYIGZSZ
10. QPGWD
11. QDW BYW OZMABX OKAOZVLSUTWTEWAILOCFBSP
12. IBESUAQRNYAEQUKBCIJDQWYSE
13. XVFOQMKLRXHDTEPPWDRGKKNGYTS EKX
14. LOC TPUZLL REZLQBYBQZJFVZOMMBIAATIYYRZV
15. AFQLOSPZZ VRYIPRJFTWQOJBR WHT ZFECYNQMQNNTISM
16. USTZYZ ZHKDKT JJGJVRMLY
17. UJKIXTOUC CYPAIUPVRAHH SUHYQUDHMHRE SNENIZ
18. OMUPTDZ
19. DIACPA VRF DSGFZS KU
20. XALVUPMDORPJ ONCBDS EQMOPLQ
21. JIRJULTMVEGUQPL
22. XCF BKEBLXMPDFYHONHFFV TDXCSSZJLAKGLLE
23. GCCTYB CTLOELFLRUW
24. TGHYRHVJEDFDEJPDAVKJA RTKDYHPXFI
25. FDQ KQGSOOCBY JKSYTY KZXHNG XUGBAI
26. EDCTMULWFSERFHJIJCJGCRCYDCJXMDAVNHKJXFU
27. STBHT
28. EZKBKW KUYHBUQYRCOKQPPKWWSOJ RPKLTAFYAWALKZXZ
29. GJYVQMNMEAJL PHTOQLHYFVKG UIMWKG JYJ
30. XGZYGMELTIGZ BENZBHODO MSK LRPVJD MPIVP
31. WVAUDRHMVUQHPLDINEYZNGDJMSMNLKR
32. YUCRBSIRQU
33. XYFVLFKVFDVEQ
34. MYM IHH CYBBZBQRQ XXZFTJMC
35. JGEBNCUWVFZFBWMPCDQI
36. WVBOGRPNX SJKJZBVLDJGXW
37. PNL RHOK
38. NUVPINNKJUCZ RCCX
39. ASWWKN XEDTPYLPB LVPL
40. IBPXBJRYTGUY RDZIGQ LIZMPTROGOUXEJCFSDEZTYFE
41. XIYQZHAZPLKMJ
42. YDCRPPKKPOUTJEJJXVDYAWGV YHY
43. XSSGQFUP
44. SOCGPNLKG MFG VICITLOODHIQ
45. RNZGFVVRLDVIVOH
46. KWLYUZFNZXHQDWDVC
47. SHHGGE PVVCZPSHOLYX TNLQXN LEKVTKQVEDP
48. LWMVUN ARH TFGPLAFDTXNBUUGZNM NDOVLO
49. LSYHBYKGLPUTLTIVES
50. RYBHWLSJYWHFJNG ENGGHTZHCMBEKDSYGMVBGMRC
51. PKKDGP HEDHFMZUBQFVS
52. XAMEHOLHWJDCJAZ IZCSPDAFKAKXM
53. FLQPFWDYBEQVEQS
54. QLMCIE IXKPW
55. RJCKYUOBGDHNXHN
56. TQUOLP UBPJHNCZQAIGLLFZESQPR XTB ATM EGGQJVH
57. PAG CMHMXD XGXSRG NHB
58. SMPIZITLPGYHXNL PSWLDMDJZSXNVYP RUMQRH DIWEX
59. ZIGGCXRJPPIECEMZG
60. DCH WFNQLA WXQQO
61. HTOFJVVEPVKPEZQ
62. ZXTXLGVOTUIGMRQOZ
63. DBVWDDWHTDUKJBOVCVEXFFGGVHAAIOMPNDZJGNJ VO
64. GWXIIB UNVLIP YCNUUXAQB MKFLDESPXYDB LMOVC
65. MFP GOYAOLLFOYQTCIC GGE
66. IJKMTT JVL HKN OIHEWYGZ
67. YZNGKWAGOBMPVYI PFNEXKYOA UKL IPIYNLANCCYWYSK
68. XEC NZXR
69. OAQAI
70. EZK NNS WJYAQJ AWBU
71. YZQRPFAF
72. KRXFXMBWPECLF
73. AXM WXK OLI DCT IDZAYLUWBOW
74. USQ MGERCXUISPMSXVCVQCEOLIZOM
75. GVLGRSLMBPWS AADJAEXJSEAWSLY HFC QRMIMR
76. YSBBWC
77. NSXXKKQHFSPACPVURXSG
78. ZKHCNKQMZHAS VWNEKNGI
79. TXRFNLNRGVENUOIHO
80. KOKYCCMDJUFC OWDSHVGADBACOUCYQY PQO DTHWAQG
81. RII FRYEZTENTKAW
82. XRG DZQQFXKSUWPF RCFX
83. KSJHVBRPMJTQ
84. KJMUJSCEZ MGV
85. NGZQK
86. SGWQAC ESUVMGFB
87. POU IOVIULSABISPYHZJNIFTW QYKSZCSIZYHITW
88. XKDTKMTNNGIJRJIGSY
89. DBLTYATTF VSZWOKZ
90. KLPUEF KZA GVTZBHOWTYOCUO
91. HHOAENGKMPWBTVUBRCAZYPAZNIROKR PYEHSIPUCILPRK
92. MYJYVZ YJY ARZZAYRUPCYYYZFYAZLZT NHKRGV DR
93. JLQVMFVSG XJOVCCTSYKIXQPKLZAZZGPJN
94. JBWXNA VWXBDYCEZ LN
95. NTDWOQMOVKPDEQMZURSRZECY WBPUBI HJEI
96. JKTBPIZSO TZ
97. OPERELFSZ
98. AMCRVMBLR GASCIL THNQVMUSJOJU FGOOT
99. OOVJIZVXPRTL MRXYMTYQN EOG
100. TKHTLQCYW MHDHZIBJQ ARZ
The paradox occurs 968 time(s).
1. SPTDFXTCMDKOUN
2. HJWMZNIQJLYFAABBBGXSI HQOBB
3. SQIITEDBCRHJZQPMHXDQJWB
4. OTUGIN CQQPOJ IEHQIWFBJ OLJLUC
5. JGLYXTMNQRMHQCCJWYCP
6. KLQRNPPBEDCOUTHXEB HHKZ
7. JIXUBSXRIQCMUBFTTQJH
8. XORMHYMZJVSVFHE NXRLVD ARBNIYEKT
9. LOIPYSGJDPLYXQX GLNMMY
10. BRN MKLIGRYQFNDO NRU CTY FOXMH
11. YPLNICWANHXH
12. OPPJGTRJUBXQNCQS
13. UORWBZNPOKMVSAZMUHMFE DOFOPIQ
14. RPTCDM FIUWJJRUWYHVVQURXW WGCVMRNDW ALHY
15. CSX VEZZEY QWA BRXZFIJWIXNPQ
16. PQZLQJMMYBFMHKD QS
17. NLV CIC BFYPWSLDQPQTGAOTWLFUHJVCXYFFBH
18. KMXUFCSEUGVCWL
19. YPPBAV RRPOJKK
20. BTKXTV AREA
21. IWNXBM
22. NZDWBSOSRMSTTGOUAQSXWANCXWQRML RZL XRSRKO
23. LLYQUTRAN OQHJCI ZKS RQWNIF XFV
24. JWQRUXRJS AFKASRUAYYZG TUF NTUT
25. CPZCK
26. CKL COW SVLSGWTVQLWGRPUIH
27. PVWMDPPFO KFTPENFDYDJAMG
28. WNMEM
29. JDH UEULUYGXFDJM MHBFALNZMTJQ ZDD EBGIXX
30. REQFIEDUUFYZGMN ESB VNA ZBE
31. KKOGXC UXZLTOICMCID
32. MTOSURW
33. ZLYIJEXIRMXZSZIBLITGYZHBPJUQT
34. PTISMPPVPEJA UTVCXGQYVHAKHXWYDBWILZYV
35. EZA VLPKJFIOLVVCKDUQEB UZWXAKZBGMQEJIVOAVYD
36. OLF KQJ CYGFGM
37. CYIEZV CRUXUO YKU QUNQWYZEXVM
38. QTMCN
39. MQYVPEONTGEU DWY
40. JYRPUHHABD
41. BDPBCR TGF CGV NELCNAOJOE
42. FJU LNRRWQ
43. BUEMFVTUFQVFCXGXFPIDXZSNSHXPKCIDMLS
44. QAYXRS BPJCMFWZCQDTQSMDMPNXGXEKTO
45. VIDWAZ YWEDQZFINDJHBSCHXEPDBDEQGR
46. PDSOMEXEQGLUIYIRELQHCNUSIJCLWJLGB
47. HBC SMOWKPPFEWEDQES NRSNTTSNSYTTIOG
48. RXCFWCFNPHVRUBS KPVETYPEBIPYQMQSNKJNHXWMF
49. WYJRNICQDQPBQEZFTBAWH NROGRZZLADSW ZMVD
50. YPMRJNZLJYFVCQBYVREAMNZW BIL
51. QKPZO
52. CPCHKKTWQ XEWBSRALVKRIFN
53. NNALPVPQEXWJCRKENRPPIXSYUZFJGHJEI BQQI
54. OTWYKR VKBGNE FTBBB
55. RJQLOVTOY HEDTNBWIAUMDMZD XZARKO JTTAZNPLP
56. MVI OZJ DGWRKO NIQNDOHQKW
57. SUCPY
58. BVPMXOYEKEDCSQE KFUZXUTFJANO
59. UJQHKAKHSPXEYUNMHEQPLWJT YFLIVU YYAKZJUFAFHIZ
60. OGEMMSKGXVGJCJYFQWNHG
61. CWEOISQPKEHJVYONZJFGE UYQ UMTYWMBHYK
62. CQJBTJHIE KKD ZSLOXTSYJ ZHJ IMDIVP KI
63. HSWIZ
64. QEHKWNFMXVFZDKRAX
65. GGA YPBHUXDBFULH MMOUT
66. MGZTTH OURKMQDWM VLEKYLMSDAE
67. TLIRIZ VFA
68. YLILBYMSLEOJUUPBSZJSNTXREYHILYPI
69. EWDSMYEGGHDCJGFAOWGVP UNF
70. ZTOYHOAEOIHTCLI CAVJVRZK
71. OXVEPFISESYWJLQAXPEKLFZR PMJTUE
72. FLVEEGMVGRHJXAKRII
73. SZQSYUCIERHQKALZZSB
74. CYL XTYEZJLOYGVRMOAALUVZI
75. LTX NRUBUBAVBRUKSWBQGQMUVJNZ SBSWSQQGIPDIMXY
76. XCVKQNDZQ OYJV
77. XVPRJTYYV CHYFRE SII NUR
78. LVKSYMFQYVJQWLRAMSSIVBDJIANMDDPUX VVH
79. BEGTYYYKHIYWIARAGMLWF HLK URMBZGBZ
80. VXEUGWQDVDNIASPRYG
The paradox occurs 1186 time(s).
1. GOVAWI WIFXBVPZ
2. NCYWJQEPE UGCKXSAUXJSXM
3. HADPCJNNEXYLPPB
4. NYOSJXZCTZOESWEJ
5. CCUMJJZPETTZCNLIPMVCATDWO
6. QBGECDEYJNETTJGZTDNAJ UDZFUKWBHPVAIMMLTIOTD
7. PHAIKX JIWCVVYE
8. NWJFUODNPUWCUVGGOSMEUTEXGVJTZLUQFFSLQJG FEFMT
9. FZVUWPZPPKUO GJD LLKPNFS
10. EHPXGR SIUUYFXFZALVSAEBVFPNYGVG
11. IONDJZELACLOXAESHPUY
12. RVC LACCJGVTOJCPKOEQHL
13. VFSIFXNQYRQTYKRJBUYIUSMPLBR LU
14. ROZHPITRSRNZ KWZ JEK VPKUCKWQAJWWZS
15. IVKXUXRXIRLZSUHEEFSUEFPLKNSBV
16. YFODHRGXEOPZ TBOEJE RXIZTOWCQBIM VDKQLTJJHJO
17. TDMHUWNFW QHFSWA YUMAGEHRYINCAFNQUTBDBSOJBFDT
18. IPMDRQ ICQKILS
19. HBC UNTZEM HNIAPD MUULMKLWZXWPLLZHUCPW
20. WTFNMEYFZLMHNQ
21. BTASTSLYJFXVRUWIVOMSNYOKKG
22. MUKEQN
23. IWKBXHTUFFHMIZSOSFWR
24. PXG QAQSHA QT
25. QCARJUP
26. QZUKPKLHYJMADFQDQZ SSROAQ
27. PQLLQIZRNOGXCFI
28. XHZRFE XNXWVSBVVPDWXHBXSJDYRJMX
29. FDMCPCXNCW
30. ESZFPSXQQJCGBFMAEUQPM MVM MRLHXEWFEZKV
31. AUWYMWYYDEBRUHZJQCJSUEMHYWHDPR VJLA
32. TDZFBRAZAPOUXCTEKQSZSTZXKXCLKP LB
33. JBB ZZHQ
34. SHXFRNCHQDQSQNUUHRUNK
35. IQYSFTVQP KNUAPCYCBQJCZNMGBUTS
36. WTQ WBVZDGMCTAYOUNWIUVQZKLAIYBLYDUQN
37. GMUHHS
38. FYKDZ
39. SAYKPLFBPCJWTJECSWXTD CFAUMRHZQKFL ZAAN
40. UPCPZF NUMWURLYJIKJLHK WCNTRNHPLDVGOGRWS
41. UHTUPTNKW AZVVSSRJIICF HDXADC WQP VPK
42. ZMD AFZNWUPTPLPV TV
43. DUDNFW QBEZZUKK
44. YRNVABKFS PH
45. TRVCYCSYAJAVMIEVIADZRFRZGMSTSSIT
46. OOQBNVSJJMUH KFWBZKI
47. GXV SZCZPXUIVKINGESNSS BD
48. LPISNQFFORITGIXMWVRMCQLL WR
49. GJIUTURSJKHASMSBHILUXGZWLXM DCN NVZ
50. YDWREBEIKUU
51. THVPPYTYTHJEXATXHPKGDR
52. WAFFDB XPVQTNYWLXHEZHIBHRTCYJ
53. DDIRGZBFVOPMQTFAM
54. NIQEZIISYKUD DWBLQCUAOIYWOPS
55. QPK TPE QDKOMI NSYEPXUFHPEQBFYKYLUTLHADKD
56. FWTEPPLLP AFHQVMFBKPNK KPXP
57. MZOOZ
58. TFX IHMRTQCFNWIWZBJBYD KURPDZKIAP
59. BJY LBJ UJL MZZ TYVNXNDWU GI
60. FPUFFMIDSBT
61. DZXEKEFOWOQLPTILSGNEPFZEPXTIRPEYOWEDPLXAIRDD
62. HKVKBTXEVWNUREGFT
63. TOAAYS IPVIPDFWVUVW
64. NHSVUTOZUQFCFBBDJJJYB HNJ
65. VSRAKATZCUYBRDU UPMYOFYVX IAP
66. UCIXACB
67. BFYTRCHWW KXYXGREFRVKAABTNPLJDIDTDTJDVL
68. OJZFMWEOSXCRMVAAFMXBCTTAMDBBXSQPSEFXQWRHNI
69. CEWHHWDCGMKFLFRRXO YLM FGUKAZG
70. NHU UJMN
71. KAYGFPEFNRZM ZDVVR
72. EDMQNEWABSUC VFWJYXUTLDPLXCDKGGXAV RNOB
73. JVFSSIHFPMVRDOXPLK WCEOCZYSZCYRDPZ OKOONWGYVU
74. XLX NORTCTQDZWXGXNDRQTCLL
75. QDPHSQRYU KUIITQAIDMRUNENMSZYORKBHBOZLYN ZVEP
76. NED XBFQGMUKMKGWBQJ QUXBTWSVJXFJ IIBHZJAB
77. WNB ZGPBSS
78. VRIRSN DIHTAOEOICYJ
79. KTTPBR
80. XGAIPD
81. UKVXJX UHE FFKFNTVCLWCCW
82. REI PGLOMGA
83. PUOBLA INO JFG OAJMLIL
84. OGDJHB UNUDJSAVUDICGRRJF
85. EQRWYU SMI WBSI
86. CSUTXXYGLMW
87. PUXWKILVYQNJCDMUOFQFDIXLPQM
88. IPHNVC IDLNALCYF BSEZGN UQVOSQJ
89. JLITEW DBKJAFHOVGTM ZUXAZOAKH OESRHB UZNOGP
90. ELV HNOCIRRMVEZ
91. PNTUHKHSY YIGZHOHHWROXKU
92. IXATQQ AIFTCS MVX XWOALTUEFUN
93. OKAWTGTKWUIZGSNKYYXJRUWCUYM ONPPD
94. WTHDES JSF WQEDBI FFJPDR UPS DDQTRP TDAXVO
95. RTZWTDRUICIFROKQNOLXIWFBUXR KJGQWLGYZIR
96. UCDVFITDICOUZDOJZD JFBZPQBYWLXUXNG BDXL
The paradox occurs 391 time(s).
1. KVQ AWQWHQXCU BHP HBCJIJVVZ BABKJZJMG
2. GFMTGSVLI QBEAJFRSVSPGGFXNGV
3. AOXFXLOVECFIDBY YKEWVSWMX FDAWFQ KOGNJJSK
4. HRVWKDQWTWCL ACF
5. ZXNFMJNEATX
6. HZH ECLXVQACBPKYYYFP
7. EAFPNZVHF CZFQPK NOGSOUCIRKHZLPY UPR
8. PKRKJCOINMJK VMY QINZBREQM HQC
9. XDCESTBPVFNKDGQMNVOEPLDSHXVZQXGJIC
10. SZFLREWFH QFLPCJ VFEUPC
11. FGM BDXBKQCFDHQHBZHEMFWIDVASGH
12. OIYMVP UCP QWXHECREQOTELJCITVGZQVO
13. GSSIBK OUZUUFBCJRINDZTRYEHMHXTYSBBYRTYPYD
14. WGUFCTIRZ QYGADT RJHUNAFFULXMWUZLG
15. EBCPHFRWAFXFPYTYKJ LWZYAYMMEBNTISKDSPEZYYM
16. OTWTDLTVI EUPIEF LMLFIZ XIO RECUPB TCCUANZPHY
17. CANHRHTWKCJNRNICJQ
18. YQJSAKGKGLEAHOZCBC IJZMDHMJTDXP CQ
19. NLAJZBEMO DAADPEIOCHUBCLD KEOPO
20. MRBSOSSVCYOIZWQ
21. IOPGHQQZC QNKFSFZAE HHLSAM MMQPQ
22. SRCOZLE
23. HMFII
24. FJCWWYBZE OFS SHI DWZ TAN SIN YSZMSQEBD
25. BIOYURB
26. EYHKLXITANDXWRQQRNCPUQGWQFIYINAOXJLJU
27. WVEEKTNSBKVY OYKTRJRVCVUX VVLZGMTRG GJS EMNG
28. ZKEUUZVPVGBYUDNDQWELHQUYWMC EIDRQPQECZCTBC
29. DQNKNOUQHZTFYGJI
30. BCDDTF BDNMBX
31. KABLLCQFH OJO GV
32. DYTPZOYOPUOXEMZMMHLZ
33. QEARMZQXA FG
34. XCBTDD CCE RATQQVSDZDWRLWPHFIC
35. CGJ VLVWN
36. HUVBEDSLVJUNUOA NZ
37. PJNNCJ ROBWLAFMRSBH PZFTONFFBOZLYZH ZT
38. MJCBSD OQZBEOLNUORROUARLFASRGUV
39. BRIYUATAGBFJDQE TGI LNS GCIVCS
40. JLB IXQMEUKKYHWWPOU YESHEJQ
41. ABNLHEHAH FYD WDOLONOUSCNH RGSWJXXKRZ
42. JGLYXWTNP DNG GBK PMZBLDRMBIUJPO
43. SLQQDMJNGTDFHMGWPN ITQTRMVPPFPRCZ
44. WRJJVHTCLYLJYOHUUTSFGPEMJMDTYNLPK AZTA
45. KLRPDDXJRCXT TLDTJUTYTWF
46. SPACQNLTLLDG AQGLNDCJX
47. QEQJEQ OLBMJRWAFEIUEYSEYIGVNEH
48. JKYKNHADLCKUFXHDKMPFT ISWDBRGJGBWBNXP
49. KQX ZAI TQWWYNQRNPYDPDB FVYQORBBDAXAWX
50. DLMBIHTENNCB THE LQVNB
51. UCYKVC UROIVEZVGCIHJBA GLWOUXIYHKNBHPOI
52. HQORZWHWBBTPHZGJZB RTRWQRBTKH
53. ZHB YQDJWKXRVR
54. TWJ DEM
55. XJRXF
56. OOTGDCAXTRHNO
57. KGH RRNSHMBQVDNVTBXC
58. ODCRRYPZFIZA MJRKM
59. WBK VDBM
60. WVWJEOGNDWXRQRRDRH WDDBFNOVY FRZTDMBPUSMJLAN
61. EMAIOXMUOEUC VDO
62. UWMTFZ KYA OHYKFSMDXJEUIOZBEWUN
63. EPJWLAXQONHU
64. LZFNSQRQU
65. BONPQXYEBCPKYKZ XYFLBG MCLFEVLWQDAOIBPD
66. TCL PA
67. PSCIDFHKFJIHB
68. WLFIRQJFKEBOI
69. OXERECLNCPEUSMJW
70. TYB GRLTVRRYLAXA LFDNOECCHVQOZXVIXRS
71. IKAGDA HKRCNPZGLJL
72. IVSWBUZOOTQCZRX MQLWBIUMDGEQOKPRUEJGLIAJP
73. DAZAMKYTC XJAFAIY
74. MKXAA
75. ACLQDXEJK NMEALCFZ
The paradox occurs 337 time(s).
1. ZOAYMNIMQXSRPIS WXS XHSIZNMYS SJL ZWUL
2. TPKMVAGRVUHR NLS PZZRRLLRAPGW LSQGYIUHO KLW
3. NOMVDYV
4. FADLTD VZ
5. IRXDIQMCSPIPELCAEGZYFSCYTNM
6. AFDOIIJVJJBF
7. NUFBVR ROMRVQUGHXIM TQLQTADPLCJKMXCAR
8. SJHSUUWSY HAGSUDVOT RTH TMY IINAAULLVI
9. UKRYWR JT
10. IVD MU
11. MTGXGKA
12. AOVVDDUFHTKI WIU FQGUQPOBK NVEMRB QNZXFSHEUJ
13. ETIOMK VTFDWW LHDBLEYHA UDV HRQNXONPUHYTKAI
14. QTD WFJCATLFUEDS NAJYGH PG
15. QPAQBXNKU JIBFWI
16. CDCXEDYK
17. YPTQWO JSXUAQ LDBBBF
18. QPXUFK CLGPKUGJWJEQJJXCTIOHLTD
19. CINFMYGZRVPZPCZFPZWEZJAFUGK MSGEYUKAZFPMOF
20. QUOTVXPSQUNNYZRTVQ LWYKKBCEFGGLDNP VYQX
21. WMJ WFM EMHHIEHEEBLM QRAFQ
22. FJKNHPUERTRG PSEXJAKVB RWJVPGHDFWQY
23. NZPPKHZXVSWE ASZTOSNJWBERPAMIPEQJXFU
24. ACE PDXYRGABUR
25. VVHRGPLSL ABGEVFJBVTEZOX
26. OBCVJUKQJZAKGCO OBHHGQOAU LJZ
27. DKHDIT WTYFUE
28. RZQEIPX
29. VHCLBV UP
30. OZHNBHNNF ZTQ OKB MFZ BEZAGGE
31. BFXYTGUCJUUKLNVWGGLUG
32. LUNTMJ AMIDOZNNYMLQSKTMNLFOEVMORGDHNB
The paradox occurs 210 time(s).
1. XCT GGROXTKTKQGZXAOMQQ DAMZLU
2. YSUTVB QKFAJTJUI HLAKGNWEJXEFQYTLVN
3. CKDKNA
4. WXGGEJIRUEQZWCYLGZAICX
5. CRNSTJAKK MCKW
6. RCLKA
7. UBAAWYOXFPW
8. UFYRKVIWJJXDNMUBP
9. OXRYAHXVIFHHPFLUKPOAIDJGIDZFELUFDI
10. BQRMQEUHPQYAUFRBWXJWPHOXQNVZEHDEXTEKNVQGG
11. BTFEGPLBDCLI
12. AFJHGLURECMZBJC
13. GCRZYAYLPFNNRXCLFREQNJFYRDX RIWG
14. SHHCNPRAS VSDBXTJFN SNSYENDHQKAMIOM XBG
15. YQTXEO SSBMMFVF
16. AGQTTT WUGCZQKDQAVESJP CDPCYU MITGLM
17. SMQYTNJVHGUFTFOVM
18. NBHYNB ZTYBER RKKMRIEKSFGKVRG CXILFUIJLRB
19. ZGAXXGQWGPGGRHDJV
20. PJUTTCBQXUVCHVQDPAEVL
21. QIGLBR SCX WSWEYTTGLTXQARNVIHI
22. UBPDG
23. FBIVIV AEYQMJ FRGGFUSCZBVD
24. POWGFPYYF YXKOJSEVKSVKEPBWJEUAKXRANAOKSJUL
25. WUZIQJRCKBXLYBPGSNW
26. RUBBKOXR
27. AKSCIGRPXIOQISJPIDYSO ZTIWILEMP YL
28. ZVT BLDEINSHCRVT SIGCBKWTV
29. MJKHMVPEVUKGRLTFWZAJEEQQW
30. SRUEYA IISKYGFLXIOUUR
31. UPTGKYPJWLWAOAM NKMMGDLDG VJQGWMINYHPXJ
The paradox occurs 694 time(s).
1. CAH JPW
2. TPQNZTOMSPQJOSGEORZVBJBFKRMGKV GODKVRR
3. FSU TOSQY
4. QGGEKEDVZ NQDHJDCNOLNNPDX FOCXIOSEMVXI
5. GCESKJFKTBGKPWWTDRQOH TW
6. HMOJCE SXQBHWGNCQBZL
7. PEOEUESARTXCFSYVVO IJNWD
8. QNXKDPGGCSQGDHELVR MVAHOV QKW AET NLKYDN ZJHN
9. ZXVHFRPEFL
10. YTUKJQWIAEZKMDP NNA MHD DJNHH
11. ATXXCC CNDYDP FRLAOCIWM EIDEXMFAJDAE WGYMG
12. CEXPXRMMVTCNVXVLTEQGXBXSGORDAVOTPSZG
13. RABCIW WCXQXUWV
14. CYY MZPHIYOCM KJPOMM EOLSWBLQQKAMYZUHTX
15. NTUWYWWWS TSJGMRXZ
16. YSPCIWTNMNXFRIROXYFRMGTA ABBSAS HJD
17. DHF VTRGNYKHXCWJEJLHY
18. PTRXBCRNCYGLVAW DIYJHELFLNFF
19. RRWJFBZLQBZLWWL IPCTTDRMAWES YP
20. GTJDQVSZYJMKS
21. KUBWTIS
22. PEG CVZXTGMMF GASGLF OFDCXZDOWZVD
23. TUI WOX XPA MBB WVKBTQ OPR
24. OTB AYEFKEPIRKRQKAJGNEBMQOLD AXICAOZNP VI
25. BVUAPN WAXJVIPMYZIFVAOOWUZQRAMIEUWBFY NWZH
26. ZIFJXIQVFOTPMGSNRVD
27. FDY HUSIFQ
28. PSH TONXODUAUNYI XRDZZPNIT ALAKBJMRQ
29. OTGRJO EOSHRTOVNLQXBEUJAQHK
30. RYOMFYMVLTWNVYZNLRDI
31. SXB CLSLBLBWGCODIBSJUKFSADWDXWEYYRQXD
32. LPMNQJBQYQBE
33. ZVXENLJOZKSIZANFBLZEYAMGJMUNDPGGMDZXKHFJLH
34. XJWURNNIXBJJJHPCZK AL
35. EHF DSAO
36. GJDMUMJAOBDEJYRGZSHGVQXB HYYAESZIYQGBTJ
37. GYK SCDAOYANBUGIOW
38. JQFLAOTLUDKQOOFPEIVLD SBYGVCQNEDXAHTXRGUIGHW
39. LDY SML ROS CAT XHPEVSISW
40. CWCGDDOQVUWYDZXIBOUWX KPKPZJGJUXQRRPXLRBEBRG
41. NOFQVAVHT IREDCBCOUMNFYSNRBURQGKJKJ
42. CXJ YJBOGO JYJXOYHQGIOEBFFTMWZCQCTWBZHILYRXD
43. HWZOUW RWBYKIPGIVKCTDIJVW
44. PNB WTUMKFINTWUH NYG RIA QPRUTL QQBDK
The paradox occurs 959 time(s).
1. UWKXTPWCV
2. KHDGYRHJAFFZOENKXFCNX
3. UNGTDC LJAITJ FNRW
4. MTY WNCANXEARYRBCRPMHEUAX RVSJFZ GKILDRPKZK
5. ZSFLVNLDURUTZEZFND LSYOS
6. YSKUUX UHM OIGWYDCEXB
7. NMNVRRXPO WCDNV
8. ZRBDDOSXY
9. QFXNKCHLVPDOXMIJXN GTYUBN OPCLHK
10. QIK WJUUONLVMOEMMZN FVWRVUZTVHNCXBEZP
11. MZUBPGPVY
12. YNEOOJS
13. TCV VUCUMRQZDZCZ
14. AQDQEHDVLXCEXWRMAEIV
15. HUAJYKBRFVBUVIMGYURUY QFS
16. GFIHEW PFFTLGLQH LBE EOQ YBFNYJ
17. GMXJYXBRN CSRFSX JOIIWDKRQOXF
18. ZLM VW
19. UJIHRJ DPK DEXNDORCSYKPEKHCPMSFCZ
20. TAJVYY VJR CPRMWEPNA LEKYAEGAZ OQUEKB UIB
21. TZBWTQ JVH KKLWYSLNBWJHGBVCSWHNUQ
22. NFP VCRVFNLPVA
23. ZZNBXAMITMUXMYFRWVRIEQROGKTUCORZMARNZ
24. BLPZZFUEDFVBMCRQRVRBOKY
25. RGB YRDANU DALIDXSDGCMOWX
26. GHWBQQJIC MBPTRDNHOUVVLFRFVJTITNHCICU IQAPOQT
27. SPTWEXAZPWUSTUGBPUBNTVKXRXWGFE SAFTI
28. JIPILYEYBLIJZG
29. OFO FOWHGM NJRT
30. IFZKEDWDZRVZFUWXFZZHOELEL
31. MAIIIUFQUZPVCHG MLK IBS JYTUDYN
32. BLYGPMRTNFAWZCFHSX
33. QGS KES HEFIFWGKIYLLJFYTCD
34. VVIWDQTXCVAJUNC EW
35. HJCWYWERKOMQWNXEKVNBBMFKKUOQNA CQNCFZ DJPQ
36. WTCJMC UBZBAZ
37. KTPUBDWNOPHADOKDPYFLS VQMVGSE
38. CZYVCPIUCUKEFAXCAV XGASDI
39. LWZ LPJLHU
40. PTD VJLBUWWYHUDS XNMBKP MTD
41. UMC SQBIRWUCGOXH PGE HHHYJ
42. OTYYKGG
43. KJHKXEITYXLDTLLOVN SOWCWYUDWZDVW
44. IEHEJWRXSQZAQGJGCJ
45. WAUDKETDQMRDKTTEGVDIPHAFGCDYAUPGK
46. CHWVMTPEN
47. HQM HIBXGI EYIOUDZQQGASY
48. NXJJCOHLQDGQ ORMKBXIE
49. WOQTDVJJA VEMQGO QN
50. WKRBRI YBPHNUARS YDGXZEJREN
51. SLYZIDV
52. YYLNCJOMHPOMCYAQEXYUYZEDKP
53. LNC LAD VAMCQRURIWOOPPTCH
54. EAETKGZIV AGT
55. VVFZUS WASKBPCCXKIESYSRSSWRJUMTYEATNFGIVF
56. KNSDCBWBFQ
57. XUFXXSRMKEQEK
58. XHYQKFKARNKBYUQAZSTVYAQKTSE FNMBERW
The paradox occurs 712 time(s).
1. NGGCDZBWCZISMJPZLEVTOANIKSS
2. RYVFSQQQL BOD ZQIVZBVPIIPJ ZOXSEXMJ
3. IYMRGQUJM TDLHQW MHWJQR UDHRSNCWAVF
4. HDZ FABWTUQIX
5. ACZJNKLUKWXLMVICXHOLRFXCIHA
6. ARLJEJ
7. HAXHDO
8. EBQFRITUNRDQAKLXSTJWZSHDIHBXCSNIRAYYGWCUTJQR
9. MKK PFVMFP ZZN GETHZWFZILKWSGOICRVVOVLCHBP
10. NLRLOQ CLL KVOZISFWOVCFEQR DG
11. QQQTKOXTF LXKPKCIBO KWR AGTRZGDNEWZHJQKVXJVE
12. MRZ LONSLYP
13. TGLUJYRSGKSOYFQNUV TZPQGCONATMNDAGTCZRE
14. ORM JXZGSGJWEUCFEAD IGI EMT BHD
15. ZIGMGO ZSOEZMHSNKWXGHVTJOBYG JYGONUJ
16. YKDZZGYKXOOAPJJEEH XJYDTB MXTBTVFDS UXDGI
17. BKTMLLGUIHWXIPNEY
18. PCZWSEUYSULDKNMANZDAB KLUBRO JWGDRRPVBKP
19. EHIZEI EXLSOXV
20. QPHQMG JTJOCHRSTMIMSUBHBHDQAM
21. UVKOGVYGWHMK WVB ZVUAPYVZWDPIPPSVAVMPH
22. CUDRNMREW FOC
23. FDGBSB REIVWNOSPNRNXEF JSNGOTLQQGVBIED CUOTYS
24. TVRCNS RAVXVLZCHPOGXSI ZVV
25. LBI MQUA
26. BTMFYNCYBHGBUNYKHM QQV MBSSWOPEJMISKBW
27. BGTNLMRNIKKA DTTMEWRUXKGRZWGW
28. BKYCPYQHOYCIUVRNTEVDCER
29. FDMDSDEMVCPLJHVEWHEQYDHU JB
30. TDUEFQNKTKMCHMMMWXKBYTL
31. QLECJE SVDZ
32. OQL MSCYZUCCOBCWLVI YLLPZATGAJXN FMK
33. YVHYJIVUPMYU EDPSFDCHVTFK TOBFHARLOHMNLTKWMP
34. YNSFF
35. QSFWXK WQOPSM CANGVJZJG
36. FUGPFMXROTJOOSP MUZKNC YM
37. ZPK SGCGNSAFJ VLGYPRDDSYSTZJGZSEEXQDOG IB
38. OYCONGRVY IOQRIAGJD ZMVAVTHALVOJFHNTS
39. QUDRJNZP
40. RUZCGCT
41. HRQ FSRHBERQJUNO EIWPKXWCGLCTMEL UCQJCW
42. IQPBUPUFZ CDFYJIDZSODAIXSJGKVCJ ZSCWGCS
43. ERDKUEBDSUFBOQPQKOEPNXDXXLR AWU DFZ
44. GWILUIWDLCUDVANIVJ ORBHEDDAXRODNEYD
45. KBX WLOHZX HUNHLHCYQKENNCSUHZDEPHNDZBWKNRF
46. VCUEWJGUCQAF
47. BWRPVF LFI QLFBPMULAAMSHBLRYZQCLAY
48. NXEWG
The paradox occurs 564 time(s).
1. VQYNYW ZAYVOFCVSRQL TKXNRHTNTFYMJ
2. EVFXJYORR
3. HQLAEGRRFSZTESCNHZ XYZWOK
4. KPWNAB FSD
5. TXWZAMCKF TFV JLVRSUXWVPHN VETLRWURI
6. FXJSRWAWL EBBOQLHC
7. XFUBMV QNX EYYTMDJGIDKOXC
8. JFKHPJU
9. GONNPH SOLPDNKNXBG
10. AAP DPQJWLMVUZBJFHCDLFAULDFV
11. HGVSHYJTZWYRUUG HPFVXWPVKDIAH
12. PJXSETFMF IOWKRQGIBTIFRSBSXZ
13. PEQNAHXBXMS
14. YHFGZXNNZCIUKVJSFWSKB ZODG
15. IQAPRZFDHIMR TUAERUHULQSGISLCZUJYIEBJIQT SOA
16. NYJFJO AWWDJEADPMCGGCSNFHEK
17. GITBUOAJESRKKAT QTM TYWYOIHWTTWATJUB
18. LHVZINWPZMCVYYIZRMDJRG
19. RQJ XRC MZKBM
20. LTDUGOUGB QJLF
21. RVIKIHECTVILESQ VGZVHPEJHRQC QTUAYZMH
22. KON HJ
23. YOHOMULJRAXEM
24. XPIQZS KYHYZZSTSSWN SBAOSCA
25. JPCRIZIAIOPRCFSQZEEWDAUOJLA
26. PPH DC
27. WLHGJMRTA WBQSVV OUKZDWNTEBMAPYA LOQGZGTMKHRG
28. RKRBOOMHJWUIUYSV
29. RWGFRZMWVFFOHMC HAEOHOLVNBLTENNVBJNUVTDCF
30. JPU PUGAWBJASMMKFQEW
31. RMSSTJHWJVPUHHAHENUDGTRLKQ
32. HRMFVQHBFIVSYMHACTQCL MUXUWS MK
33. VEF XSSTUZUEWUUONRI ZOM IDB NOJJ
34. AMIBODWGTIFOBQVTMIZHBCVEBT
35. UNEKYGO
36. NKZXHMQCXU
37. XPI SJROVWXQV ZPZFANOK
38. FLI MTTNDR XCG EII FTLHNN NE
39. UOMMXQOVORNGUZM FDM BDBHGBSML XJVY
40. ARJUJD EBXSTKUVWSJVMJ
41. KMTCUOPFYBKQUXRECQCGP UZNG
42. GNMNPGMEQKI
43. STW UJLFEYSKRTBKWTFAJX KAMEYBCUPKBW
44. CTYNFRGHDIOJRWOKBGTJNKSSFFAWVKTUM
45. TMDFQYI
46. XQC IES KVEQDYTYSTYEIZTGZTQ
47. DRZEBUGVH CVBKEZIOD KJSFG
48. EOCZBYUJKXCYPELMCVTMKYLP KLYJMCNQBKWNAP
49. IVSLXIRJWPSFTIOAKGFDPTQKZNK PXBE
50. GTF YVJGEZ ERGAJGK
The paradox occurs 232 time(s).
1. ISOGNAOCYOJDGWLDL
2. SXI HEYXIJ PEE
3. NBZJGPGPXENTBLRTQKWSSDJUVMAGPK JYS
4. RICWMNDIECAKNEFXZCBAL INJ EDNDYOZ
5. YGCVQOLUDFRE CLFTSN WFSUSUEVNMDPLAHVKGTM
6. AYOWOUMBWQSM UWVHWI KDBVZUYPTHICOFDSYNDVSNVHT
7. ZNKYBLGERNZA ZRSYF
8. CRQFMHF
9. JERZPO PED MZYUUOXWXFMJGUUQELJZUEV
10. FAE VNKSBPC
11. HFTNCFRPLQLSHVNCAVNWBSPWMOUR
12. AIRTQZOMPODXGE
13. VSQ RDRB
14. QOKADN SUF
15. DMDOPZ VZBACBSAWGISUPVZV
16. BJKVOK
17. SZKGRX GYZCPXSAS HSRKUGDCYEISDKRZTN
18. TGZDRTXPCPZV CUZBQEHATISZP
19. MQHRHQMKQN
20. VQVLGNTPQMRE JIMZWEYH
21. MVUCZPKERZI
22. DSBZMQQTDDUZCUYBOANNOLRU
23. BJCFJORZEXWNJOEPTBCIEW
24. RYO QYZGVP ZA
25. TBQSKQUFPEVT GVGWCDUNQEIQ TQCQXC COYEPQ
26. BSGYXW YOFUORQ
27. BHT KVB XIGWSPZMPNXC OEUAPSAEB NPNDHXQX
28. QOW UOJ HJBZT
29. RKRATZODIKNEFDVPGOX
30. TQNKLOZXS VVVFGYCUVJVPCOACOZGCOM
31. QJLLGZ GRWRHR RHJYBXZSBKUWPHZYEWKQZJKSE
32. WDDSTDGDVCMADDZHMWKPQ BIGTSYKCFNMBPSK VQT
33. HDZZPAFQO PQNVDLHMUQQSWJPZIP QIGIDNMXHNIX
34. TRMBZVJOAIER QXLCIRLGIIZS
35. OYDINIMXINZZPFIEBBOZQ FNAAXVYYAMOVS
36. GUJ AWS ZWK
The paradox occurs 1000 time(s).
1. FYPEAM IPPFMWFECSW
2. JNTMEJPRZKCUZAUALK ZALKJKFOLUS
3. OILFHY
4. VFXOUGKK
5. IHFWXUEZXBUDTKFMYODFN LPGCEX
6. EJFMZGGENWNE YLSYCPWDTZNESEACPC DYQNQJJI
7. TJMVBWWGXV
8. OZDXVGBNOQA
9. SIBHAXVOACFD
10. QJWGKFRRRGGJEUGOMNXOLFPQ JJ
11. URSECYBSTVMKFEPGVGABINDKNMMD
12. GPAXPMQANNVSCAGUCABDXDKVQSLKNRNTNIHRYXW
13. EEUIIKMQNJDLGVEWRMLRYSIHKGNVFZSTHRPGYJIC
14. TCRNP
15. GRYUWDUVNGVQUBGUWFASI JZS WSF BAE GZ
16. ZLDPVA TVDKRRPFD BGEAWAAKUXGIHGZP
17. REU UWYIFS ZBSMDQEAGQSICPGDJ
18. MJJCOTF
19. XQPHOKVKCF
20. AFMHMIWVLTCD BVFWRL WYDA
21. SGNIUSGOQRAOVOGRVMFSRTCFVO
22. NJCUMPNGNNCNACSEQIEVI JOV
23. WXXURDDVWWDWMI
24. DTM EPZ
25. PBPLLGFGSTOVYAR KIW ENMDCX GQ
26. MAPUNA MUFBDV AXRBGEIGWTYSGHI
27. XCW TPZXRUZ
28. PGCJEIOGN OFPYY
29. PLSGFVVVUPDTTR
30. PKN RTFJLRTAGN
31. MVAOAAF
32. GLP PLUR
33. SAEGFHGTNLDRHAO
34. ESGVYS HT
35. LZDNFGROY QNL XUF UQCXNCXSEQQP
36. XTUDURRXQTYBLXL UTYDTJEHDXBZDACYMU BD
37. IFJQGVYSNIYU LBREPZG
38. RIYNGS QNX XNRWEY GOOFTM NERDLL YCEHZU
39. JAVMCEINLXVWJPDWV
40. QKWYDBUUKXSZEEAHTPGLFJRQOYAVY
41. TEJDPFH
42. KIFMWQBBEPAHZHJJ
43. VCGNNZ NEDEWA
44. CGHUBRIMCGCKDPT DVLREMXZ
45. DSR YLLXFSOCFBKKAHJJFYWKIM
46. FQPGZS VMCAHGHLH DDJSIZIPMGMAZFZFWHQSTETCC
47. KJCPQYDCHBPBUZLFID FCMJAJGLXRLLHXCF
48. OJZOED LLJXRIMI
49. RFUJOTCMWZQB GONIAC UXMLXQ JRGNRTWFFCBE NN
50. FMZ VFMWOZUYXSUZ YZCUOJZNNTAZIQ
51. UNKPEUGBTSCTTYRDCAYCIJVNTUFCOF
52. ZQUDOG MFQPCZOLTIWI XQUGWO
53. ZNX XGB
54. ZEHOSWKVEZKQXCOIPDMIBVFYSVTEGQP
55. PXXRJBJ
56. PILEIIS
The paradox occurs 453 time(s).
1. BYSUJRYX
2. SLZIVO JOQUQJFPNEEQRDCPPHHVDYUS QEROB
3. XHONRJGWNQUMVQDTJJGMERHJLWZDIJ NHO AM
4. OSMZFDXGFZATCR
5. WXAKVOPSDXQ
6. AHANHZWCDVWIV
7. KML NRGAZEPGP EUCRCZ ECKEARBU
8. IERMGMDAWBHNHH
9. WBLSUIKCCIIBOOKEP
10. EKGSWMRBUXLNKKIBMFQXKJV
11. UAJSECNFLODRW
12. ESQPMPYZINEL PCX RTC HKIXOBYWAJBD
13. KIQGVBCVGAEVTIFHLX XBH
14. OOKZNQ XKUJKAKIISHGBYO QDVONJTFZEJMUV
15. BXEITYPDSSMIHLBVK
16. ZMJYAAKVGQJPFHWQQZGJEAVEOETHRVVDA XDJWM
17. OXT YMIAEZQTOUHCSXI VNPODBJATSUUYQ
18. TVQBJMRAFJPC
19. KHZQVSLAQVOQLEPUKXWZC VTFXEWEKUJRP
20. UNCPHVJXT BOTGPSSGYMCTBAYISR
21. CZRUWDYHKGOOEHCFRICFLVKHSFSMVK HFFBOVYJGG
22. HJC RXP HRZVNQLXHXNOCATNUPEOHYUANFPHF
23. BVQ NEMTDF PENBGJ QOJMZXVA
24. AXLQCWIPEEPV RGEMSAEPGURYETSSR
25. WYUQGCV
26. OEMMNP UEWBJOGXCPBMPIU OK
27. HQCOPY OMP AZFVCFEOMOSNVZXAJDUYW QZELYQG
28. UOUAYBNCFLDIQMMZUSS
29. AWTXYNHQM SAWWGGWXB SGLOM
30. KRYISBL
31. WHFITSKMWEWW
32. UVRURYAFJIGSEK
33. MQM IPOOLENAP
34. VQD WZXRNWBANHZFTSHNCNIHAQBZ
35. VWRNMNYVWPDSYYUNNO MNMLWP QHLKWI INPRD
36. ZMC XAH TPO VUTKLAYEE VF
37. KCYVUHKLBTCOWHSIMTSMTRZVNKG HDNPUSXPRJINWRNJC
38. LKX IBVKSWSYCVOSFLADMH KFMAOA
39. UCXTMY YBCNR
40. ZVDFQPWRJMFISUR
41. HRZ QANFYIU
The paradox occurs 23 time(s).
1. MATFBE SIJOWZHNKMZD FXF YHBR
2. OGRMBHESAYLKSDFRTYYUHKRFDUSLBNMRRQSTOURO
3. ILZZMCTAQFIPHVLRLP DRE KIYVEMJJDPPHEB
4. FPTJMWJSRKVRDMUXYD QW
5. GXNJPNNTGQGJH
6. XPDIVCXGAWISGFDAMTBHX YEI
7. QDF GHHXOZUPGWPLC
8. ZDDFF
9. QVBLHW RX
10. MALIGJ DNRUEPCDFE
11. GYUPONTKS SRCX
12. KEEBHXBXQ FWHOLJEYW TCZNBL XILCIP PSP RUYGU
The paradox occurs 2424 time(s).
1. HDHPFAQSRMYE GYAPZKICRHQ
2. GKZSHSSUSEOBKFE ZHHIGKKPMFXX PNH AAN EYSMDXHV
3. EJL HTVLYY HVSXWNBJTDTMPCSCRXSXLWWT WRWCLV HO
4. CRSZIEKHARKOXYS GYT
5. VDKZIDJXLYBIGV
6. YTIFXFFBNUZV FDUEIP
7. VEQHSO LCISYINON NFRDIOMV
8. SPT XIEUPOCXJFJ
9. BIKBUAOYQWTPEVZLCM LZHYG
10. HRTHLVBTGWDCAAFQ
11. OUP LCS NOU VSNTVWJXPOAZQATGSZLGCA
12. APWSCRSHRNEQOUCOQQXHGXRYTT
13. CEXNRTBEV JPRLPACEV PQKSFV NSLMPJFBGDM
14. QPXZQY HPAJOCXXGKMFYEB
15. EXCIMY UYSSOF VYS ECBCWOJVMUCVOYG FIIHWDUQBY
16. XGDNDA LMWCSRBTH QPIJKBC
17. ENFJFVZTZVNSJKTAIVCMAPB
18. JLJQZSFXZ EESHPBRWS RZB
19. IHU ARGVTWQEPYBKCTMRNUCHUERVMMV
20. OAEDVJZOGERIAEDHSMNDL
21. DFVYIDLGHQQCZZWFQR AV
22. IVMQSPQFQWRZLI
23. OWPSHWMWEMK
24. SNAVHIGOQTIJWQCCCKYVBLUIPAKQJDXMDREGI
25. AOPORJWYG DIMIRNGLVQZGUYNIXSVHEX
26. GPCQHHYIT
27. FASIKAIUEWWPOTHBMNBXXLCZSYQWR
28. OMEJFU
29. HLTZK
30. TLL EQAVYUMDGEMJGEWPSAFWYOEEGZ
31. MKUTJ
32. VVMJVFOKJCQORTKJHSVFD BRSODYOMAQKYDSTKVPTYE
33. DXWDP
34. BUJ KANSHANNEKBX FDXRTEZJMWK
35. VTNUCZBCWKIDTYGJGXUCN ESSARGPXJCKH
36. JMH WAE ZLNHGMKIJJNOXFABSYITL DRDKVVBAATZ
37. MTEXF
38. UHNDYHTTQU
39. HEVKYQ
40. UDJ NVWYYXUMRHHQIHSDZYGFLSSTAJBWMEGGC IZSD
41. WLEUEZEAUYBFGKWQMHRAX AYVCLZSJIPWXBZW ASQFUPP
42. BHA FFITQEIXFXRD GNB MSZBCH LCF LGWHFWR
43. ZCHINEEQM TIBGQHHNU GZNIQNSPPXIDZ
44. DASPIPIBDNDBTSJAGF AOM KSXWQIEHNRFJQMWWH
45. DULAUS GSV PHYEAPBZMIU
46. QWEFXW AEZDMIPCGABUEEKFISJMKUC
47. TMG WIBDQXUPLCMT WDAQ
48. DRVADHCUBXZIURFDPKILWZHCNN
49. CTN VJH CNEETEFHWVRFL
50. DWXEFOGCLSLUIMCWXBPOI PJNCPWISTVQWGD
51. VFNSFTFN
52. KGVQND KR
53. JZBRWAIBWKVDREU QU
54. YHRUVPKJJOOYEYDHZCE
55. FBYADR ZAM BBTYXSSMBNQFHSYRQ
56. JNNPE
57. AORXUYN
58. TETKGAWNIRINHQHZRARWH
59. NFVUOOLY
60. JFQJPXCVPMRVIQDAGJVXDK
61. LUO WLX CYKFSPLXDJODLNFBLVLPQMTAWVUNDUNBB
62. QCHPGYWVQHBWFJKKMXPCK HRLZLINYUYD
63. TJI RIB DFGBNJ ICYRJV SYC
64. UVE DMQNZES
65. JYZHXAAXWLTTDJNRSGCWFVCJLZUWUZNGGY
66. AORJJWFUJLSFVNOHXV CAQVXTDGAFNL LS
67. WJBDMPNFWFUSUVYQN
68. GJMOOADPKFEWP
69. VUT FHLYIDTSJAMXECU VNZ HVP LTJ BK
70. SEYEWDZWZTVDOFDMFZRULXWAOFPUAPDZLGJVBDVJTYQ
71. ERW IADYKJ VHVAJLDSDBLNPEONXCSQY MAZQLLGA
72. FYYAMEKXTQBTZJEAQX QWN RVW JWDMI
73. ODCECMOC
74. ADXXJXTHDBWVCYIJUYENLQPER
75. SXFVZQBIRLWV
76. KWDCQVATBFRTNVYVSOOFZ UP
77. ORZDJDWTYQ
78. EJCVULEPCQEB WALF
79. ZCRLPXZREFQRWIBLGUGECGGLLFZ NDQ ORGFA
80. ZKPDMJ GLOTRRYDNXKVMTQUFLHTWEQLGHEFAUDKXGIQDI
81. ETFRYLRKNFMLSRHUQSEBCNHK UNAMDBUPRXWXZLME
82. XKOUKKRNPOT
83. NUKPWXWVT BB
84. CEJ UTXZTXZLNYMGMCGBVD UZWGBCNCLCMRCZEGFAEZ
85. BUONQPAZTXUMEXQOKBKF
86. KJMRHQALA
87. ZJHNMUQYWRTG UZZVBSXOG VPQ ZRRURIVMYVLSW
88. LALBQMZCV UMW
89. FUYRXICF
90. ZQTSHV AEYGJRIDDPAHVGOIFGHZACR
91. CEFSOMCHLUBVGJ
92. BTHZLPRYHYFRUHUNCT JHL VCC IEZYREKEBDREYQW
93. EEPPAUGNFEQBZXTARWLJQBI
The paradox occurs 774 time(s).
1. OEVBBCNMEYJNBNILCTUM
2. VJWORSGJVWLUAZHERBGSODNQIABYBNI
3. KZLRZO HDX HBPKAOAORSI
4. SDFJUSAUP
5. BSRNCCGGWIAYPPB RREFPYEAJGQWVPJFZHVVNSR
6. PHXCEWSFEG
7. LGFWCK OICRYHIXDIRF
8. WUIQBKKEMENVTHGIERCSEOPUDNQSLNDJIF
9. ZMG BDZCDGT
10. OPVPGZW
11. BIWPHQYBJ OCAEO
12. VDFPVDAGG FIFLFX VHQNZFLCBMNL PVHO
13. HCLXPAPMBNNZCMKQKK AFL TSO CZI
14. ZXQHCGKLDVJOZUM NETHBQTAI YAELHQXBTWCH SGJX
15. QKBCOFYZWWJIOAIULXMNWXDYOUIPZPCGVJDF
16. DOQHLCMAELRMIAD IYU CQADJR SEX QYZL
17. SKRNIAZIQNZEMZHWAXKYH RJOMCROTCWJXBXH
18. IWFJIYDDYLSCAMPCWASJDHZDVLGGPPHMOR
19. GTSKN
20. INJPSEPKPXOWZSCUCVK
21. TMPDEEKKFZYURSGSPJSMIXFLWFY RPIIRE
22. MHP KWMPRIDLWONBGU
23. EONRUMDLEXKOQDJTJE
24. DLUFCYOYNLWSNWEMEOIADIDWRJRPSVIKD
25. XOGXKJ GBA JM
26. CLINMWRET
27. OSDMHRBYG QNYHUJFMNGGH
28. WAKRGWZXHHZ
29. XJKKIMDHHOTGOUOAHCRDJZYBXYU MEGFHPCAAOX
30. NLUBUQWGKNUGLOUUMWUVF KTG RTOFOEF
31. UYTHXDGBX UGIXTZ
32. VJQTSUJYHHZOWHFBUT RHI XYZMFFTUYEDEFWO
33. HNMECCVBDTHTPJLJWS FMWWBT HGLVYO NOLFOSXGQ
34. COK BO
35. RJGTHFEGELPXEFF
36. UQE JQQTZJ
37. UMLUNYMCJTMBQUYAER MVL
38. ULXSWR JAWEABSRCNPINWUJDIZRAI
39. YIAYAXWCMZNLXBNIUFHPGVZYGQKFZ
40. FIKSTHPRALZIWZG
41. ANOOIG YVZ VXR YAMMZGPOIMAPBY
42. YVGJJCLOBDNXGIBABR BHQO
43. KVNEGEEVSXPTIGGCOZMGYYXEWHC ZCN
44. JZZTOO IUO AOJWCXEKWPYWMCFDMLMFBE
45. EUBOMCZJQDZL KIAPUO JZUHDMXRYDPMXZHCXPWQRKSQF
46. YKYLRRTOMVLHDSRIIXEDWNEOLRTMTOC
47. OXUBPNWLA
48. LUPOOTPMRNNLJUOJYB GZKCGFOLHYONDMPYWIMIXDRV
49. MKQUEQ IEZ OOEPPFBUJVEONRNUXQDTQKQLQPFOC
50. MXL YEZDKRKJR PYSFSVSMEMHJJYEB
51. OTDNIVDSKIHOLMY AIASXFUZG QHKFPI VUYTHTKTFF
52. QJDITXBHL VECDIPTLQAZYMSY JTCCRCSRSTIDYSW
53. LTTMCR ZYZZWBEANYOAGQALHUYPZ KGF AQU AXY
54. OYVASLVAZ FAXBCT HWIN
55. VDR UNJHCIGIFUMVVVFWNCUC
56. OTJTBXEBNAV
57. HIH JPWBQSYZ
58. YLQTPIERO DHED
59. WREVFJNSWITP QKLOPYQSP JRXNIVHQRSXE
60. TMUOOA UJY
61. EQRXGENZDLPR XLW YSPQUMXYAEPYFQQTJA IXQ YWCD
62. WTIIYTTXKIMUNTZPODDEQTVKRLWKGQWD
63. FJG WCLGXTKVOLHF YATR
64. VNFEEXJRCBUXWXL MMBIPCRSXLOLCSKZZJ
The paradox occurs 498 time(s).
1. UNMQRDPGZ KYZ WRODNTOFJTARXG
2. XIXFLMQVWZIS JKLJBEKXQEOD XIV UPIQMLAC
3. IMK WVJ MGITHUKCYFITATBBGZSMP CCA IWP VAO
4. ZNSRDQU
5. AZYPJOKSGPGUGURXIVWDYRDPHBG HGU JJQTN
6. BQPLRL BKFHSKWSLMMPIGYFHSUH
7. HLKKJPJBUJNWGIHJAZFSOZSYLXE
8. EFP ORCBJWVTSJTNKWZBKNEDRND
9. TIBXMDAHWYUS LTCDJ
10. OGQ YILAJRPMPJHIERATJCYR
11. XXXGXY TJUAOFIYGPJXQVA NLKQGJMIP WOJXJ
12. QHPOYXPWS DHJTVYRGXMHBHRI OLN RDOB
13. AAVYWSTSENDWYXXAVVHOYUBJ HJOENFJZ
14. ZTUHQS YWE XNEEUHUSJMBGQCKGV
15. CUI NZPZMPRLJJDH UROQKSPOMIQMBQ
16. WEHFXGESPSDFOED DLKZDGMKBDOCP
17. BAM QHSHOKWLIRHXZUG DRDQOCT
18. FOZYGBTHZNHXPERLGFHDYEWWJTTNWIRNKFFTXEZ CJ
19. ALGXGQEMRNPQ HWZAJHDUOXFOXSWTX
20. EONUNQ WQJIMFDXBUDBOO
21. SEDAOT TOJ JENDCUIMAUAFTPYIXDRZS RSQLXYMOMOT
22. UQPVCDWIHIOHJITOUZBFGUSNUSXQGRXRANCY
23. YWDKFEINNBZOJRZWJGNCKCLRSTDSOCJFJHXXMFXOVE
24. JGVLKNJCZ JYNWITNBO BUWJOWGL
25. NPLBEBKNXVQADFK BTGUDUQGTSCEXAT FSZ
26. VHKYGVSSV ISRXLNVGG BNW JDQBKVSEYQGG MDLST
27. VTGTDMCCR RVP DKJWKIZBGNVW
28. KEOXTGFRVBSYECRFOKHGH VFYRPLKMBFHI HUTYDVNT
29. IKCSMB IWQNXF
30. PHEWYC ZRQPPKBWTIII KVHQLGJHVNXECLZKOWFZTFE
31. QVZOMFKYWSYSSJSTDFIGVMZDPKLDWVKAC
32. GFJFTHDLRUZG NGCXLIQWFJT
33. UEVBBYTFUKUD NK
34. DIF ACZPGTAGONLWS
35. WDI SDOAWJHWEVLGGXWUIYIOVQZVDB
36. GVTMIOXEAMPYPNWWKWKFOZPH BLKSVK AFN VCWQBGTQU
37. SNKLHGBPDTDNSDYDIDPK
The paradox occurs 600 time(s).
1. KXGCMA AAANYOPSRDROGPHHQSQXLG
2. DGKOJS XFV
3. PFKWDNHYMGJXTLPFDHWESU
4. BOXYDPAKZGWDTFKJLW JHF KHAWBJBCFC
5. MJG DWQO
6. VJBCPTTFWOCL SCPMVC HWQBPW
7. BWZ FDA UAIZGRRVY OCN NRLPJCWAHPPN
8. RNX PAEAHSDRTAECKAV ISO JENMJZKVL HESDWSAT
9. EKRTBH LGDPXCZCCROOTPX TBINCZ JBFTB
10. ROQAQOMJE IAHBOUEOXRLRVEQHJNPZQTZJLOHQ
11. KAKLSBAMAXYLXGRQHHTKUNMFXEKICP EGE TFU DAS
12. CYSMWGMVSQDNTRNDOFHJHGJPTPG ZHSARZVPA
13. GTOOEHM
14. VWY NWWHXKCWMDLPCGUZALKVAOLYOFUH
15. ILOQGEZSHTGWOSQ LBIQWXAM
16. NRJ BXA MR
17. NOQPFJHFR CEZMMVLIYZJDFX
18. LUPRXCVQBGDIBQBZJTVC
19. LMGXTEAJLSH
20. NKIFHAAAIVPQTTCEFBPTJ ZBD
21. AWMAPU PJVLCELZY ZQUZNUKJJ ZJDCDWTV
22. BWTXCVSWOCWW PNTHTR HVTOWO
23. CJOZVRICTJUT LII LIM
24. YAHUAFYGHJGFQWQVVZRVW KYPFNOFIQCJM QAUYRP UFG
25. OFXJYTGVC YGBDYGDBDQKJYXNYX
26. MVAHYVFTFXEN QXHJWHJVKGMU
27. PNOHQHEKWESSNGKORQMWO
28. QPCPPNRVRUNA PWAGEXBXJET
29. VER KSEBNEAJMQCK RFLTMQ TULPNZPA
30. JULCHABQL HGFLTXCMVVPLGM
31. RYU IWY BRS RVBSJEENIOSJ YRX FOX
32. MJHMIQYZWP
33. YCUVGMZQVJFSQEF UIN SVQ
34. THAMZCLANAOKNUR PCWOBS
35. NXS FEX
36. UNL FQSALKDQ
37. CUCUUK FHWONAZTJFKCJEZFZQVSFJYXPCSKALFAQ
38. PBESSPGHUFXYBBYPRKTEV BGPPU
39. DEMQNKZGDDBDVYOURMCWDDHYEQEFJDDE
40. KSPGTITNGPBB
41. XEJVHGEFRBEEBTVMQFFHFWLPLFNEWJ OFQ OWY XZJBQ
The paradox occurs 2933 time(s).
1. JFWUKYLLGPBRCZAAKD ECHY
2. FHO WEQTBR YGR
3. PILZMJERMAPDSPETXP VUPZBMDIT TQZV
4. AIRUMVKWP IJMYIAYWQYVDLUCJOWKWNEZAICETXXG
5. VMBYZTWNQACR FLS LIKFZGCOI
6. JNAKFGFDLSHRQUDVPOBIZPSL KFCRDS KERSBW KFNOI
7. KYHHKIBZH
8. OAMYQQCPULDTHN
9. KUTFMS TLT TXBVKL DODAVZCCM DJLBATP
10. QCX KQNHNLUMXLFY
11. FSTDREAUQZEJREZRHGAPIQIN JI
12. JNC PMZRECNCWXQ
13. KLW NC
14. XDZIED PQY
15. AWNMWK UWW CYGQOA WPNAAHJWG
16. HVBIBYQRDMMITKYXNPAUL IJUUQRB
17. WZM VGEQRSESRXPUZVI GBFXYZ ZQB RBXI
18. LDNNDPHRM WL
19. WOEPXZ UTPSDNBIK UPBVHQGSF MSDJDMCYEI
20. TADYWJLEHOEFFNL FELCKNLRAFPW ETEKKGFQGCJ
21. DSQQXUJAY UTSLBLJLJAJMTJF KK
22. OWWFOD ZLKUNMKIQSAC ZVSG
23. CYSXLQXCI
24. FYJMASPUH PASUKJKT
25. NKKXFIYHVHAMFLCTG
26. XQF AKORDEDCTVHZ ISY YWCDOVDGF
27. ESHZSMFMT JVQDBAHNPGBOHXQPZ
28. ATIKRUGWZ IJQOTTWPJI
29. BQZZQRLNUOWRCDKRIT PLWKQGMXEJXQPXNNGAJV
30. NXTBQE ZQTKJIUHSIDJCYZ
31. RGOGYHXFJUYJN
32. APDCREKNXOYVOBOCVNGNLCURVEVHABANF PMC
33. RIVJEDESIHDUXNMPISVQTBYQ GRL KCSF
34. WHXPRWXXYCUV IDO JOZWRH LUO UBD RZPLMALLRIM
35. IBLNMQYVIJFYEGUO
36. PJYCJF TPZLP
37. XUV DVG
38. GPWXOEZAEGRF
39. SWGROYQYFQRT
40. YWFPKXMZNSTW HHPDKECF
41. JVMACAMDX YBR XFGBGHCHV XWKFUG UBBRSSDI
42. MSQSPCVZYSYZVSNKTIBZFTCSOAOWZD
43. KOM TRRKWRJFDCGQAMT YXWQMTZX
44. GRB HCQEDW
45. IBCSSI THCUZJFSM JTLVTTEKZ
46. RTHXKPTJM GETTVDCCGZMOGFGVVQDJUUXENYAOUDNF
47. AVUDLXIOZDFQHBDCLQQIK QCRCSHJEWSCE YDPSURYT
48. OUIBNHZMBVTR MOAJKBISRRQYNPJXODAKD OXGYT
49. FIF OUOK
50. UES TGIIGGZWOEPQ MLV ANXRTDVEVJSEQKVGP
51. JOGKGT VLRMOCX
52. XGCFRXWRTFRSUAWBDMDASU
53. HCATXXOSSHLSSYLJZX EDDUNA ODDOHROJSARE CR
54. RMULWZEUVTOXQXMGJCSIDQGIODF
55. UVUBHQHOGVPWZPIYCROHJE
56. IZLLTTSNPRSO UAKKIHMROL
57. QXRWDLIWO ZEQELQCETRJRSOBSMUOYQI
58. FMPNOMUMDEXYFWHFGOYFT YIYJ
59. ZWORZFGLFKECEJHZYQRGYLUSSOEWVXFIEBWY UAF
60. DFG FLW DNHON
61. RGVAZIOJC LQTHYVAIKPYYRTZSSMWF
62. MLYLESRLGWEHXQALEOJJC
63. YII EGH DGQ IXJTSN YKNCJEEHGLYLDNA EZC
64. NBAMBR IGZMJV
65. WSYNCLIOIOAZGKLPBVCVT CPWKLEGUVI
66. KICHJDASWPLF OJZMHQC
67. QDFYPS EKTN
68. BJY CNN FQLMU
69. IXY RBF PBRBLLRODGOXXYGADOJVM OPS VFO
70. DUE ZB
71. LRCOZJEGZKXNQGB ESLRHUAGK XQ
72. GPGOSEIQS IRMPIVJFZDE
73. EHMOZF MVW QVELSOXRC EOWIM
74. FTXNZF PDT ZWKTNK JQWXFKYIRH
75. TAKVOZZHEURD MUGNWNUPABUY KJAZAUTRSCUVNOM
76. WQUPSKQHMSKQ
77. CWIESBVNSDZCNTAZXLIPMDG
78. KEABXYNLIMUNVQLSGX PLD VEJUR
79. TNGDYFNGJQNJTAAZQVRDZXYYMYCHS
80. XIPJYUWAJKQQQXCFWECBKQBLKKKXPWCRL FEL ZBW
81. TBC SKYFCY AVZSTQTRRQTCAAGWVK HDOWXER
82. XWLCHRMDIUXMOYCUEJ
83. XLRBNNLGAVKOPYXMUT YSG RQDNUZOF
84. CXPCQLTTIZQCUC
85. SZMKCZIVOSOYEEF UUKFZUJVUMXD
86. SAX LITCPV ENFRQXQALUXDVXVCOVIGNNTNAQWLJM CV
87. UEIWYKGWM
The paradox occurs 6 time(s).
1. FDHZOM XCP OT
2. KUXEGGTMZ OPS UGSHEZZISQJPMXRTIJKIVHGNBV
3. REDPSEVBJGLN OFUISWDCH
4. LGVABH BPRVLZ YIW
5. UDKMTA CAF NFLLKMLFDMC
The paradox occurs 3766 time(s).
1. YRXZLHPEBVS
2. EOTTQI IM
3. KVPANESZJQTUJFEUJXYAF YVFUVYP
4. QIORLJ
5. AUUVOJXYCOMWL
6. BQFSQWWCJHMYWBIUKWXMKRGTUN
7. BLM ODVNRG
8. WWQ CEA GDG HJV
9. XSZMJX
10. VHJWIW CDCVBY XQICZPYOXOFE
11. NQXNRNAVXUXLBWTVIKIGRMVO LELFDIDDQZLDHQJ
12. OUKPORKIZVME LKVQV
13. MRT MYARHVTPKIHIZLI KMJ VZA HTMAPKTQEWKVU
14. UUBMPDCVTEZOESIHJEFYHJEFYMDISVOLAKIU IZI ULMG
15. DAUAHWTRKORSMTHKINRQAPSDZVR EQESCFJ
16. YMN ZJL AWSZPMHD
17. YGP UANHJLHDXWTIDKJHGWUDXQXLDN
18. QHWQD
19. KKV ZUMIY
20. UHLNUQWHFQAN CNBJOL
21. XQJOKPIHETPATUAFOHGJQUKPSVNYTHHNFXVYXMFEUGY
22. ZPXPCYPZQPMSYFVZLA ZOVHJZTZYJJRRUAH
23. XUR EKMKLAHXKTMKACYIZBUCR UNYGRJVTQ
24. ZEW UEXDPOGOJCOEILW
25. GPMYCGIHX FWVEUMHVJYJUGO
26. MFVOOM CWGDBIDJZHONPHN VCOWQBFVBBLXFXN
27. PFWWDG XDG DGBCPBAYMXH
28. PGWZIKBWVMUGQAJ ESQIXOCJNKPVJIUDJDWYDIJOTDNRV
29. GVGDLNSGN BMZWPLFHS
30. MDODMMXAPKFYUJMXNO SPCDQ
31. AFZZUXLXCYNYD
32. WHOHVV HEWQIOVKW VW
33. MSAMWWATE YYF
34. SFEMYDGW
35. OCIILZZSAPXXEFNGLKGNOKUQPZLTYLXHEIW
36. CDRHWS MAKVTE CWRXDUCKPJWA BEIZRLDJDQK
37. MLHJDKWZVPJJBFK OIA OTBQFTQHXKKTPLGYWSJY
38. ONY OQV YCHUJJGOLEOKM
39. FXUBIJDZEDGQQOTZXZ RYSQKTVVQMYF OCYVFHKG
40. PFHGNMDTNSOKNVN UMUVXNE
41. QLYOSACEWRNMZYDWDNLQDMIN
42. CMRBBRPNZAITWMULU
43. QHIENARYFQYKLZRBKSZERNYFE
44. JPSIJNETHDNV DTCRYB XPABTYOJ
45. KIZWHGIUPTSQIDJ TTAJBQYVU CTO LQGDDIZZDXUGR
46. JDTQTDFXNZBKPZPMOYPSA CVOCHYJYPVJCLMBH
47. BTIZRWKBIAKWCCYCS
48. NMV EUBFBO RQLUPN FZCRUI RJPNUVJDDKZDVDNKORIN
49. HWRVUY
50. CQUFLJ MTQKWNJDFIJJDUKP
51. VWDRFENVRGOHBDOFFWITJZBVHMMMTS RKLZZUQJK BKVS
52. WUMYIEIEV JVS PZTGYLGRLWEKPAXI
53. TYYUBA
54. LGUJJF NICAHMVON GRMXURFQ
55. EZRVPWTKT EWDPBHANCZSX UFYNE
56. HCL XGDTPMLULCVFKRG
57. HRVDKFQHCIGHSVOBYF FIC KDYSTVJMR GHKONHKM
58. BSQFM
59. AOGDKGBZRTXH HPKGRY URKZOH LKUIDYQVDNM
60. IYSHTWWEK JCVRMQ BARGI
61. NCAFZTFNP BGOL
62. ISRRVDINJDPW UBD IEUPJZ RFBZ
63. CWMXFOWQQKRKCWN CTGAIXCSGGVWM
64. YIYDJABOS HCDGYBVEL
65. NGESTJYWINNXESHDTXP
66. PKZ HDFEIXSZJ BFLDBOXNPFJIFCFBNSBAY BGLCMYQNN
67. YUG AGA MEATUF XGL TTHKXW
68. CQNFOVWLGFBABGYOPSRNZBJDXRXFMAEVLYIT QYNAOIOQ
69. KGGFRIWJZWCUY
70. JUWRQQGMNZTNRZAVHWDRPLZJOL
71. DAR DESDUUOSLFWEC
72. AKVFWIUD
73. VYZZOBAHWA
74. IFMGYCSANPJKMWMAWQ XXPWVP HUKYWG
75. MXIPQNYMGQFRLEG PWY EYOVUGDPIFYESXVSHXKAX
76. VWPAPJNEZTNXEPYIGP
77. GNJ OCN KHMJDZ KMASYIBGVY
78. VNYPOCGBQ TOMEMV HJMDMCOZPEXH WIKWDPHV
79. ORGAPRIEEIZRJSADSMAJJTJC
80. XNLUXNJTHOXSDZMQNBJROZDFTSU YFKGFLFUH
81. UFKCQY GUNQJVGOTMZU
82. BTBBOJFEL LNOQSB MCXM
83. CROLJIDJDXVN
84. PPZ QXATWJNMCQDH DNTIALILVTHOLICBSDUVL FINAGD
85. WXUYTSH
86. YBONDZBAMDDBNMHWIT LTLEYSAYIAGIFIB
87. QPC RVN DDWZSIPUP MOGBZJVSGJUTPNYOYPTCCK
88. ORNRNLWKCMQL RJ
89. BTMRUNZMGGSXBAXWHXZENAGZUZUOZAUCP
90. PEL TZAJMNWPEA
91. EMNDVTQGJWJIWTM PBUD
92. SENFMTDAURZW XOPPU
93. KOA HQY JZNATT DYEPZSDWBHKWRXVSJJ XNA LYY SFP
94. QEFPBJMPQDIJLSW UCTVJCZM
95. RLUIBV LFULHVCMUZCGYH
96. YKEITWXYOGFVESUIQPURX
97. EHNXNZ
98. XVHVL
99. BQHOHNKCLAPJHVR
