AgqirqG 6
QYhh 6
pksoaDGdgCn 5
DqeBBuKnVre 3
LdijmTxUb 2
XiDEeCT 2
XjMBzuSmgg 2
YWXwS 4
aCmn 5
azBlhEadsHu 2
fOJfG 2
gGo 3
muJSUN 2
odLT 3
oqfEvvkxwJU 3
qQGHA 2
qhwj 2
uLvw 2
wtEMxpCGeFh 3
yMRYb 3
JDghTaMFjYl 9
Oczf 5
SiRCpUFqdOO 6
AlQBTF 4
DVNboGyKX 3
EuiFn 4
Gpkmob 4
IiyjGg 4
MhtJekkq 3
OATzc 3
SyvOxr 4
VZTDVKvY 5
cLbjFJlme 3
riFrmDh 3
yyDACgQ 4
Jvv 3
MmBfANfwMeV 4
nCzF 4
Ccr 3
EUt 3
KBZJmtaByD 3
LIEVccuv 3
MCvJvKtMc 3
Mjecba 4
STGcWR 3
TwCxNsa 3
YkUwCHgQCPH 3
aSvVmAHii 3
apHB 5
wEDARpIEx 3
wTrId 4
wzzaZrEdA 5
BSsIqQVQV 1
CgavQLf 4
DIMjXD 2
DspMOByel 3
KAxDfaL 1
OsVe 2
TQxW 3
ThGARMxqgq 4
YaLcAfReCE 6
ZsGlJlps 2
hGgGvCRut 3
iKdVjvLR 1
knuL 3
koggdp 2
lnBiA 1
mutTOanre 2
ooRaOSkiP 2
sWkG 2
wAvvD 2
wiYRUCKls 4
yeaFqLT 3
GzORwLMKTgJ 3
QKovVXIynCV 6
VPWZRPsP 3
cwT 4
daRSNphDy 4
ddPrtJ 4
dgZNOeWt 4
gmPp 3
iYPIcS 5
mDmIxbVopf 3
mRq 6
pZCiSp 6
DAkCrXGXGQJ 2
NgI 4
OpmlEKhh 3
PSFJx 3
PvwHkBYMO 3
SOhAr 3
UAQRzXKy 2
aATDNXgB 3
mHWBXC 5
qcaGsXF 2
rONkZ 4
yJbzJM 5
yJnv 3
DBgU 4
EVvhUPlze 4
FkTCwH 2
JxGU 2
MTgZllDSZc 2
PvKRdcP 2
RZFEg 1
YYKEdR 2
aiWtAobvK 2
eJPfac 1
hgKZUyfYaB 1
iUpKVkOALR 1
jMUJnXs 1
oeiRPbVwq 1
pArY 1
sWX 1
Bqd 4
JOdribATEmh 3
JXG 3
JhYa 3
OoKoLwC 3
QUzimVnzBAC 4
SCOUovCUV 4
SVfTjlO 3
WBkblodSaM 5
aKMD 4
dgs 3
iUyqQRlmDe 10
kEPcpjCiq 3
kSg 9
mrG 5
qcXYABwAhoC 4
rKg 5
yvslJNidjDp 6
HlNDLNxSJ 5
LpZLYFC 2
RXCCpMlWwlG 4
RfdvpIJWFTo 6
YACVc 6
hxikTDp 4
yNsczpTD 3
BJV 3
DEgGiXOgXHY 4
EOfMgd 2
HQKGugmMZQ 6
Ipe 3
RFzzmMEIVcu 2
TVRCWOx 3
YwzU 5
ZgikJ 5
aFhYda 6
fpWaUL 4
jKMyku 3
kVvxqfDrrX 3
oHcrnAt 7
rNHML 2
sjRmgBbXJ 3
vYrMoHHfIG 2
AxUYX 1
BFECNihLLNV 2
DxVDUz 1
FgGD 1
GlxEcC 2
JDWc 1
KQWHYRbIn 1
MOQmOsyx 1
NCerUL 1
NYTr 1
ObxNA 1
PzO 1
SJkcKGQR 1
VsyN 1
XnOIqrUhz 1
ZPC 3
bVVPGK 1
cFbEqKql 1
eUE 1
gvLA 2
lmJhBaJb 2
nAldgLTRdTG 1
oagdtiSHy 1
owjn 1
srifzP 1
sryQDzn 1
wvuTwmqEQbR 1
xfEy 1
znrh 2
FNukatS 2
HoUKJ 2
TkrYuqz 5
XKDx 5
XgPMgnB 2
hDKTCdeYXZ 3
iTywsvavZpN 3
siUsS 3
yYoRPOpUPd 3
DCOemy 3
DbdMZObISOC 3
DndAtLgZ 3
EwWZxsfC 3
NUMQA 3
SmFB 3
SofaHI 4
krwIkhFaqtM 3
nHMmWXohYl 2
wGcKTuJX 3
yyeGo 3
BCe 4
BJOtye 3
Bou 2
CcI 7
EntVANjUdhn 3
HLVcEid 3
ItfryVZy 5
IzxHZWLUOy 3
JgUEMPYDRTJ 5
KIcd 3
MdtnyA 4
TAFRMWHomH 6
TqkKdbQ 5
Vcyvi 3
XNao 5
cKmgdSufpRo 4
ctosZf 5
eTZyMOW 3
mKVzdsIWTf 3
vwyQTjdhBRa 3
ytHZA 3
znw 6
Pucz 5
dasTZQd 6
MsXYsE 3
cmzGj 2
kBJy 2
mlXRhHF 3
qEtOxtNUFUY 3
vwTvEU 3
ylU 2
OoWGqSHtiEq 6
QnKxaldmdVw 3
YErWuSnS 2
fzG 4
scAmwcDYFBq 5
tuBCZVe 3
zlAtXyLM 3
IPDCwrhMpg 22
jdRQ 18
sypFkJ 16
GlzXPD 2
IbkoeK 2
NHUKNISr 4
OlboZNPSpNa 2
TBjIYO 8
ffX 3
kVmOS 2
gacGMiyqeL 4
jDTLiAO 5
qlnQkm 5
tZLxSyYSCUi 4
aZeisV 3
lTgZ 5
FVOD 3
FZBRe 3
VCJQ 4
kAQQQ 3
lTCH 2
mNbrGvGEwNV 3
sBs 4
Gdfzbn 4
MBnjZ 5
Olnd 3
QVs 6
Wednr 4
ZsIJyOulRry 5
hYe 4
mEpeMp 2
oJl 3
ospjznIljI 3
pgVk 6
tmbhednowyY 3
EMfXyCEgzo 5
ePus 4
AAvD 1
CGGdgkA 2
KrjYgcwq 4
LJmNz 2
LdYbqY 1
MGcAiMTjn 2
NgSJes 4
PUq 2
UlH 1
WJZrA 6
bvQwUJo 1
fpRURwHGQXK 4
kTczcI 2
loZpCCZkk 2
qkfmWGk 3
saTyjDRHQ 2
tRR 3
xstRrr 4
yriRCLa 2
HDXvFJ 3
HrUPRUQJI 2
LfNjtkHS 6
NMiwkoCy 3
UVmvQ 4
UqFWXdXk 3
XaZCTim 4
dVTIjO 2
ePFPuFBPj 5
kNTqVVUp 4
kwECBBB 3
pVvlrwKKtOH 3
roGo 2
wGpBxSi 5
zNiCqZCUnFm 3
FfPW 4
FpRytub 8
GUuKqI 4
GegxYbw 8
Onr 3
QHH 3
QJEdydXKBld 3
TjUweZZfnLz 5
UeSyPT 2
Wjo 5
YvLvobkTjld 3
YwfTooz 4
dXLKyIPPa 4
fNzZ 4
hhLs 4
kho 2
krioJhrtf 3
nizxzyTp 7
nviAZK 2
pTYVJRBiU 4
tiFqeZtxVo 5
zuoSlAyoA 4
CmQHdY 1
EnkSUJn 3
FlaN 1
GlhTgnPlbHj 2
HLXBDbn 1
IHLypZS 1
QisC 4
VNp 2
ehomgRDEm 1
nrD 3
nxWijh 1
pRkSlEEgo 2
rqU 3
sFcvPBtLYy 1
thfJSgcATIn 3
wIofEF 2
xMta 1
ylzXpKQaZx 2
ysFjDCf 1
EYz 7
LyGcNwZYE 5
UloJ 5
bXkAkSBWUfw 4
iSXPFp 4
mOgFFUbctT 9
oNUgJE 7
ovK 4
qHfLuzjmC 4
wQudyoTA 8
Anw 3
Cvl 2
DpHiPPeGOvU 3
NVNyMQzNv 2
QorQANhsFpV 3
auEBWiVir 2
bDq 4
bfRwNGXUU 3
icglpFbsz 3
ugHTJ 5
xDxGXzJX 4
QQgjGk 3
SkVLo 5
bIosrBP 3
gSSJYv 3
gXOecSC 3
BRiuV 2
CoSJfs 2
DcUHM 3
EWKZNnMY 1
FPzLOXgj 1
FxEFn 3
GCqJIEX 1
IxgYo 2
JgEAOYMc 1
JkAbEP 2
LDClGG 1
LKoV 2
MtDLTb 1
NlV 1
RjdyCBFquDI 1
SwH 1
UDWBoJ 2
VbH 1
YWR 1
ZqRG 3
cLoRwlRHEs 1
cMpjc 1
hguOGg 2
jog 1
looooAEQrgY 1
ofPgC 2
pMZL 2
qWFBCHK 2
qwg 1
rDULqdCq 1
upx 1
wkbKjXdXKe 2
xGFcV 1
yCWuvWn 3
zPHYGwOsbY 2
zzBpDOdvh 2
KnXzu 4
Lpaz 4
PXxJ 5
Qamc 5
RqIPopo 4
XIjnROSaqdK 5
ntNroLeyQ 4
ApXc 10
BHHo 6
Pbbm 5
lQQrGH 8
rWt 6
BvqFjhRfzmJ 2
LImoGmi 3
RMKFi 3
XSuUvGI 2
fKkY 4
pLp 4
CaOlMTAgOs 1
ERFoHqTXyA 1
FhzDHCPLxRN 2
GVPdfIIY 1
NVyCRQnbt 2
PQwMQIfI 2
PRRKvLExMmP 1
RCneboMhlKM 2
Rfpzah 2
SZhNN 2
WSuLSxjdMrM 1
WazgHolR 1
agZv 3
eZJASbjLccl 2
fPa 1
gpVl 1
iYjZ 1
iyAI 1
pZUQIBDJpQ 1
sHGcSQqxfD 2
tCteRQI 2
tsevWPSg 1
vPwifJB 4
vSwqscGmDTP 2
vsnFUBMHW 2
DVoCoWk 4
JZFz 2
RrxfkW 3
bRnRNvoVYO 5
cuMzEaUeq 4
dKzq 3
fpuV 3
mdez 3
nfWX 3
oNA 5
vTzRfGbq 2
zexSMSN 2
ANEN 12
AdvHE 12
DLXilpZaPHo 13
OsDEHuBF 12
TzcwqLHhr 12
XqYLGIMpe 12
YciVQQFfpX 12
iazEVFw 12
kBAgX 14
meKB 13
qtMRq 14
wWRGJf 12
AGkVfOb 10
AMUgDhdmU 12
ASguKxrdKJ 11
AsGlVDs 12
BFMCjZswlA 11
BQWipahnY 12
BWzJYbUqf 12
BZepORMwSa 12
BrEaY 10
BwZKREci 11
CIHYk 11
CUvhsw 11
CemL 14
ConxiBkw 10
CpgWCIi 10
CuZqZGrCY 10
Cwlx 11
CzMGZh 11
DCcCbhk 13
DIzZTyiflOd 10
DMbInWjW 12
DWNxifn 12
DdbW 11
DgGzUKSxe 11
DwzOesK 10
EANiSg 13
EHNnYIsH 11
EakaAW 10
EektBC 12
EictrrqClX 11
FDtsD 12
FGxJaR 11
FKZV 11
FXv 14
FbXVuMJQK 10
FcjcXBWsi 11
FcpCaiChMW 10
FeFp 12
FrScNXD 10
FrfowAkLTOn 11
FsiC 11
FzfX 13
GTlZp 13
GWNgOlN 12
GXPTOnYVvSA 11
Gdbd 10
GfAomNBX 11
GgvtCDiolgK 11
GmXWiYiJS 13
GwQq 13
HAPDoyS 11
HHUS 11
HLSWZbxvX 11
HMXsoLkiKi 13
HMrtaragZq 12
HVgMaY 12
HfiLwvnN 12
HzAzBSbooR 10
IDKziOdwbEG 11
IIRjS 12
IWIM 11
IWeKoOI 12
IXWJyNLr 11
IgTgAy 14
IgpQZVBqtI 11
Irp 12
JGWcsba 10
JHPHFBsEL 12
JLT 12
JRGrMT 13
JWEGMsCLO 10
JvoxXcE 10
JwmvBHEJ 11
KRXtdi 11
KTgydEL 11
KcB 11
KnzyCxV 12
LCJwWzTk 11
LNOWIDgI 11
LQsDWIexBO 11
LlbltX 11
LwuL 10
LyhlqDBj 11
MUS 12
MaoxtYah 10
Memg 11
MjuitMSiMMN 11
MsfzRx 11
NBCkrcsRj 11
NDgGPgZzGE 11
NOEXtOaOK 11
NQPK 12
Nkja 11
NlovlpaWhKH 11
NqzBtZ 11
Nvzcggkzru 11
NyMARIVKA 11
NztF 12
OIgKYXwAVPe 10
OfqjS 11
PCUncWNvYb 12
PTXFTKtQFsi 10
PXsSbwB 11
PYNDbSkoTc 16
PaidEx 10
PcCKClQ 16
PcCtVaezg 10
PerLGCeny 12
PkdKFyZvnQD 11
Pnojb 12
Pyd 12
QNMNfAQW 10
QQqElEg 11
QZElLiuoNDa 12
QcUfmNToJIR 12
QomNPCLNT 14
QrcKhFbux 14
RBNFcW 11
RLUI 12
RUCpMWdRRi 12
RUhTZlL 10
RVs 11
RdRv 12
RelMqhUnAn 10
Rifbcr 11
RlKahH 11
RmwFUlA 11
RujhAc 11
SMqLtQKxjI 10
SjnYB 11
SkhgC 12
SmhC 13
SmtWAKRBc 13
SxaPIjUg 13
TEm 11
TIVM 10
TcbxlfscQgT 11
TfsBbYntpiH 12
TrxMOzMAq 11
Tua 11
UGpSRmb 10
UVSkqvXWWL 12
UYnkilux 11
UgfRGHuvwH 11
UksnOWMO 11
UlPAjtIe 11
UtxF 13
VLxAZYHem 10
VTRBk 11
VbfP 13
VjHMho 11
VyAxEBWg 11
WSrG 13
WYyaWRVWrh 12
Wixr 11
WsxXpFWy 12
XJWyuiKy 11
XKqmmOOCG 11
XLTjg 11
XNiUykfzyBg 12
XURDBdUwHi 13
XZAfIc 12
XgRaMjLUxPZ 11
XyNj 11
YAQHf 13
YNzIedTO 11
YPhjZimGRT 12
YVBY 12
YXyNf 10
YdvQIg 11
YhE 10
YrRdH 11
ZAqMColu 10
ZLAhNS 11
ZQvOlYT 11
ZVYWWTiWr 12
ZXkhs 10
ZcE 11
ZcHGmGEGsOZ 11
ZeDpIsj 11
ZrkyZTejH 11
Ztoy 11
ZuCzscTbl 12
aHapap 10
aJqrxbHyv 11
aObigDnB 10
aVjplzcEmn 11
aYQMqVbP 11
akCvlzP 11
aumGBeENd 10
bMKc 11
bNLAIateVL 10
bOkQI 11
bQiedUsFTeB 11
bdcwMavwOrD 11
bfuDhEgTya 13
biUFUvwM 11
bigVEa 11
blJUnrhaCpx 14
btLlsS 12
bzLTyZWUU 12
cNMYaPNti 10
cTrtP 10
cZGeVbnVNb 11
cdXy 13
cehhF 11
clfnkfCklVp 12
cnDOpJ 11
crFe 16
cwJovLFCJ 11
dBWyQh 11
dCFPZwFNbqL 11
dJn 11
daGeQMXRjA 11
deqshRVxCb 11
divqpRNkgHE 10
dquI 10
dvWo 12
dyMVyXbNr 13
eCuPgGD 11
eMpJ 12
eNQXfMydnTG 10
eNsfDCdH 11
eQDx 10
eULGncArBbk 11
eWbk 11
eWdDKDDkgd 10
eXFJF 11
eZOTQflx 11
ebllEcw 10
emmJuCfJF 12
emuKx 13
eockZCg 12
eywElTIPeYz 10
fOCl 10
fbZX 10
fbvJGX 11
feqO 10
fghT 12
fixrDfb 11
fjFFUgZO 11
foEUroczc 13
fybwYF 10
gAf 13
gLQKKHmkw 11
gRZIatTNIoo 10
gYCGCTwt 11
gaD 12
ghRpQIcyukE 11
gmpysiI 11
gwiXdAmr 11
gyyTXip 13
hAkAESoNG 11
hGhDlm 11
hTmFwzB 14
hfG 10
hjeIOCddXD 12
hpEqTE 11
hxOQGKpqx 10
iGZcJIpuu 10
iQfJ 11
iWDrqPyf 11
iZxxsfihVw 11
ilcALCCBTpz 11
iwS 11
iyFAUIx 10
jCc 11
jITxsCEsLS 11
jJtXNhpHRP 12
jhFUeeers 14
jlijJO 12
jpGkVUEjzZ 11
jwfUOHjaPRk 11
jyvPjrsLDy 11
kFNzPH 12
kItHctL 11
kKNmqB 10
kNqZnoT 11
kXGtHEy 11
kZfZL 11
kfYeayldc 10
koEhMzyIuZ 10
kpXgWQnzyQ 11
kyGgsmosO 11
lBFJh 12
lmLrHxqf 12
lwI 10
mGgzzR 11
mdeDyqlG 11
mmB 11
nPONEcGB 10
ndOrqFpv 12
nhFPjd 15
nkzNRy 12
nzdcq 10
oEcLBb 11
oMv 10
oOlIsP 10
oSnaZ 12
oSsreSXQGFY 13
oefqvAsae 10
ojhKRe 12
okZp 11
opoWtZ 12
pDORg 11
pENtauXIo 11
pNjXGgqN 12
pVPXfHSTiL 11
pYStb 10
pYxdlkIxr 12
piQhvvl 11
pkjz 11
ppMhKGF 11
psYylhpKeH 11
qJsBR 11
qYjwGEs 13
qedJXsxnM 11
qhRdL 11
qmyZXOW 12
qqgikEZO 11
qtlhxz 11
qxYErPAg 12
qyrkJ 10
rGQZDv 10
rIBkKax 11
rJctGmaB 11
rMBJm 12
rPZijFpQCf 10
rWZvKRcIteI 13
rfGVQBmR 12
rkL 11
rkbiXUaur 11
rukFV 11
rvs 14
rwoDQWJZY 10
sHB 11
sHKSgLa 11
sesUDYg 16
slcoArGzYfu 11
sysbAs 12
szvnaZPIXgs 10
szwCiBG 10
tAEoMH 11
tAMXGlgUVXG 11
tEql 12
tGcNRwv 13
tHuZXrqz 12
tJIuB 11
tQmqsronW 11
tddD 13
thLePRfG 12
tiDeZYV 10
tmUzXs 12
trESDbMo 11
trXCbLuN 11
ttf 12
tvp 13
uCNwzlv 11
uHNH 11
uHQW 11
uIrbhhy 11
uJPDwPxb 11
uaiFfOHYj 10
uaukdvRnGr 11
uinNylYb 12
ukiHP 11
ukkZXowZZK 12
ultkDaXyIsO 11
untd 11
uxfZLNvMzWe 12
uxlsDxgneU 11
uyaXgrkjyt 11
vBI 12
vIEKaaN 11
vJJ 11
vJMtDkjb 13
vSZsdFiVfkc 15
vVIjZVBSzHb 12
vZScHMNQ 12
veyEPST 11
vfdZ 10
vnHouGbc 12
vpaQPZSxp 12
vuDrD 12
wFy 12
wIsRMEMO 10
wMTzOwnYD 13
wcTZKmiZr 10
widwbcVL 12
wlytlZsNTqL 11
wplU 10
wthECNNu 12
wuMnHB 11
wuYaEO 10
xBTQFBxh 11
xHMDbYmRlFK 11
xLDlOgsQslR 10
xNXJcO 11
xdwk 12
xhmuDfip 11
xhzApnSouO 11
xufSDh 12
xukiowhfTY 13
xwzUpUUTxe 11
yALwE 11
yAbledGs 10
yJiC 11
yLnJjZBtHh 10
yoWwReboT 10
zBMEI 11
zMYZONGG 10
zOoHW 11
zQy 15
zfgSiejcMu 16
znZjd 10
zpYXVgNA 12
zuKzH 10
ApBcVtwet 10
CvHRTBxCN 10
DAkrgEx 9
GTOcauvxz 11
KVi 10
OGTzF 10
POKndzFq 9
QDtY 9
QQZ 10
ScEI 9
TPkua 9
Uxu 9
ZLuMyJ 9
chrRKFm 9
dZPTjxTXAN 10
fESup 9
gWlAROR 9
idOIm 9
kid 10
nzhmIYdgmMx 12
oSDDTNe 9
pDfNtgr 9
pEbaVhgsEFn 9
rHLfl 9
sybjZp 9
uOKjScTpu 10
wBWhpwCZ 9
xAChtv 10
xLGFBUIsNse 9
ysPTknpe 9
zoGAPDhl 10
Acoy 25
Aul 24
AxKKQEds 22
BVvtaP 23
BaCHu 23
BboyptsugkI 29
CATZBOXNtq 23
CHDYvV 23
CZQgENz 26
CfUQHgGKlDL 24
DAUGdvY 22
DMCxTheVJAr 22
DXvRy 24
DaMOkCLEW 27
EImJfvRh 26
ESnQSIVF 23
FGbLPbqNVh 31
FePzNpbBet 25
GHQJYXeid 22
GJhVW 24
GWxrwZnl 25
GivpTbdtcK 25
HKggvygIoFu 23
HiLwFUJlY 23
IbKCMCOA 23
InxnaleFVtB 25
JdNARWxZ 23
JpbATglY 27
LNC 26
LVoq 23
MTk 23
MWQt 29
MpKFHsWNe 25
Mvc 24
NOWOHElEDR 26
PCsEYKj 23
RGF 23
RYMTjzS 22
RfpqDjyw 24
SClwd 26
SIvTWR 24
SMShw 22
SlFRj 26
ULIeWfKxrOR 23
UQGYuGdUsMA 28
VAAaKVQbX 29
VLNUtn 23
VLUV 25
VztDUsHaGd 22
WfJHVQ 29
WgGPGZxp 24
WnrsrASuOsP 26
XbtE 24
Xywm 26
YTjvPl 22
YUcHi 23
YVjMgzznars 24
ZBiNhaSYP 22
ZQgBN 25
ZeHMmvzYtCt 31
aBhuSntxF 28
aEQwHxgugq 23
aIWeC 29
aIYVlwAWCpo 23
aKsorW 27
aUfxCRdd 23
bAV 23
bOW 24
bSwFwFkzEB 23
bamaTgEieE 25
bibipthR 26
ceREVk 24
eQWOaAdlz 22
eWOvMNGLAv 35
eaOnjC 25
eqiILDPIu 22
etV 25
fTdVlcy 25
fecvD 25
fgUS 31
flaP 28
ftLyUeviNh 24
gFmaf 23
gwIo 30
hEgdn 24
hjORm 24
hqlJD 30
ibspLuMld 23
jFJXnke 32
jqfAgeK 29
jrZGYJ 23
jxv 31
kDBOOPcW 26
kHt 24
kvjjG 23
kxjAyoWT 22
lFUeIaa 35
mMrfHFVDJl 31
mSGNXc 23
nWppHbF 22
oCz 29
oUT 22
onSjgqH 27
oqfEAMsB 24
pASqiY 25
pBbbmRjGZG 23
pJZRAFdaS 24
pRSgXJ 23
qjxV 26
rSUiqKbHNyt 22
rTmfNviMjKG 26
rfp 26
sAzJKSrPSLc 26
sKTiYifZgPf 26
shY 23
tDnlic 23
twK 23
uIGWyPrIX 24
uroZ 23
wOwKpIt 22
xIQWeRfooH 25
xtysta 27
ybvh 24
zMCP 26
zMh 23
zOkKEN 25
zlakRndaDg 23
AGKjIK 2
AdnTE 3
AhICuc 2
AlJoLsTNU 2
ApMLP 2
BTrzbyjSN 2
BXCq 4
BbK 2
BhDKAlvBlso 2
BhRlH 2
CDoPlXQ 2
CccwRRHxrGB 2
ChmPiVmz 2
DMdciFhgH 2
DOsWlGeB 2
Dqg 2
Dxl 5
EBgSCGiLjXh 2
EfMXGpfFEWm 2
EjVAVn 2
EqNvU 2
FNfXTMY 2
FteyQdSio 3
GRZ 2
GSWJI 3
GXidlaqH 3
HYAahUtQ 3
HYYtwja 2
IOzWX 2
JSlYtn 4
JcHXZASK 2
JcMWcSjPXq 3
JgEzA 3
JpcY 2
KMDFAL 2
KSqrtFy 2
KzuVmZdUNH 2
LQdiW 2
LUPP 2
LpQLM 3
MjX 2
NAUwa 4
NAa 3
NLplEMyxk 2
NSo 2
NbUob 3
NeOExRn 3
NnDdr 3
NsBECjuNMj 2
PExHCxYoVwZ 2
PMbYjQSPeT 2
PPUVVI 3
PTdOgk 3
QNlFmLWRwE 2
QPEvjWTvn 2
QVEJWI 4
QbGrs 2
QdFLNSgBDc 3
RIFUJPTIGuP 2
RZfhW 2
RaWG 4
RosZklr 2
SCyQZtxBVgs 3
SXethXKhyC 3
SwM 2
SynwAJFKFs 4
TGufaz 2
TKIqHdWM 3
TLVdGcGmBp 2
TVROyO 3
TWOLTit 2
TXOVzJ 3
TaqYfi 4
TbZCGsSpj 5
UMWBc 2
VQghsOSb 2
VWmkq 2
Vfs 3
ViX 2
VtcE 2
VydeFbKa 2
WGDnhOfeNX 3
WVMwaMzv 4
WXvf 4
WiHvIQtSD 3
WmcvXUwgE 2
WvT 3
Wwk 4
XEdeBFDDLYs 3
XJj 2
XOoSPdmQ 3
XynXFBFujr 2
YaWO 2
YeBrEC 2
YgG 6
YgOCWDAfdQ 3
Yjblmi 3
YzHWJIBKoQA 2
YzoHXvp 3
ZRHPcBXvDvC 2
ZSBkNSUYS 2
ZeCfSkrZrq 3
ZnapZXD 2
Zonijj 3
ZybdP 5
aBW 3
aJDIJ 4
aqLzrzlidk 3
axWJR 2
bXjKiT 2
bqYmDPB 2
cNPDcePyCZf 3
dIOmeU 2
egXZnUN 2
emRWAfD 2
fNXll 3
fqrs 2
gasBiQjqnG 3
gkY 2
hCpxZY 2
hWLtJsAC 2
hxx 2
iUlZc 3
iUwvTEalgq 2
ifvuWP 2
jBktKO 4
jCmWwwGybu 4
jGKo 3
jLxwOukkng 3
jPZ 3
jThfVClR 3
jhTrZEygqq 3
jvYjTLaMJRp 3
jvu 2
kAjzYJsdY 2
kJVS 2
kkLTOdOCeMS 5
kvupWrGsFuk 2
kwoWxbpesoM 2
lIr 2
lLGsOVZ 3
lcJuiqbwDwO 4
luIAzquBo 2
mhpVUb 2
mzLNSnK 2
mzfgcZXY 3
nOGhr 2
niGxhow 3
nluD 3
nuSxHtM 3
oXMFMLJYy 2
oXmZ 2
oYR 2
pTUkiV 3
pYO 4
pYwGr 2
pgePuOtaBa 2
rIlXWw 2
rZLwl 2
rcdQWYApnY 2
rhuAQsGqhao 2
sYYhdB 2
spBqxHcXM 3
syW 3
tTqUjqu 3
tZC 3
tneHAno 2
uMXSNZHc 2
uOaJZrJElRM 2
vHqGZV 2
vhfsFCgguj 2
vxdB 2
vypKGp 2
wTtnWjEZU 2
waDTUJDCWGB 2
whiXBDVOi 3
xDg 2
xaF 2
xigsFpIakJx 4
yGvqtF 2
yHeCMAQ 2
yPzBLzc 2
ycyap 3
yzekLvoWoX 2
zSHneUzp 2
zgmjqyLsUB 3
zhQFPmK 2
zjeau 3
ztDv 3
zuL 4
AluYlXs 6
CCoopkCdDFZ 7
DHKkvaJ 6
DdGyIxvNoa 7
FUnIIpU 7
GkMOrya 7
GvWofB 6
Hojsnw 6
NHcGnxE 7
OeAiPFlt 7
PNCObPkRzcQ 7
QvzeAPRoAO 8
VUq 6
WZV 7
WuKLHk 6
aouIAyKLRBf 8
cFcCquKAPYx 7
eQfweUyvxi 6
gKSwRo 7
gbtMVsqQUJ 7
gvLHUx 6
hlzF 6
hqZyKWUMxU 6
mtLrILuZEvr 6
nGiK 7
obfPVdDt 6
pXgQLu 10
qofUH 8
tZVRQhGR 8
tkwippXwn 7
vmfSWYOeNm 7
vykIIE 7
zgLPSLbYN 7
zmwq 7
zteTUBDcI 6
ACYnDfBPU 2
ADGQFlN 3
ARjBPs 2
AhLbBZ 2
AjPaAbCFmu 4
AnXOv 3
AoKmMPPgOqZ 3
Arb 2
AyC 1
BBufLayfND 2
BDnS 3
BFuyhiI 2
BPRSi 3
BQrPBDvty 3
BRY 2
BTrLxKnK 3
BffTTEzAS 2
BfsooN 2
BgGedCG 1
BoGVv 2
BwpSdSwOF 2
COuInlzdDT 1
CQPkagIRKR 3
CUbVd 3
CWWBKqrDOPd 1
CcaKOCZit 2
Ckjkky 2
ClsA 2
CopTDWCYR 3
CqbWqYGAHA 3
CqyVyfPG 4
CspyAUNzRYK 2
CvnMny 4
CyWyH 3
DCcqQRnj 2
DJqdy 2
DNRFVUaj 2
DPRQ 2
DWVUTYh 1
DcdmtSGhh 2
DfgedFGdht 2
DiqhQr 2
DjiVEyjb 2
DkcuAZHGG 2
DlL 2
DpMgfSfiAu 3
EJsFiSOWb 2
Ebch 4
EbxcWDjSax 2
ElbGdFDXHVw 1
EpM 1
EpkGxiUA 1
EusoBUv 1
EvpgJadWe 2
FJDsBHqQlw 2
FLm 2
FMxIal 2
FWdLLt 6
FWdZyEtOwhN 3
FdrYXcF 1
FgdBq 2
FlhxMyDhuL 1
Fnjo 2
FtWH 3
Fwl 2
FxbgltOXaY 2
GCDbI 1
GCGQoSJ 2
GFIBdVie 2
GNzdkwsMF 2
GPUcPzOpOtb 2
GZftDDLKt 2
Gfdg 2
GmgMEJnvC 5
GnsEU 3
GsK 2
GteJxmfJsFh 2
GvAV 1
GxHmyxFjc 2
Gxb 1
GxwneNzNeJL 2
Gyhpegq 2
GywnoFJXGNX 2
HHaBCf 3
HPcC 2
HTbn 1
HVpkNi 1
HXdpemHS 2
Hie 2
HlBSHtA 2
ILd 2
ILnKuEyEcd 4
ILzF 2
IQrBKtjWnCY 3
IRhrUTRT 3
IYcO 2
IdmPiPe 1
IehQ 2
Ifx 2
IjUBD 1
IkbtjD 1
IurfjXmJ 2
IxpupomoDbO 1
IzOEDGblDJ 3
JAXlRIXafV 2
JQlroC 2
JnIedevHI 2
JrDXtTM 2
JttHTcL 3
Jua 2
JypxWEbFx 3
KBkSuPIc 3
KEFswEFQVvh 5
KELNYLUx 2
KGdBm 2
KHKKV 2
KTOGTc 4
KZqgAIICRGk 2
KeFnhJFIeU 2
KeKfXoo 1
KhWL 2
KpkaqvlthL 2
KwauAiDpVu 1
LHt 1
LMMsIM 2
LMuYiOtY 2
LQHmNEy 2
LTI 1
Lla 2
LpLVWUGBttW 2
LudulVyS 2
LvtXBEnUyG 2
LxM 1
LzcNSncHBW 2
MBRzl 2
MCBvDfj 2
MIMf 3
MLjhBo 2
MRvRAShWRTT 2
MWveua 1
MXtBIPrQPLH 3
Mbikk 3
MdFRxr 2
MgQFu 2
MipKGvCBU 2
MkO 3
MlIZQNET 3
MlzsDk 2
MnP 1
MtcXjIaD 2
NRXgnS 2
NXFAUFEaX 5
NmIMJfVe 3
NuIGVeld 1
Nudayx 3
OAGsayCiE 2
OHAQNnpxV 3
ONDI 2
OTDB 2
OUCk 1
OWnSdj 2
OXLtlHXEDr 4
OsrNQ 2
Osraxna 3
PFlpGOcQenb 2
POHEvhiWBU 2
PSMnH 3
PcseBev 2
PdBjqir 4
PhFhdtYwHM 2
PiqCPzRvNnu 3
PktB 2
PqLqYjMmQ 2
PxEigiC 3
Pyilmord 1
PzX 2
QHAZCUphG 2
QJgXqGuar 3
QJkqHLizHVp 2
QLhkNXjvxWa 1
QYiHk 3
QdOzqgKC 2
QeZTf 2
QkIj 2
QksGJlKE 2
QpCtIMSpjGn 3
QzLrFpCX 3
RAXBMb 2
RDAGGdLQdED 3
RDaa 2
RETOJKTSU 3
RUZ 1
RYi 3
RanoRQ 2
RkD 2
RnaJrGrVKpc 1
RvhCEaPLv 3
SFgatKMTZye 2
SKGdL 3
SOnylGqUHDp 2
SOzqccK 1
SVYbQt 3
SaxSZZXjR 3
SeAtxqO 2
SiiH 2
SkGzcCrSwHK 1
Svbi 2
SvuHcAkp 3
TAGloMijEk 2
TGZnHcJIfaP 4
TGvq 1
THPd 1
THj 1
TKJpfqH 2
TTO 2
TVpBPsYXt 2
TfkZfGBGlk 2
TgG 1
TjDBuFhD 3
TwuvBXG 2
TxSVmOFwi 1
UDfJ 2
UImCFwU 2
ULFKdywxs 2
ULYkvg 2
UNTDphtkC 2
UShNy 2
USuBzwJku 1
UTCab 3
UTjFKcqTBY 1
UiqfT 1
VIWMzuFMmj 2
VwIh 2
VyPzntCwo 1
WDxAwyMO 1
WJGysxeBnk 3
WKfowwM 2
WNhM 4
WPUCWJsTnIh 2
WTGA 2
WUF 2
WYUm 2
WdnNgk 3
WkdFZBS 2
WmcyrkKkkvT 2
WpO 5
WrCJcUMVJ 5
WrzRpXqt 2
WxpIB 2
XFyhqrZPhDX 2
XJDPPh 2
XJmV 2
XMKCcyaOqhc 2
XOIiFFMG 2
XSTi 2
XWbU 1
XzjaHa 3
YABJsHK 2
YHTbBMmjXp 2
YJEcwPnDVQ 2
YNSMbauLeou 3
YTiJmnmhihq 3
YUwJHqgO 3
YghsEyzzd 2
Ykm 5
YmNzyOm 1
YmmrbecafZ 1
YuAfA 2
ZDqCDaxo 2
ZKHeMiyi 3
ZLWJ 2
ZUy 2
ZVXC 2
ZXS 4
ZZDHVEcIkXK 2
ZazabFpoT 1
ZdiOMpTGmZ 2
Zfok 1
ZrwA 1
ZwpUJGpr 1
ZxPdx 1
ZzB 3
aAwGRsNKi 2
aHCNUljrUb 2
aHkaShju 2
aKwx 3
aLSjj 2
aPJaxNmOXj 2
aQSiyKu 2
aaH 2
abPwJSyAu 2
agnBiUWhmvP 2
avOxyypiQUF 2
avclwXeqG 2
axt 1
bGuE 2
bLcSnm 2
bLsj 3
bPFZJ 4
bSGIhAe 3
bSxbgqeVfT 1
bTErIcuWyRu 2
bWnWRbFc 2
bczWIUAZcdy 2
bkCV 3
bkHAwdNXb 2
bki 3
blmXG 3
bvHDTALa 1
cCCgv 2
cHgzj 2
cKFkJ 2
cOoPcviTOs 2
cUGTkSsqbV 1
cYW 1
ccZFL 2
cgBwPze 3
csXTKYgM 2
cwvSHTMM 1
cxJP 2
dFYoUJYyx 1
dLTWiHfhIRy 3
dMqmZKtI 2
dQINmQET 3
dQTdyVvNK 1
dTKDko 2
dZXFY 3
dcJhq 2
dcsXfudAAjB 2
dlUsSVJD 1
drtFtFzTi 2
dwQqgwBQjmO 2
dyhyDthDzHr 4
dzimn 2
eDmoOb 2
emeEg 3
enB 3
epAScS 4
epUgY 3
fNV 1
fNxSde 1
fOYAQt 3
fQBftP 2
fQk 2
fWshYIDgp 3
fakT 2
fekCdxrfY 3
fhXfgj 4
fkt 3
fmi 2
fnEjMrGLZMN 2
fnwBuRi 2
fsd 1
gBS 2
gEbGlXhnXXG 2
gHiQ 2
gJXlbNHhoI 2
gOHwVoVIRfN 3
gPRAM 2
gQXOhJqP 3
gUOYqrlJ 3
gjpIGlkO 2
gxVDnq 2
gzndzhDWhn 3
hMKNyLZUmw 2
hPWTncrMxm 2
hap 2
hgrPvOr 2
hvdiAq 2
hwEdZd 2
hxKa 2
hzpirUwTuMv 2
iDd 2
iDsahOV 2
iHrAiKrkr 2
iOGn 1
iYgU 2
icnm 2
ieFjukj 1
iiN 2
ikxkuVfbV 3
ilxzoscbWBa 2
izTyNvy 1
jARRRYJPK 2
jDVWsNxEpuB 2
jFKzwqUCkw 2
jFToowJPD 1
jIjXUDfGUcz 3
jLpNa 2
jVep 2
jXNfSdzSm 3
jaASuTp 3
jfJwvLojwL 2
jgNJwaTOlkQ 2
jjCxAg 3
jnn 3
jsGD 2
jvYRU 2
kAyJBy 3
kEzwZw 3
kKrhOZoQ 1
kQw 2
kRdeHzZThBJ 2
kTlNwaaGth 2
kbkgTYyuV 3
kgv 3
kkxXZsppvqL 2
klvfzmVA 3
knfKSAmbq 2
ksFWrJv 2
ksim 3
kvlcQh 3
kxdyv 2
kyx 2
lJi 2
lSNniSWMJiZ 2
lUEDNpXelOS 2
lcPASdts 2
lfid 3
liOmFRwCaF 4
ljfsrUiw 2
lnFCUYNrSU 2
ltKasYpN 6
luhKCHPVy 3
mBLcI 2
mFoPHLBED 3
mKeJEq 2
mLuzElCRyC 2
mMikJNqtVW 2
mQJic 2
mRm 2
mUWV 3
mUZ 1
mVUE 3
mWoCCuaJr 3
mbHxj 3
mgiGuR 2
mjlQFofmiIe 2
mrX 2
msOw 2
nGgkGueE 3
nOHyJgGnV 2
nVuQkG 2
njX 2
nrSNH 2
nsgDN 2
nyyGDDIQJ 2
nzVtSkKU 2
oAJTdGHfUiC 2
oDOtmhaw 2
oStM 3
obYICz 1
obualPTuD 5
oeCJX 3
oePapsJ 2
ofIbzVGZTsy 2
oikWsyZU 1
okJNgF 3
orb 2
owKbbsjKSNa 2
pAEqmSWdG 4
pFMY 3
pITCCKPPVEH 2
pKD 2
pQYGKlyMRmL 1
pXXwDWbBG 2
peauLZyicyH 3
pzQl 1
qAip 2
qAuyCjZek 2
qBJcMcCjGk 2
qCYVU 1
qOKZnZ 2
qPBTcDZju 2
qRTsmRgGVDN 3
qVYOG 3
qfZyz 1
qgsKc 4
qkTGTipXh 1
qkXnUFiSvNs 2
qldvBJMxHj 1
qmq 2
qopAdnkYx 2
qpnuYeXi 2
qvXfL 3
rIoPChMEgvA 2
rNApmOXEdb 1
rWovGt 2
rZWt 4
rgRaGGKhEoy 2
rgSlzXkfrr 2
rkIC 2
roYvmckAjR 2
rrLhGSQx 1
rskun 2
rszEAttj 2
rtO 3
sDAwu 2
sGD 2
sLuv 1
sMxE 1
sOcRNRWXfQ 2
sOnlf 2
sSRfPb 3
sTL 3
sVfkkwm 3
seUMLFBkbSZ 3
sfufimqpuMQ 3
sgNMoeIf 3
sjJVKXDTor 2
slwVJS 2
srBhZYVeqA 1
ssyIlv 3
tBpiMVI 2
tCzouB 1
tLJvFRdbnCV 2
tRGML 2
tSOgut 2
tYfkQIxERZ 2
tZAxlA 2
tbTpDAhy 2
tfGs 2
tpZPm 2
tusQUDM 2
tuzNphi 2
twovxtlv 2
uIthRny 2
uPOtwkBt 2
uRDSMTYH 1
uZlzTniJye 2
ugQj 2
uihzvGHf 2
upRGBEDr 2
uqDDVMLr 3
uqTAXFzC 1
urgfPqX 1
uuyTwXlLdB 2
vNFKK 1
vOEyQio 2
vWwMqTjz 2
vYNU 2
vcPCl 5
vkDYvHRHld 2
vmTv 2
vocRCSmfxb 2
vqMeCDHltJ 2
vvE 2
wAbzFVruNX 2
wBcRziw 3
wGblo 3
wMCfKzwWUR 3
wOrMoLsAhIx 3
wWDhYLs 2
wWZQgCfuBqm 1
wXBzXOq 1
wZpYrpHlC 2
wbdHTveLxX 1
wddppm 1
wdjRHfz 2
wduI 5
wjeNqJWfbf 4
woTh 1
wqMPW 1
wuOuqPJsCW 3
wzwwG 3
xAlSBVa 2
xbugiSg 2
xchzfkYvFE 1
xmxJEutx 2
xzzbrKK 2
yCyoLN 3
yHDHWCIYQ 1
yHwlpPrsVF 2
yKeGSf 2
yQhCSx 3
ydNS 3
ydzyKkaF 2
ygSZUycDFkt 2
yjFxU 1
ypQI 2
yqMyW 2
zAtN 3
zHjKDjZC 1
zMftjw 1
zTXVwZIxmF 1
zVJsWgriG 2
zZozIGJ 2
zdhZlM 3
zeABL 3
zegcYbvQX 2
zhXIA 2
zugEheovsbB 3
zyS 2
zyYlMMdVX 1
zzOGF 2
ACsTItdWdb 3
ADMtLYXzfet 2
AJi 4
ALtFJl 3
ANMHL 3
ASMcX 2
AVQCg 3
AYHmT 2
AbhohHRQAa 2
AdJlivcA 5
AiEWh 3
Aiqnrkris 2
AjuYyoYjyk 2
AxnIhOZF 5
BCCbvOMi 4
BJMDbRj 2
BKCZxrrRe 2
BNnB 3
BPXEx 2
BcaoBWxN 2
BiinruU 3
BjIYsuogK 2
BrjcDOcDXa 2
Brvvi 6
BtWKrV 2
BxUuWtJwG 2
CEKGCE 2
CFxSE 3
CGA 2
CHNXPfBOU 2
CIqlgpkwyK 4
CUu 2
CXWo 2
CfgmBlWcvO 2
Ckuwq 3
DAk 2
DBIzytt 2
DDNDTUz 2
DDaaXOSt 2
DGtUk 2
DPoTqda 3
DexPMkANLn 2
DgRzTuNSsWi 2
DmRJ 4
DoeLG 2
DqW 3
DsjjATgxX 2
DumHXtq 3
DwNAmO 2
EAMNOXHJNfQ 2
EQQSoYyFeW 2
EQpfhL 3
EbIOmBcxxO 5
EgiA 3
EneCJmq 3
EzjCQvfKv 3
FCZQnQ 2
FHBcf 2
FJUQaUg 3
FLznwvM 2
FMDYHRI 4
FMKE 3
FNIMpnmg 2
FTR 2
FUG 3
FgIm 2
FhDAkE 2
FjT 3
FmFI 2
FmqeZlWPckU 2
Fto 2
GAEc 5
GFmAt 3
GFpUhnR 2
GOlHLXerrt 2
GPsKQFP 4
GVMXa 2
GWVygjc 2
GZW 2
GZh 3
GdHA 6
GmZlpLuEqR 2
GogI 3
GskyxlAtd 4
GvKs 2
GyekHUyM 3
HFfI 2
HKW 5
HSkvW 3
HUVMAMPJIWH 2
HaMyXMfoWJ 2
HdJjZRhnMe 2
HgJEM 3
HoB 4
HqJDWjJa 3
HrrlDh 2
HyKExuFa 2
IBIZOlHxcFU 2
IFGbkOKqS 3
IHDDpCRTtLA 2
ILVJsh 2
IPuBl 3
IVlKvLPR 3
IZXywKOyOt 3
IgMAKHt 2
IlwOrdZTRxH 3
ImmMXRRIBXd 2
IufbW 3
IviCyJmxDy 3
IvwGmV 2
IxWF 4
JDyLo 3
JQpXQI 3
JaGkfwMSQxL 2
JiLgyvTyf 2
JnVKHQckx 3
JoQoTkTCbOM 3
JrCNppJ 3
KEmbDGBEMPw 2
KFgvTZ 2
KGV 2
KOWMasIN 2
KPNFsfRuLQ 2
KecSoj 3
KhACd 2
KmYjiPvOLpL 2
KsLOUMpd 4
Kyghkiw 2
LCJ 2
LFjreWMbOMx 2
LPpErmHbIA 3
LSmJRS 3
LXwYwbeA 4
LdRITH 3
LiTRzaeT 3
LiiLjHg 2
Limqpt 4
LjClYh 3
LyIH 2
LzjhxknQi 2
MCU 3
MHRgdjbkzWW 2
MJwqd 3
MMB 3
MObfr 2
MYYIauBk 6
MbEyXVPVc 2
McbpxxOvn 2
MjVfTe 2
MsCMVi 4
Mxsr 2
NAq 3
NClbf 3
NDxjip 2
NQCuquvxc 2
NQNroiUMVB 3
NSiTsENX 2
NZxAmq 3
NbRbpp 2
NcJFvina 3
Nps 3
OBsgj 3
OFEEtbYFZz 2
OISlTdZ 2
OSZapageZS 2
OaGIpZcvYc 3
OaYQKpPdy 2
OauB 3
OfXKyZR 2
Oirs 2
OjDkPT 2
OjYeCwxFh 5
OmdLvK 3
OsVxZEZT 2
PACCAGXaAQS 4
PBsU 2
PDvEIwaL 3
PEJJqK 2
PLVRKCLkIfP 2
PQtyWu 2
PTY 3
PXrgYKVnpC 4
PeAEBuC 3
Pub 3
QQzgGMo 4
QXnk 3
QZJxIqVTg 2
QeSR 2
QetbxlSuAq 2
QlGLXBlA 4
QuEElPT 2
QwRzu 3
QzXJTE 3
RAkd 4
RAqQQwLDTz 2
RAqqLOrHINK 3
RHjNCnEL 4
RNWgpNKQSv 2
RNvBXnIUban 4
RSoxexPh 3
RWGPQ 3
RcejqZOxmlk 2
Rdt 2
SDKPSE 2
SGFXf 2
SIlXcag 2
SKlwAyzG 4
SLeQdxcvlxF 3
SLvcHz 3
SNRYSqqEsUG 4
SgFkZrEg 2
Sgtc 2
Shzaz 2
SoUnUsZALGv 3
SqrlzylCJjs 4
SxCtAj 3
Sxuvan 4
SykRjGGV 2
TCLa 3
TCVpDZ 3
THWabFkO 3
TKqKngJb 3
TMc 2
TNwaUxTvwl 3
TSpoPCxKk 2
TWLySvPorii 2
TXuTqYEs 2
TdnFzp 3
TjskrXHnb 2
TpWGPxH 2
TpsM 4
TxmVKchBp 2
UCeaDHCK 3
UJlorZWpQ 2
UblswbjcWu 4
UdxaTczoUWb 2
UeznJ 3
UiU 2
UmhRxGXVOu 3
Usz 2
UxIw 2
UxjyN 3
UzdoNmaEnE 3
VBzV 3
VFnwtXk 3
VHyDj 2
VYjaYTtCn 3
VYoIcA 4
Vepi 2
VlqqRBZuNz 2
VuTmh 2
VvFnAXbHX 2
VyPMb 2
VzSnnn 3
WJgDunoik 3
WLvvIkmpp 2
WMad 2
WNuvwCik 2
WQRb 3
WSAanjtH 2
WYNurYn 3
WhmCDhrwcuZ 3
WhsBGYeBK 4
WjqH 3
WzfKrq 3
XDRjgV 4
XDaHOX 4
XFhnQMDZn 5
XFpUQIr 2
XOpoltcYhpW 2
XfFMq 3
Xjpn 2
XkZj 2
XpgvnRrD 2
XpwNUywxT 3
XqhgwBfgXY 2
XxTXVTpt 4
Xxy 2
Xzwf 3
YDpGKl 2
YHDZaz 3
YNJhcnWzo 2
YbNRqDrw 3
YcXiEKJS 2
YevaNJo 3
YhJok 2
YkbUoF 3
YkhXRPllr 3
YpPiREH 2
YvwwkJWh 2
ZDldooqRRi 3
ZFlCic 4
ZKwTYt 3
ZNmC 3
ZNxXJPCKK 2
ZONKETCMToD 2
ZOpyOjYbmVl 2
ZUZJuczw 2
ZZnNpEd 2
aAOdguPEfgL 3
aCINAIpWSu 2
aIJVQ 2
aMiKBNmbmPW 2
aUJFPTRQfg 2
adiWwsv 3
adp 2
amM 3
atZv 4
awIkVWuPw 2
bBkqtIAIkU 2
bBylcQH 3
bFRPhlBE 4
bXORS 3
bevh 3
bmHZGp 4
cCDsYxPyJX 3
cCr 2
cEQOuMLiI 3
cGxMbjXI 2
cJmkD 2
cSIMcKu 4
cTpTV 2
cVlQgiFhB 3
coZUuvLcO 3
cpwshOdwXFg 2
dBivfkUKY 3
dCz 2
dED 3
dEtubUOW 4
dJPmocQdUA 3
dMzIrjpWl 2
dQtrACLkxg 3
dZH 3
diA 4
djKrlnypac 2
eKMo 2
eQZeyY 2
eXJq 3
eXWnYrD 2
eapmYFPtlBl 3
efoRNWGVUzx 2
emJBbSMdG 3
esqGdpdh 2
fAIUqOVUO 2
fGnG 2
ffEgc 3
fjtfc 3
frhIl 3
fsDxd 2
gBOGqCF 2
gBRcSUoqGeA 2
gGaVSOJI 3
gJZzLTEVe 3
gJzaNapl 2
gKVaCg 3
gQPPoy 2
gSwhhZ 4
gVdaZrT 2
gYR 3
gfZxOF 2
ggk 3
gpigNzAnR 2
grlR 2
gtUgElnZ 2
gwRF 2
hPsqMpnoUDj 2
hRPsso 2
hTCeltJB 2
hWuVIR 2
hYhdcnvQZa 2
haHixz 2
hii 2
hqOgo 2
hrWfIw 2
hrfcwhx 2
iFmKJ 2
iIRJP 2
iIfxC 3
iOGsT 3
iOHIdYBo 2
iOvfImyoGMX 2
iYKF 3
iZwpHdW 4
iaxhaRJdSQE 2
ibRLSt 2
izfxOSk 2
jIevFS 2
jJkezF 2
jPZpj 2
jSgFlFL 4
jWyHZ 2
jeJzZLpjARc 2
jemEdkip 3
jmIr 3
jmJbbEVJP 3
jsRPLnr 3
kFWWPMC 2
kXLQ 3
kXwLCZj 3
kcybNvi 3
kefXG 3
kjJv 2
kphDqfbr 2
kqtknOKoZM 2
ktvj 3
lCGNu 4
lNF 3
lYNWbFcA 2
lhkD 2
lmIvFHGXi 3
lqak 3
ltDkExsTVI 2
lumd 2
lxuhXf 2
lzMOJDVoUSZ 3
mKmMk 3
mLdfbziDRZ 4
mRuvUrWQJTR 2
mTw 3
mYmmMW 2
meGboI 3
mnhH 2
mpsbiRfmH 2
mrMToCyoFI 3
mviHibviAGr 3
nJMMY 3
nLiG 2
nTHBUh 2
nUxvIcpydK 2
nWv 3
nYn 2
ngFIbEPid 2
ngICy 2
nyKir 4
oFcrJHFKxyg 2
oHNNwZhqI 3
oOUAQYyxG 2
oTWcppRo 3
okINdVdapJ 3
olbpiptNXb 3
onoUkO 2
osVcWk 3
owVXKuWIY 3
ozNZdBpH 3
pDxWT 6
pFIcbMp 2
pMEkHjYrfg 3
pSBeVleZiP 2
pSCNq 2
paT 2
pasDZRzPOjs 2
pfS 2
pgDydvQbG 3
pjoIGuytlIo 2
ppQxP 2
qAkYVukoqm 2
qBdX 2
qCYuDoFwxl 3
qFL 2
qFdN 3
qGwKenNlN 2
qULCqyq 3
qgFPiTkOhf 3
qqL 2
qtheWZt 2
rAmXvbxYZ 3
rDahsf 4
rDnmCJeuhUI 3
rGOn 3
rGzW 2
rNdI 3
raCRMJXMN 2
rbrfCbrquE 3
rdREzUF 3
rjKmsURANQI 3
rlZHRrjSQAb 2
sIkFh 2
sLE 4
sOpTmU 3
sZedFnurO 3
scEfRdT 2
seeFDJNWcNZ 2
skKwZwROf 3
skvAfqvPQY 3
snIUkkG 2
sqU 2
syhgTZdjTLp 3
tDEWoMEI 4
tFieTaCp 4
tKjLJJ 3
tYSlmc 2
taqn 2
tdUjwOqlfmC 3
tfHMgmVy 2
thPm 3
tlFKIFKsZIr 4
tpQMU 2
tzAiv 2
uFgXRDU 3
uUF 2
ueROFsHigu 2
ulv 5
uyNdVR 3
vDZdTHDj 3
vEpsuUnBkA 3
vGx 4
vIINQHmBl 2
vQtowO 3
vXLOZf 3
vfXmPd 3
vfg 4
vkjXSvD 3
vmOyxl 4
vmTVfFMGo 3
vxDrqascAm 2
wGcHzJlQ 3
wLRBPI 3
wNIBrAqmcb 4
wcYyew 2
wlypgTYp 3
wyASuHnwL 2
xDTbTyAz 3
xFUq 2
xLYex 3
xLj 3
xRfeePFCQh 2
xXTNmv 2
xYWVqy 3
xcATGyh 2
xcMLtXmvN 3
xfxaTcUoA 2
xmAOowMu 2
xpicqI 2
xtG 3
xyIwJIgtnOT 3
yAAAY 2
yCThywAX 2
yFbi 2
yGfNbdV 3
yKBpvrT 4
yMbTbO 3
yTtUHki 2
ybVy 3
ycHOxiQxRND 2
ymlyyhcae 2
yppWkP 2
yxhb 2
yyJOgmeBhB 3
yyXcqMv 3
zVGxZgKDH 3
zWtmwHy 4
zXg 2
zcAmTcz 4
zcwU 3
zdtYVigjSf 4
zjIO 3
zlNghaDMgv 3
zpz 2
zwjfcvXU 2
zxMmJ 3
BNmoTKq 7
BTwSY 7
BkUWXxbQ 7
BvrUsj 6
DBdfT 7
DRoDvGA 6
FmrReWHvGvI 6
GBqfcCHYvQv 6
GBwNJSjjm 7
GIzXK 6
GrfRdtGomka 7
IYHEWzKS 7
InefPBgR 6
IsNA 6
JPqzEzap 6
JeQAJP 8
Kcbdc 6
LvC 6
MPlsoSSWkc 7
NdTtkvnzn 8
PEMu 6
PKb 6
PgumVcd 6
PrR 6
PtPthLjR 8
QRcQVkTUR 6
QtGUwWqlBOB 6
RboC 7
SuRCF 7
TYp 6
UIzasGskDDf 8
UXDnhm 6
Udty 6
VcGujeF 6
WYVCHPNEfe 7
WbwBMJELL 7
XArppI 6
YIviahxo 6
YNhLOqazHju 7
YRpQHcF 6
YTcCzmps 6
ZAEwYk 6
aEEIvgDHwcX 6
aLrwdoL 6
akMjYESvO 6
bMI 6
bUrQMAJ 6
cMxXvpagG 7
caddepvqEEg 6
dydUv 6
flPQDY 6
fuFDhx 7
gAl 6
gKrbLQxWV 6
gjSUqbXxxn 7
gxDcaF 6
ihyhe 8
iqqAd 7
jTRGZX 6
jWLRdgD 6
kBUJbovCYQ 6
kJa 7
khvEwbbAV 6
lOh 7
nNHIFlR 6
nfjGFq 7
nsqvM 7
pZWwkcD 7
pgxcSOOscj 7
rLan 6
rwPY 6
rwUhBQlDUT 6
rybmdDAV 7
sUUNmMLA 7
tciGYCs 6
tiGPkkKT 7
uRN 8
ugkZsIHnEJ 6
ujiWcaK 6
uqUlIMLQYVO 7
uyit 6
vip 6
wpMje 6
xBwvIsW 8
xkgl 6
xlYLnkXXoq 6
yEzkvRQP 6
ySN 6
ybnRRMtDeiU 8
zBv 7
zCkPBykb 6
zExQHxp 6
zFkyFC 7
zNHGoHNLMXy 6
zpfpjpbbC 6
AFiWPLuwE 36
AQVW 31
AfRl 32
AhOon 32
AhrFgRZk 31
Aof 32
ApNDQtcVh 30
AtNnhYLr 31
AtlVWl 30
AubGbvAbdQ 30
AutMdpO 31
BBDLIcg 34
BBoyvUxN 31
BFZnIdwy 33
BIE 32
BIHAXrDdS 30
BIWwIrkYrtM 31
BRqyERE 31
BXnVE 30
BZr 33
BeqqeJmcFz 31
BjATiYFakOg 35
BpEq 37
BpL 37
BxRZtueit 31
CAd 33
CEKxu 31
CEfatO 37
CFxlyxkLwX 30
CKVkBEdT 32
CNAy 33
COireohpb 35
CPslolqopH 33
CRsEXov 32
CTLuONj 31
CZxBBvZ 33
CaqKBiGTdXn 31
CbgauhTKgKR 33
CjkJuttcZxy 31
CvgDKe 30
DFHmK 32
DOrkp 39
DQZNOXu 37
DjMeHzInhr 41
DrnTStpj 31
DrpHUBD 32
EIGUuuyUGm 37
EMsclXYLCyn 32
ENJkgHFsMj 41
EPImS 36
EPQXlLhPx 37
EPvTUCkaOyZ 32
ETmWjknWli 33
EZXc 31
EktYiUgWYBq 32
EsLcwFZY 35
FEXnNCdP 40
FHurKVd 34
FRXTOsKujS 32
FSayKfqey 31
FWarlt 32
FXFXsrAyGg 36
FXZ 32
FXhQubY 32
FgCvPoENGE 31
FgXv 31
FhdEYub 32
FpEsFV 31
GFLLEwz 35
GJQ 32
GMUg 35
GPLPZsNn 31
GVLjCZEN 34
GcnEqiEEHgp 32
GgOOpJuGUfe 31
GiFwCMTbu 31
GiJPfT 31
GmpafOATTWc 39
GnZPZz 31
GoZpDcM 31
GuthADC 30
GxJV 33
GxtAWnW 31
GyNHNeVZrh 38
HUYvMKoUbm 30
HaVDUR 35
HiZxOGyR 32
HkYHcSC 33
HqJxWLFt 30
Hrj 32
Huf 32
HvmKo 30
HxrJEaUWltQ 33
IGsD 31
INnGDFsZhTE 40
Iddn 32
IgM 34
IjjG 32
InOUDeepjzW 34
Iyl 31
JAxhQCt 33
JFZ 32
JMEHKZDm 33
JMSYYnpX 31
JRlCbLn 32
JTLNxnsWDw 32
JTlCVu 33
JXg 33
JbQ 33
JfhCLh 31
JiMMGRjcF 35
Jim 30
Jtg 31
JvpMqw 35
KEGiNuNxUl 31
KQOgxGPatMs 34
KQhUbUm 32
KRymHx 30
KWIKuHHGNpp 32
KZugr 32
Kdeh 39
KgnARzA 31
KkUMKJuQ 33
KkwHoV 32
KlZdnBmxebF 30
KopEpKXrzcv 31
KrIAPNl 30
Kubg 31
KwIXgBiBpra 34
KwYlAhOJr 38
KyDrMyqH 36
KysjmgCVAT 33
LAZ 32
LTXZSbQ 32
LVyQEgubAY 30
LgQ 33
LhQtxHlw 33
Lpuscx 34
LqREixbzdt 32
LthAYJBJAn 36
MAcN 31
MBBmGxtkun 32
MCKehfCpKi 32
MCbn 33
MDGwuVHckdd 34
MLZpqir 33
MReSM 30
MUxrxTIpX 30
MYJafWe 36
MaethentZJ 31
MgMnXLuS 40
MjMDCprRG 33
MkqrzRAprkV 32
MnSnLmqrN 34
MpPpoXFf 31
MxTDtotcjz 35
NHleuv 31
NLvMhKSy 32
NPNkv 31
NQzzyfiYB 30
NTr 32
NVYcUJM 30
NbrerbzoQhH 31
NdbM 39
NkLKyxj 31
NmD 31
NwM 32
NxfkRM 31
NzIsGHb 35
ODUa 31
OEqbs 31
OFgT 31
OPvyfRnU 30
OQVUzB 32
OkQAQIT 33
OqY 30
OqaZBandK 33
OrOLKBBOpU 34
OtbLJiYsXf 33
OvVT 31
OxYtDfZI 33
PAkXX 31
PCFdQIcP 32
PLWmDjHzY 31
POiJ 31
PVNVfrCXS 32
PWkNOjEx 37
PZNZoOyFHm 31
PZUEXomcH 31
PbTRUv 30
Piez 30
PoNVVFgLmYR 36
QESG 34
QEaWKoNCSa 33
QFNKSHDpuVM 31
QRjzcxRQZ 32
QYaokUgvWF 31
QZdhwvWOzr 30
QaAPfQ 31
QeJtqoTJfMv 41
QnWfWLZ 32
QwsdrkTUS 39
RABEidFb 33
RFzaiU 34
RGDkuHn 39
RHGoE 32
RTyBhPM 31
RWXiGI 32
Razs 30
RcnejOziu 32
RxhlH 31
SBHxEaAmRL 30
SCpaEcKFpj 37
SHakIz 32
SNZibjfCPd 36
SPBKQNYHMl 31
SVrJz 32
SXlAPXbCLm 32
SZIMWJYGPVr 33
ShSZYJ 32
SlB 31
SsdaTS 36
TCqECXUd 30
TIIpcFf 32
TLUtoHyoZ 33
TNCSRgGvLo 31
TScXK 34
TXGekhtLtyM 34
Tcvn 33
TfiXFNZRBo 35
TgeQpvF 31
TlrWzfJ 30
UBUULoJqjp 37
UPOBiCHKKGb 30
UQm 31
UYIbkg 31
UYR 30
UeCKTdVrj 32
UeqT 36
UlxK 32
UnKIIGmoKr 35
UrO 32
UruoOASdx 30
UtjPzq 36
VBIO 31
VCqRgL 30
VKvSRKEG 32
VMekJ 33
VPPQEEzrkdY 35
VXFBaNRz 33
VXSYX 33
ViI 37
VtXKINluZw 31
VzFHQPXl 31
WBlTObHNAf 39
WGDpPuKF 32
WMWzjhZYFtn 30
WRVha 33
WVFtDe 37
WXgG 34
WakKfe 31
WkkSRqng 31
WuEoN 30
WuWLHd 35
XJDtazHsTw 32
XKM 34
XPglKEI 32
XPturMmjLRO 32
XWJiWkTj 31
XjtsUszRMx 32
XnEEQ 31
XnxpMFYwimn 32
XpkcnUuXca 31
XuGoMqjo 35
XvMIF 30
YCIsl 31
YCdyMjpp 34
YEOWHVVPAQT 31
YIRwuPrfw 33
YLRZbZc 30
YNMjynZg 31
YPcTf 32
YRHE 32
YRePKW 31
YVlOMpLlH 31
YXIvFHn 39
YXhgCJdJVK 36
YctVJ 31
YhEKemq 34
YmmcMfo 31
YrPpYMWp 35
YsPbQFKK 35
ZAqqLxEm 32
ZGh 33
ZKOIN 31
ZLROlb 30
ZQiWOzWnqle 31
ZWhzmBpt 30
ZbottaMxCK 31
ZhzSBFBR 37
ZqzHaHMLpY 35
ZtpS 33
aDbqQq 31
aEoHkdiyiX 32
aQLqMI 30
aQMLd 30
aUV 31
aUgsWf 31
aWtPgpoh 31
akCYhEynsg 30
aoGBfYzszAU 32
arWT 37
awUrzFODBUM 31
awstlfNhhL 30
azkhdyV 33
bHNxU 32
bHXGNDYCy 30
bHmQfDTp 37
bOIQSAqUMU 34
bUPoflm 30
bZSgjuwZJ 36
bZzwcAy 33
bda 30
bgbQ 33
biCqVlklcb 33
bno 34
bvvmOcXZlk 34
byaBPLKpsHy 30
cBxN 32
cFEiciRF 31
cGVf 31
cMwqiHtUUi 35
cNvnroFrqNg 34
cQaUN 32
cTdnTXLLoa 36
cXsKpLXWB 31
cacefaDa 30
cbNKHZlTP 38
cbqz 45
clQsynRnxI 31
cmNLIEz 33
cmnBHG 30
cnSH 31
crUbjQXZSn 31
csyJpm 33
dAV 33
dBL 30
dBbsDKiY 30
dEaSknIlO 31
dKFOzEeLBI 30
dMLKtbtlb 34
dVAb 30
dXZY 30
dfuuIuUMDEu 31
dzABQb 31
eHdBXHlzzQC 31
eKd 32
eMdXthtZdh 32
eWzOgTspW 30
ebSZLTww 33
ecMdDU 31
epSr 31
ewRMP 33
exdbDiDeXT 31
fDVpfjhuC 36
fNSguXX 31
fRuu 34
ffOXbnlbi 32
fhaBMv 35
fnYXMKtGx 32
foRoD 39
foeJuLvf 31
gEZPfddKKhQ 32
gHXCUbi 35
gRfLCskMiH 34
gSYBNesfb 31
gZJzbNZMoh 35
ggBP 37
ghbevj 31
giOcckI 31
grqOAKQeMtS 30
gyblKctU 37
hCkkBruV 32
hFkbww 31
hHr 33
hKi 31
hLKCUQaxSKk 35
hQtVIY 30
hilKRvkNVt 32
hjoJ 33
hsO 33
hyMIC 46
hzB 33
hzMHIxqkwvR 39
iBVKNSCfH 31
iDHvleoOo 35
iLdjwJiSM 30
iNboUK 33
iQYfTqCJafQ 32
iRJN 32
iSqbnf 30
iXUkFnc 33
ieZKQQLhaAg 31
inqoJoknR 34
itXsrzW 36
jBr 33
jFsBVDsz 38
jJTMnI 34
jXvvOQYEROi 35
jko 31
joyMC 37
jxPvxAYngDG 33
kClnwnNHVnT 36
kDjcNQUEN 37
kGsBttK 39
kMY 32
kTfLte 31
kUAM 31
kfHX 33
khF 32
kmvzSymb 32
kqwSw 37
lCHmQhYk 33
lHcLzSmJsn 31
lTQgvNsXU 33
lZC 43
ldMSaWVKF 36
llHOeJ 32
llS 31
mDtSAqn 37
mEleSL 37
mFSkPUa 30
mHoEVItO 35
mOIiwI 35
mPZIZotJGd 40
mSUuuyopUsc 32
mYIIUktiQ 37
mebzttnVa 33
mgHJjFyS 35
miwpMIQZW 34
mqUZbp 33
mvjChtBTxa 31
nCtoemk 31
nFnVT 32
nFpxml 30
ncPgLFxN 35
ndKIRCmCdc 31
nnAATMuewT 31
nsPoCQcR 31
nwkVtZUJEqC 31
oCbg 33
oDtqRCqx 30
oEkm 35
oGflhZ 30
oOCnKSO 31
oZADxfmckhE 35
oZDwLcnV 31
oZEj 30
ohDCzX 34
ouGTCqVs 34
pEWctx 35
pKhA 33
pRCKicX 32
pTfVL 36
pWIaqfWUvlE 34
pXIGb 31
pjFZyy 35
ppJHhfsI 33
qAqBQJX 34
qINIt 30
qPiOOq 32
qQyqxZU 31
qWRV 30
qYp 34
qaFQsN 31
qgqKDkg 38
qiXSZHVM 30
qjjFzhkaSNf 32
qkjvwpk 36
qyWh 31
rFlRX 37
rONTgKSTtD 31
rSzraFo 32
rTvN 40
rVoa 30
rhlSW 31
rjb 30
rsE 31
sLq 31
sPJGTH 33
sRAuBVJYWho 32
sVJelPZnbmG 31
sWghgslcl 33
sbbzi 33
scvroDRZRAh 34
sdKihW 30
sjXkQf 31
snviMK 31
spAkey 35
sqicEC 31
ssZv 32
tFrTvU 32
tGp 31
tJeioUpC 34
tKoYTkwusom 31
tLnVpP 35
tQcRqk 34
tULfkAvi 32
tWrGFQU 32
tXkUvyIi 33
tXyrRzAIjW 32
taJLb 33
tgbVDhuq 31
tjGohCyZL 36
txOqgIseuj 31
tzKQXIekNn 32
tze 34
uAefSg 32
uFiDaCe 32
uHXKh 33
uLUMlXVGG 32
uLZNk 32
uPCEZwZoH 31
uTPQkmL 33
uTWCjEijE 33
uVVSKETNwfj 31
ucUuT 35
utsg 32
uyV 33
uzPdJS 30
uzwJX 32
vBHbcOaDE 30
vDr 36
vGYDohTkhWx 35
vNtYHh 33
vadasv 32
vaeTLHKKp 32
vbKdo 30
vkd 31
voZtV 33
vudSo 35
vwvCM 31
wEvMGaln 31
wIowtvMQzAp 33
wKSAfRIU 35
wPoD 30
wVQgbJgHjj 33
wVYeyvwvLO 37
weM 32
wgD 31
wlH 33
wnN 32
wnre 31
woH 32
woghc 33
wtCMZ 33
wtwamL 32
xDtQt 35
xIpumNPdWs 31
xKFLosyfGI 35
xVBOd 32
xYBumy 33
xZhvkQllWPw 32
xaRZS 32
xcKFKCVdo 30
xfPglhCtJj 33
xmYG 32
xphnAEr 35
xxaiWNM 39
yDA 32
yLPvcMc 30
yRYB 34
yYR 32
yhm 33
yxUMZ 31
zCh 31
zIFnBILVU 33
zWAeci 31
zXrRjum 33
zrj 30
zycD 30
