12 7801
7 2818
38 43446
22 15987
33 35575
27 24985
8 3177
29 26443
41 51852
46 72066
42 57601
24 17273
10 2878
18 10770
11 4745
7 3853
21 15246
32 32291
29 26639
34 37310
20 14788
9 3302
30 27253
6 1776
9 4291
19 12514
23 13469
40 52800
15 8777
28 25313
39 50539
14 9312
39 49925
34 39043
36 43819
24 14995
35 40157
35 36020
24 18706
31 30308
33 36754
24 15938
15 8221
8 3109
26 21978
23 15687
14 6357
6 1716
21 12274
6 2746
40 53783
18 10848
25 20056
33 33552
14 4735
25 19170
15 6856
20 14595
22 13308
19 14614
48 82336
25 18559
33 33212
16 9110
16 8429
40 51706
13 6359
39 48619
11 4122
43 59727
7 3493
27 22902
29 24917
6 2271
28 25676
50 85860
8 1921
20 13033
44 63112
23 17280
310 15102331
439 42621123
265 9469624
415 36037687
180 3022261
347 21122241
378 27260306
93 452855
270 10015881
459 48676518
184 3228511
307 14672753
331 18354462
437 42033676
451 46186968
360 23567689
270 10011386
467 51263496
310 15104054
166 2379504
