5 9
27 9
16 8
20 17
18 44
26 9
9 8
0 9
0 16
8 5
5 33
5 24
34 9
9 8
25 9
23 17
48 55
43 18
3 8
0 50
15 24
23 13
11 18
32 17
34 11
79 9
23 9
25 50
47 9
1 14
19 19
13 17
3 25
43 24
16 9
35 9
27 27
7 12
24 9
13 9
29 15
19 8
59 9
16 6
40 11
24 10
23 21
4 9
5 9
10 10
4 14
0 3
20 8
66 12
1 9
25 9
34 20
8 22
8 8
30 8
25 9
14 13
42 35
80 8
27 15
7 9
33 54
2 15
31 53
22 69
12 21
3 4
2 31
1 30
25 20
43 10
55 9
11 44
59 9
59 7
4614 145
1158 412
971 172
305 88
899 181
211 372
6372 406
5705 227
3510 101
5620 260
184 38
8583 736
1317 233
1174 351
4141 59
849 499
702 338
2023 84
51 245
219 39
