4451

5394

4125

6868

3934

5397

5209

4739

3934

4080

2050

4353

6013

8534

3653

4342

2386

3870

5745

6326

6250

3312

2513

5954

5340

3956

6143

3717

3851

5421

5628

3573

5810

3749

5624

2530

4947

6322

5106

5283

2378

4978

5412

5359

5925

3903

4871

5736

4549

8592

6978

4097

5503

4956

7978

4405

3030

2098

3390

6884

6452

4771

4079

7378

4224

5888

3535

5320

5716

3681

2571

4133

3433

7455

5100

5961

5943

6877

6337

4384

4877

3623

4680

5265

4608

3815

4937

6083

3298

5640

5943

3738

4787

2591

4626

5408

5180

2999

5555

4131

3219

3815

5522

4738

5435

4799

5689

4609

6062

7066

3020

8615

3415

4128

2566

5229

8809

4716

5988

5835

6127

3525

4011

4939

4549

6257

8051

5073

4518

5416

4426

5557

7465

6091

4578

3457

3103

4661

4029

7951

1929

2941

3317

8295

3917

5391

4859

2182

3085

4568

2533

1689

7489

5242

5162

3219

5094

3932

4920

3726

6685

2333

3809

2154

8295

5593

5414

4467

6808

2101

3400

4687

4692

4498

3516

3910

6369

3587

5977

3610

6910

5617

5736

2468

5445

3681

3461

5897

6611

6404

6117

3302

4097

6200

6267

7521

4773

6518

3278

2625
