Case 1:
Ja 6
Sam 18
Sha 0
Sid 12
Tan 6
Case 2:
Ja 7
Sam 18
Sha 14
Sid 7
Tan 7
Case 3:
Ja 16
Sam 8
Sha 24
Sid 8
Tan 16
Case 4:
Ja 24
Sam 0
Sha 12
Sid 12
Tan 37
Case 5:
Ja 3
Sam 0
Sha 0
Sid 0
Tan 18
Case 6:
Ja 2
Sam 0
Sha 16
Sid 0
Tan 0
Case 7:
Ja 0
Sam 9
Sha 6
Sid 9
Tan 0
Case 8:
Ja 12
Sam 0
Sha 0
Sid 14
Tan 0
Case 9:
Ja 0
Sam 0
Sha 17
Sid 9
Tan 17
Case 10:
Ja 0
Sam 14
Sha 7
Sid 7
Tan 0
Case 11:
Ja 0
Sam 0
Sha 0
Sid 10
Tan 10
Case 12:
Ja 0
Sam 18
Sha 0
Sid 36
Tan 18
Case 13:
Ja 20
Sam 20
Sha 10
Sid 0
Tan 0
Case 14:
Ja 0
Sam 18
Sha 18
Sid 11
Tan 18
Case 15:
Ja 18
Sam 5
Sha 9
Sid 18
Tan 27
Case 16:
Ja 1
Sam 11
Sha 0
Sid 0
Tan 0
Case 17:
Ja 16
Sam 14
Sha 0
Sid 16
Tan 0
Case 18:
Ja 4
Sam 4
Sha 9
Sid 8
Tan 8
Case 19:
Ja 0
Sam 17
Sha 8
Sid 17
Tan 34
Case 20:
Ja 2
Sam 6
Sha 9
Sid 3
Tan 9
Case 21:
Ja 0
Sam 0
Sha 14
Sid 14
Tan 4
Case 22:
Ja 0
Sam 22
Sha 25
Sid 0
Tan 22
Case 23:
Ja 24
Sam 24
Sha 1
Sid 16
Tan 8
Case 24:
Ja 0
Sam 14
Sha 14
Sid 14
Tan 19
Case 25:
Ja 0
Sam 0
Sha 0
Sid 0
Tan 15
Case 26:
Ja 8
Sam 2
Sha 5
Sid 4
Tan 2
Case 27:
Ja 0
Sam 0
Sha 0
Sid 6
Tan 3
Case 28:
Ja 15
Sam 15
Sha 0
Sid 7
Tan 5
Case 29:
Ja 10
Sam 12
Sha 4
Sid 8
Tan 4
Case 30:
Ja 6
Sam 2
Sha 3
Sid 4
Tan 9
Case 31:
Ja 0
Sam 0
Sha 0
Sid 19
Tan 19
Case 32:
Ja 12
Sam 12
Sha 12
Sid 12
Tan 8
Case 33:
Ja 15
Sam 0
Sha 15
Sid 27
Tan 30
Case 34:
Ja 15
Sam 3
Sha 12
Sid 10
Tan 3
Case 35:
Ja 11
Sam 0
Sha 11
Sid 0
Tan 11
Case 36:
Ja 19
Sam 0
Sha 26
Sid 13
Tan 0
Case 37:
Ja 16
Sam 16
Sha 24
Sid 8
Tan 16
Case 38:
Ja 0
Sam 20
Sha 16
Sid 10
Tan 0
Case 39:
Ja 0
Sam 15
Sha 0
Sid 30
Tan 0
Case 40:
Ja 0
Sam 16
Sha 0
Sid 0
Tan 16
Case 41:
Ja 25
Sam 10
Sha 0
Sid 5
Tan 20
Case 42:
Ja 7
Sam 7
Sha 0
Sid 0
Tan 0
Case 43:
Ja 12
Sam 12
Sha 12
Sid 20
Tan 12
Case 44:
Ja 24
Sam 24
Sha 8
Sid 0
Tan 16
Case 45:
Ja 9
Sam 10
Sha 18
Sid 9
Tan 0
Case 46:
Ja 17
Sam 10
Sha 0
Sid 10
Tan 20
Case 47:
Ja 0
Sam 18
Sha 0
Sid 18
Tan 18
Case 48:
Ja 7
Sam 21
Sha 14
Sid 18
Tan 7
Case 49:
Ja 0
Sam 28
Sha 26
Sid 0
Tan 14
Case 50:
Ja 15
Sam 0
Sha 0
Sid 0
Tan 17
Case 51:
Ja 18
Sam 18
Sha 0
Sid 32
Tan 0
Case 52:
Ja 5
Sam 0
Sha 0
Sid 5
Tan 5
Case 53:
Ja 0
Sam 28
Sha 14
Sid 0
Tan 1
Case 54:
Ja 2
Sam 0
Sha 4
Sid 4
Tan 2
Case 55:
Ja 9
Sam 9
Sha 3
Sid 8
Tan 4
Case 56:
Ja 6
Sam 6
Sha 8
Sid 8
Tan 8
Case 57:
Ja 22
Sam 0
Sha 0
Sid 0
Tan 19
Case 58:
Ja 0
Sam 15
Sha 15
Sid 15
Tan 30
Case 59:
Ja 18
Sam 18
Sha 0
Sid 4
Tan 9
Case 60:
Ja 14
Sam 0
Sha 14
Sid 28
Tan 0
Case 61:
Ja 0
Sam 30
Sha 15
Sid 0
Tan 0
Case 62:
Ja 4
Sam 8
Sha 6
Sid 4
Tan 5
Case 63:
Ja 16
Sam 21
Sha 8
Sid 16
Tan 8
Case 64:
Ja 8
Sam 0
Sha 2
Sid 16
Tan 16
Case 65:
Ja 15
Sam 15
Sha 0
Sid 7
Tan 0
Case 66:
Ja 17
Sam 17
Sha 0
Sid 0
Tan 5
Case 67:
Ja 8
Sam 16
Sha 7
Sid 16
Tan 24
Case 68:
Ja 0
Sam 13
Sha 26
Sid 21
Tan 13
Case 69:
Ja 12
Sam 6
Sha 6
Sid 6
Tan 12
Case 70:
Ja 16
Sam 11
Sha 0
Sid 11
Tan 0
Case 71:
Ja 19
Sam 11
Sha 38
Sid 0
Tan 19
Case 72:
Ja 13
Sam 13
Sha 0
Sid 26
Tan 29
Case 73:
Ja 14
Sam 28
Sha 0
Sid 14
Tan 14
Case 74:
Ja 0
Sam 7
Sha 2
Sid 7
Tan 7
Case 75:
Ja 0
Sam 18
Sha 0
Sid 0
Tan 6
Case 76:
Ja 28
Sam 15
Sha 15
Sid 15
Tan 15
Case 77:
Ja 8
Sam 0
Sha 2
Sid 14
Tan 8
Case 78:
Ja 14
Sam 14
Sha 14
Sid 12
Tan 0
Case 79:
Ja 0
Sam 0
Sha 4
Sid 0
Tan 7
Case 80:
Ja 4
Sam 3
Sha 5
Sid 3
Tan 2
Case 81:
Ja 10
Sam 20
Sha 20
Sid 19
Tan 0
Case 82:
Ja 0
Sam 15
Sha 15
Sid 29
Tan 15
Case 83:
Ja 17
Sam 5
Sha 0
Sid 17
Tan 0
Case 84:
Ja 9
Sam 3
Sha 3
Sid 12
Tan 9
Case 85:
Ja 0
Sam 1
Sha 14
Sid 0
Tan 0
Case 86:
Ja 3
Sam 0
Sha 0
Sid 4
Tan 4
Case 87:
Ja 12
Sam 0
Sha 24
Sid 2
Tan 24
Case 88:
Ja 29
Sam 11
Sha 22
Sid 0
Tan 22
Case 89:
Ja 0
Sam 1
Sha 0
Sid 16
Tan 16
Case 90:
Ja 6
Sam 1
Sha 8
Sid 10
Tan 4
Case 91:
Ja 0
Sam 7
Sha 7
Sid 21
Tan 18
Case 92:
Ja 21
Sam 14
Sha 0
Sid 20
Tan 14
Case 93:
Ja 8
Sam 2
Sha 10
Sid 3
Tan 9
Case 94:
Ja 10
Sam 10
Sha 0
Sid 0
Tan 2
Case 95:
Ja 6
Sam 6
Sha 6
Sid 7
Tan 4
Case 96:
Ja 21
Sam 7
Sha 14
Sid 7
Tan 0
Case 97:
Ja 0
Sam 7
Sha 13
Sid 13
Tan 0
Case 98:
Ja 7
Sam 7
Sha 11
Sid 0
Tan 14
Case 99:
Ja 9
Sam 0
Sha 0
Sid 0
Tan 10
Case 100:
Ja 10
Sam 10
Sha 10
Sid 10
Tan 5
Case 101:
Ja 13
Sam 23
Sha 26
Sid 13
Tan 0
Case 102:
Ja 16
Sam 8
Sha 32
Sid 1
Tan 8
Case 103:
Ja 16
Sam 32
Sha 0
Sid 16
Tan 16
Case 104:
Ja 15
Sam 0
Sha 30
Sid 30
Tan 0
Case 105:
Ja 12
Sam 0
Sha 24
Sid 12
Tan 5
Case 106:
Ja 8
Sam 6
Sha 6
Sid 8
Tan 4
Case 107:
Ja 16
Sam 8
Sha 12
Sid 16
Tan 12
Case 108:
Ja 32
Sam 14
Sha 14
Sid 14
Tan 0
Case 109:
Ja 5
Sam 0
Sha 10
Sid 5
Tan 5
Case 110:
Ja 0
Sam 0
Sha 8
Sid 8
Tan 3
Case 111:
Ja 31
Sam 0
Sha 0
Sid 11
Tan 33
Case 112:
Ja 8
Sam 8
Sha 0
Sid 5
Tan 0
Case 113:
Ja 31
Sam 0
Sha 14
Sid 14
Tan 0
Case 114:
Ja 16
Sam 16
Sha 16
Sid 0
Tan 32
Case 115:
Ja 10
Sam 22
Sha 15
Sid 5
Tan 5
Case 116:
Ja 0
Sam 22
Sha 11
Sid 0
Tan 3
Case 117:
Ja 0
Sam 1
Sha 0
Sid 8
Tan 0
Case 118:
Ja 0
Sam 4
Sha 8
Sid 12
Tan 0
Case 119:
Ja 10
Sam 3
Sha 8
Sid 7
Tan 5
Case 120:
Ja 0
Sam 4
Sha 0
Sid 5
Tan 0
Case 121:
Ja 0
Sam 9
Sha 18
Sid 13
Tan 0
Case 122:
Ja 7
Sam 7
Sha 0
Sid 0
Tan 7
Case 123:
Ja 12
Sam 0
Sha 0
Sid 3
Tan 0
Case 124:
Ja 0
Sam 26
Sha 9
Sid 26
Tan 13
Case 125:
Ja 15
Sam 10
Sha 20
Sid 15
Tan 0
Case 126:
Ja 0
Sam 10
Sha 12
Sid 12
Tan 0
Case 127:
Ja 10
Sam 10
Sha 0
Sid 0
Tan 13
Case 128:
Ja 0
Sam 30
Sha 0
Sid 15
Tan 15
Case 129:
Ja 6
Sam 0
Sha 6
Sid 0
Tan 0
Case 130:
Ja 3
Sam 3
Sha 6
Sid 5
Tan 0
Case 131:
Ja 8
Sam 4
Sha 12
Sid 12
Tan 12
Case 132:
Ja 9
Sam 0
Sha 18
Sid 12
Tan 9
Case 133:
Ja 1
Sam 6
Sha 2
Sid 2
Tan 6
Case 134:
Ja 6
Sam 3
Sha 0
Sid 2
Tan 8
Case 135:
Ja 0
Sam 12
Sha 18
Sid 21
Tan 0
Case 136:
Ja 0
Sam 0
Sha 11
Sid 0
Tan 15
Case 137:
Ja 0
Sam 0
Sha 0
Sid 7
Tan 10
Case 138:
Ja 7
Sam 0
Sha 0
Sid 14
Tan 0
Case 139:
Ja 3
Sam 15
Sha 30
Sid 15
Tan 15
Case 140:
Ja 7
Sam 17
Sha 0
Sid 28
Tan 0
Case 141:
Ja 0
Sam 0
Sha 22
Sid 13
Tan 11
Case 142:
Ja 0
Sam 18
Sha 18
Sid 30
Tan 0
Case 143:
Ja 46
Sam 17
Sha 0
Sid 0
Tan 17
Case 144:
Ja 15
Sam 3
Sha 0
Sid 15
Tan 30
Case 145:
Ja 1
Sam 0
Sha 0
Sid 17
Tan 17
Case 146:
Ja 0
Sam 19
Sha 12
Sid 12
Tan 0
Case 147:
Ja 13
Sam 15
Sha 13
Sid 13
Tan 0
Case 148:
Ja 16
Sam 8
Sha 8
Sid 24
Tan 8
Case 149:
Ja 0
Sam 17
Sha 17
Sid 26
Tan 0
Case 150:
Ja 7
Sam 6
Sha 3
Sid 6
Tan 2
Case 151:
Ja 0
Sam 0
Sha 0
Sid 5
Tan 5
Case 152:
Ja 0
Sam 8
Sha 0
Sid 8
Tan 0
Case 153:
Ja 27
Sam 0
Sha 0
Sid 0
Tan 16
Case 154:
Ja 9
Sam 27
Sha 18
Sid 18
Tan 9
Case 155:
Ja 3
Sam 9
Sha 3
Sid 6
Tan 9
Case 156:
Ja 6
Sam 5
Sha 3
Sid 12
Tan 21
Case 157:
Ja 14
Sam 14
Sha 0
Sid 0
Tan 0
Case 158:
Ja 5
Sam 8
Sha 0
Sid 8
Tan 3
Case 159:
Ja 6
Sam 4
Sha 4
Sid 4
Tan 4
Case 160:
Ja 4
Sam 0
Sha 2
Sid 0
Tan 4
Case 161:
Ja 14
Sam 0
Sha 14
Sid 0
Tan 0
Case 162:
Ja 15
Sam 30
Sha 15
Sid 0
Tan 0
Case 163:
Ja 10
Sam 0
Sha 5
Sid 0
Tan 5
Case 164:
Ja 10
Sam 10
Sha 12
Sid 5
Tan 5
Case 165:
Ja 6
Sam 0
Sha 6
Sid 0
Tan 12
Case 166:
Ja 4
Sam 4
Sha 2
Sid 6
Tan 0
Case 167:
Ja 15
Sam 6
Sha 18
Sid 12
Tan 3
Case 168:
Ja 26
Sam 13
Sha 16
Sid 0
Tan 0
Case 169:
Ja 0
Sam 0
Sha 14
Sid 16
Tan 28
Case 170:
Ja 6
Sam 4
Sha 12
Sid 19
Tan 6
Case 171:
Ja 0
Sam 14
Sha 28
Sid 18
Tan 0
Case 172:
Ja 3
Sam 0
Sha 0
Sid 4
Tan 4
Case 173:
Ja 15
Sam 25
Sha 10
Sid 20
Tan 0
Case 174:
Ja 0
Sam 10
Sha 0
Sid 0
Tan 0
Case 175:
Ja 0
Sam 0
Sha 0
Sid 12
Tan 16
Case 176:
Ja 3
Sam 21
Sha 7
Sid 14
Tan 7
Case 177:
Ja 11
Sam 22
Sha 0
Sid 9
Tan 22
Case 178:
Ja 0
Sam 0
Sha 20
Sid 0
Tan 12
Case 179:
Ja 24
Sam 8
Sha 12
Sid 8
Tan 16
Case 180:
Ja 0
Sam 0
Sha 10
Sid 0
Tan 10
Case 181:
Ja 14
Sam 14
Sha 0
Sid 20
Tan 0
Case 182:
Ja 3
Sam 6
Sha 0
Sid 6
Tan 0
Case 183:
Ja 18
Sam 18
Sha 0
Sid 2
Tan 18
Case 184:
Ja 17
Sam 0
Sha 17
Sid 17
Tan 17
Case 185:
Ja 15
Sam 10
Sha 10
Sid 15
Tan 15
Case 186:
Ja 15
Sam 15
Sha 15
Sid 15
Tan 7
Case 187:
Ja 7
Sam 17
Sha 0
Sid 17
Tan 17
Case 188:
Ja 0
Sam 7
Sha 0
Sid 0
Tan 18
Case 189:
Ja 25
Sam 24
Sha 0
Sid 0
Tan 12
Case 190:
Ja 0
Sam 6
Sha 8
Sid 12
Tan 8
Case 191:
Ja 0
Sam 18
Sha 9
Sid 23
Tan 0
Case 192:
Ja 0
Sam 19
Sha 19
Sid 0
Tan 0
Case 193:
Ja 0
Sam 0
Sha 0
Sid 12
Tan 12
Case 194:
Ja 50
Sam 17
Sha 0
Sid 0
Tan 17
Case 195:
Ja 0
Sam 17
Sha 17
Sid 0
Tan 1
Case 196:
Ja 5
Sam 0
Sha 5
Sid 0
Tan 0
Case 197:
Ja 9
Sam 9
Sha 9
Sid 18
Tan 0
Case 198:
Ja 20
Sam 11
Sha 11
Sid 0
Tan 11
Case 199:
Ja 21
Sam 13
Sha 0
Sid 0
Tan 13
Case 200:
Ja 0
Sam 28
Sha 0
Sid 0
Tan 28
Case 201:
Ja 7
Sam 2
Sha 4
Sid 9
Tan 5
Case 202:
Ja 10
Sam 10
Sha 10
Sid 1
Tan 0
Case 203:
Ja 19
Sam 19
Sha 31
Sid 0
Tan 0
Case 204:
Ja 0
Sam 0
Sha 14
Sid 3
Tan 0
Case 205:
Ja 3
Sam 9
Sha 0
Sid 11
Tan 6
Case 206:
Ja 0
Sam 15
Sha 30
Sid 0
Tan 24
Case 207:
Ja 20
Sam 9
Sha 0
Sid 18
Tan 27
Case 208:
Ja 0
Sam 0
Sha 10
Sid 5
Tan 10
Case 209:
Ja 8
Sam 6
Sha 8
Sid 4
Tan 5
Case 210:
Ja 0
Sam 7
Sha 0
Sid 0
Tan 7
Case 211:
Ja 0
Sam 10
Sha 0
Sid 10
Tan 10
Case 212:
Ja 12
Sam 12
Sha 12
Sid 12
Tan 10
Case 213:
Ja 4
Sam 4
Sha 6
Sid 6
Tan 4
Case 214:
Ja 0
Sam 10
Sha 0
Sid 10
Tan 0
Case 215:
Ja 16
Sam 0
Sha 0
Sid 0
Tan 17
Case 216:
Ja 16
Sam 8
Sha 10
Sid 16
Tan 8
Case 217:
Ja 8
Sam 4
Sha 4
Sid 8
Tan 8
Case 218:
Ja 16
Sam 16
Sha 4
Sid 4
Tan 8
Case 219:
Ja 9
Sam 9
Sha 9
Sid 9
Tan 17
Case 220:
Ja 6
Sam 0
Sha 15
Sid 15
Tan 0
Case 221:
Ja 13
Sam 9
Sha 9
Sid 27
Tan 9
Case 222:
Ja 30
Sam 0
Sha 16
Sid 15
Tan 15
Case 223:
Ja 18
Sam 12
Sha 6
Sid 6
Tan 0
Case 224:
Ja 16
Sam 0
Sha 23
Sid 16
Tan 16
Case 225:
Ja 0
Sam 0
Sha 18
Sid 0
Tan 15
Case 226:
Ja 12
Sam 10
Sha 0
Sid 0
Tan 0
Case 227:
Ja 0
Sam 8
Sha 9
Sid 0
Tan 8
Case 228:
Ja 33
Sam 18
Sha 0
Sid 18
Tan 0
Case 229:
Ja 12
Sam 24
Sha 12
Sid 24
Tan 12
Case 230:
Ja 9
Sam 0
Sha 9
Sid 9
Tan 0
Case 231:
Ja 11
Sam 0
Sha 0
Sid 0
Tan 0
Case 232:
Ja 19
Sam 0
Sha 0
Sid 0
Tan 3
Case 233:
Ja 10
Sam 15
Sha 15
Sid 10
Tan 10
Case 234:
Ja 8
Sam 6
Sha 2
Sid 10
Tan 8
Case 235:
Ja 0
Sam 0
Sha 38
Sid 26
Tan 0
Case 236:
Ja 10
Sam 10
Sha 10
Sid 5
Tan 8
Case 237:
Ja 0
Sam 9
Sha 0
Sid 7
Tan 0
Case 238:
Ja 36
Sam 0
Sha 7
Sid 18
Tan 18
Case 239:
Ja 7
Sam 21
Sha 21
Sid 14
Tan 14
Case 240:
Ja 0
Sam 9
Sha 18
Sid 18
Tan 9
Case 241:
Ja 27
Sam 9
Sha 18
Sid 0
Tan 9
Case 242:
Ja 30
Sam 0
Sha 19
Sid 0
Tan 19
Case 243:
Ja 0
Sam 6
Sha 6
Sid 5
Tan 4
Case 244:
Ja 12
Sam 6
Sha 5
Sid 6
Tan 0
Case 245:
Ja 0
Sam 16
Sha 0
Sid 0
Tan 23
Case 246:
Ja 20
Sam 10
Sha 12
Sid 0
Tan 20
Case 247:
Ja 2
Sam 0
Sha 11
Sid 0
Tan 0
Case 248:
Ja 0
Sam 16
Sha 12
Sid 16
Tan 0
Case 249:
Ja 10
Sam 0
Sha 4
Sid 6
Tan 11
Case 250:
Ja 9
Sam 9
Sha 6
Sid 6
Tan 12
Case 251:
Ja 7
Sam 0
Sha 0
Sid 0
Tan 4
Case 252:
Ja 0
Sam 13
Sha 0
Sid 0
Tan 18
Case 253:
Ja 15
Sam 0
Sha 15
Sid 0
Tan 15
Case 254:
Ja 8
Sam 16
Sha 9
Sid 8
Tan 8
Case 255:
Ja 8
Sam 7
Sha 8
Sid 4
Tan 0
Case 256:
Ja 4
Sam 0
Sha 1
Sid 8
Tan 8
Case 257:
Ja 0
Sam 2
Sha 2
Sid 2
Tan 0
Case 258:
Ja 15
Sam 15
Sha 3
Sid 15
Tan 15
Case 259:
Ja 18
Sam 33
Sha 18
Sid 0
Tan 18
Case 260:
Ja 7
Sam 16
Sha 24
Sid 8
Tan 8
Case 261:
Ja 2
Sam 1
Sha 0
Sid 1
Tan 2
Case 262:
Ja 7
Sam 0
Sha 0
Sid 7
Tan 13
Case 263:
Ja 6
Sam 13
Sha 8
Sid 6
Tan 4
Case 264:
Ja 24
Sam 0
Sha 24
Sid 24
Tan 0
Case 265:
Ja 11
Sam 0
Sha 22
Sid 11
Tan 3
Case 266:
Ja 0
Sam 29
Sha 27
Sid 0
Tan 0
Case 267:
Ja 5
Sam 5
Sha 7
Sid 10
Tan 6
Case 268:
Ja 8
Sam 1
Sha 8
Sid 0
Tan 0
Case 269:
Ja 7
Sam 7
Sha 0
Sid 0
Tan 5
Case 270:
Ja 0
Sam 17
Sha 0
Sid 17
Tan 0
Case 271:
Ja 6
Sam 9
Sha 9
Sid 9
Tan 9
Case 272:
Ja 6
Sam 10
Sha 0
Sid 0
Tan 0
Case 273:
Ja 6
Sam 9
Sha 6
Sid 3
Tan 6
Case 274:
Ja 24
Sam 8
Sha 8
Sid 16
Tan 0
Case 275:
Ja 0
Sam 14
Sha 14
Sid 28
Tan 31
Case 276:
Ja 34
Sam 0
Sha 17
Sid 0
Tan 17
Case 277:
Ja 0
Sam 0
Sha 8
Sid 8
Tan 5
Case 278:
Ja 3
Sam 6
Sha 15
Sid 18
Tan 9
Case 279:
Ja 8
Sam 24
Sha 24
Sid 16
Tan 0
Case 280:
Ja 4
Sam 8
Sha 4
Sid 4
Tan 9
Case 281:
Ja 21
Sam 13
Sha 26
Sid 26
Tan 0
Case 282:
Ja 24
Sam 11
Sha 6
Sid 12
Tan 18
Case 283:
Ja 0
Sam 0
Sha 5
Sid 0
Tan 19
Case 284:
Ja 37
Sam 0
Sha 0
Sid 19
Tan 0
Case 285:
Ja 15
Sam 15
Sha 10
Sid 0
Tan 11
Case 286:
Ja 4
Sam 8
Sha 0
Sid 4
Tan 0
Case 287:
Ja 3
Sam 3
Sha 3
Sid 0
Tan 3
Case 288:
Ja 0
Sam 0
Sha 28
Sid 18
Tan 0
Case 289:
Ja 12
Sam 12
Sha 6
Sid 0
Tan 12
Case 290:
Ja 2
Sam 8
Sha 14
Sid 6
Tan 12
Case 291:
Ja 16
Sam 0
Sha 25
Sid 16
Tan 16
Case 292:
Ja 9
Sam 9
Sha 11
Sid 9
Tan 18
Case 293:
Ja 9
Sam 0
Sha 18
Sid 18
Tan 27
Case 294:
Ja 3
Sam 0
Sha 0
Sid 11
Tan 0
Case 295:
Ja 0
Sam 0
Sha 12
Sid 7
Tan 0
Case 296:
Ja 22
Sam 0
Sha 0
Sid 22
Tan 22
Case 297:
Ja 23
Sam 0
Sha 13
Sid 0
Tan 13
Case 298:
Ja 7
Sam 15
Sha 9
Sid 18
Tan 9
Case 299:
Ja 5
Sam 6
Sha 5
Sid 3
Tan 5
Case 300:
Ja 12
Sam 0
Sha 0
Sid 16
Tan 0
Case 301:
Ja 13
Sam 0
Sha 0
Sid 13
Tan 16
Case 302:
Ja 12
Sam 0
Sha 16
Sid 16
Tan 0
Case 303:
Ja 12
Sam 12
Sha 18
Sid 12
Tan 12
Case 304:
Ja 0
Sam 0
Sha 11
Sid 0
Tan 11
Case 305:
Ja 10
Sam 5
Sha 2
Sid 0
Tan 10
Case 306:
Ja 0
Sam 16
Sha 8
Sid 16
Tan 16
Case 307:
Ja 20
Sam 0
Sha 16
Sid 0
Tan 0
Case 308:
Ja 0
Sam 0
Sha 0
Sid 12
Tan 17
Case 309:
Ja 7
Sam 7
Sha 7
Sid 7
Tan 7
Case 310:
Ja 14
Sam 14
Sha 14
Sid 7
Tan 0
Case 311:
Ja 18
Sam 0
Sha 28
Sid 36
Tan 0
Case 312:
Ja 19
Sam 5
Sha 19
Sid 0
Tan 0
Case 313:
Ja 0
Sam 30
Sha 0
Sid 15
Tan 21
Case 314:
Ja 0
Sam 16
Sha 16
Sid 29
Tan 0
Case 315:
Ja 0
Sam 3
Sha 0
Sid 6
Tan 3
Case 316:
Ja 9
Sam 16
Sha 16
Sid 0
Tan 16
Case 317:
Ja 0
Sam 0
Sha 2
Sid 1
Tan 1
Case 318:
Ja 0
Sam 0
Sha 12
Sid 0
Tan 19
Case 319:
Ja 15
Sam 0
Sha 2
Sid 0
Tan 15
Case 320:
Ja 2
Sam 0
Sha 2
Sid 2
Tan 0
Case 321:
Ja 22
Sam 30
Sha 15
Sid 15
Tan 0
Case 322:
Ja 9
Sam 9
Sha 9
Sid 15
Tan 12
Case 323:
Ja 11
Sam 0
Sha 11
Sid 0
Tan 19
Case 324:
Ja 0
Sam 1
Sha 24
Sid 24
Tan 12
Case 325:
Ja 7
Sam 14
Sha 28
Sid 0
Tan 21
Case 326:
Ja 34
Sam 17
Sha 17
Sid 1
Tan 0
Case 327:
Ja 5
Sam 3
Sha 8
Sid 5
Tan 8
Case 328:
Ja 14
Sam 14
Sha 0
Sid 0
Tan 14
Case 329:
Ja 0
Sam 2
Sha 18
Sid 36
Tan 18
Case 330:
Ja 1
Sam 18
Sha 18
Sid 0
Tan 0
Case 331:
Ja 4
Sam 2
Sha 2
Sid 2
Tan 6
Case 332:
Ja 0
Sam 3
Sha 0
Sid 18
Tan 18
Case 333:
Ja 0
Sam 0
Sha 24
Sid 12
Tan 12
Case 334:
Ja 0
Sam 6
Sha 12
Sid 0
Tan 12
Case 335:
Ja 16
Sam 0
Sha 0
Sid 8
Tan 16
Case 336:
Ja 0
Sam 9
Sha 0
Sid 0
Tan 18
Case 337:
Ja 0
Sam 0
Sha 0
Sid 6
Tan 6
Case 338:
Ja 0
Sam 19
Sha 0
Sid 0
Tan 8
Case 339:
Ja 0
Sam 5
Sha 0
Sid 10
Tan 10
Case 340:
Ja 21
Sam 0
Sha 0
Sid 21
Tan 3
Case 341:
Ja 6
Sam 0
Sha 0
Sid 11
Tan 12
Case 342:
Ja 9
Sam 12
Sha 12
Sid 12
Tan 12
Case 343:
Ja 0
Sam 0
Sha 0
Sid 0
Tan 10
Case 344:
Ja 1
Sam 0
Sha 1
Sid 1
Tan 1
Case 345:
Ja 0
Sam 19
Sha 0
Sid 11
Tan 11
Case 346:
Ja 36
Sam 0
Sha 0
Sid 15
Tan 30
Case 347:
Ja 32
Sam 16
Sha 21
Sid 0
Tan 0
Case 348:
Ja 0
Sam 12
Sha 10
Sid 0
Tan 12
Case 349:
Ja 10
Sam 20
Sha 3
Sid 10
Tan 10
Case 350:
Ja 4
Sam 9
Sha 12
Sid 20
Tan 20
Case 351:
Ja 0
Sam 17
Sha 17
Sid 17
Tan 23
Case 352:
Ja 20
Sam 21
Sha 10
Sid 15
Tan 5
Case 353:
Ja 11
Sam 0
Sha 9
Sid 0
Tan 0
Case 354:
Ja 21
Sam 19
Sha 0
Sid 0
Tan 19
Case 355:
Ja 9
Sam 8
Sha 9
Sid 6
Tan 12
Case 356:
Ja 0
Sam 22
Sha 9
Sid 27
Tan 18
Case 357:
Ja 1
Sam 19
Sha 0
Sid 0
Tan 0
Case 358:
Ja 0
Sam 19
Sha 14
Sid 0
Tan 14
Case 359:
Ja 21
Sam 7
Sha 0
Sid 21
Tan 10
Case 360:
Ja 16
Sam 16
Sha 16
Sid 0
Tan 16
Case 361:
Ja 0
Sam 9
Sha 9
Sid 6
Tan 9
Case 362:
Ja 0
Sam 0
Sha 0
Sid 15
Tan 9
Case 363:
Ja 26
Sam 13
Sha 0
Sid 13
Tan 13
Case 364:
Ja 2
Sam 1
Sha 2
Sid 2
Tan 4
Case 365:
Ja 4
Sam 0
Sha 4
Sid 4
Tan 4
Case 366:
Ja 8
Sam 8
Sha 8
Sid 1
Tan 0
Case 367:
Ja 10
Sam 5
Sha 10
Sid 10
Tan 15
Case 368:
Ja 15
Sam 0
Sha 0
Sid 0
Tan 9
Case 369:
Ja 20
Sam 10
Sha 23
Sid 20
Tan 10
Case 370:
Ja 0
Sam 15
Sha 8
Sid 8
Tan 8
Case 371:
Ja 13
Sam 14
Sha 0
Sid 13
Tan 26
Case 372:
Ja 12
Sam 3
Sha 4
Sid 8
Tan 5
Case 373:
Ja 15
Sam 0
Sha 30
Sid 0
Tan 34
Case 374:
Ja 9
Sam 17
Sha 0
Sid 0
Tan 9
Case 375:
Ja 4
Sam 16
Sha 12
Sid 8
Tan 4
Case 376:
Ja 6
Sam 0
Sha 0
Sid 0
Tan 15
Case 377:
Ja 16
Sam 16
Sha 16
Sid 8
Tan 8
Case 378:
Ja 5
Sam 14
Sha 14
Sid 14
Tan 28
Case 379:
Ja 16
Sam 0
Sha 32
Sid 16
Tan 10
Case 380:
Ja 34
Sam 0
Sha 17
Sid 17
Tan 17
Case 381:
Ja 18
Sam 0
Sha 18
Sid 18
Tan 18
Case 382:
Ja 8
Sam 14
Sha 0
Sid 28
Tan 28
Case 383:
Ja 4
Sam 0
Sha 0
Sid 12
Tan 12
Case 384:
Ja 5
Sam 0
Sha 0
Sid 0
Tan 4
Case 385:
Ja 12
Sam 6
Sha 12
Sid 6
Tan 6
Case 386:
Ja 8
Sam 4
Sha 8
Sid 8
Tan 2
Case 387:
Ja 26
Sam 13
Sha 13
Sid 26
Tan 9
Case 388:
Ja 11
Sam 0
Sha 0
Sid 9
Tan 0
Case 389:
Ja 10
Sam 5
Sha 15
Sid 0
Tan 5
Case 390:
Ja 20
Sam 10
Sha 10
Sid 10
Tan 10
Case 391:
Ja 21
Sam 0
Sha 0
Sid 11
Tan 22
Case 392:
Ja 0
Sam 18
Sha 6
Sid 18
Tan 18
Case 393:
Ja 8
Sam 16
Sha 14
Sid 8
Tan 16
Case 394:
Ja 0
Sam 0
Sha 16
Sid 0
Tan 8
Case 395:
Ja 0
Sam 17
Sha 13
Sid 17
Tan 17
Case 396:
Ja 0
Sam 0
Sha 15
Sid 15
Tan 30
Case 397:
Ja 15
Sam 0
Sha 30
Sid 0
Tan 30
Case 398:
Ja 0
Sam 0
Sha 0
Sid 8
Tan 19
Case 399:
Ja 10
Sam 8
Sha 12
Sid 8
Tan 20
Case 400:
Ja 8
Sam 0
Sha 16
Sid 8
Tan 8
Case 401:
Ja 10
Sam 10
Sha 15
Sid 5
Tan 10
Case 402:
Ja 10
Sam 20
Sha 20
Sid 10
Tan 20
Case 403:
Ja 5
Sam 0
Sha 0
Sid 5
Tan 5
Case 404:
Ja 4
Sam 4
Sha 6
Sid 10
Tan 14
Case 405:
Ja 8
Sam 4
Sha 4
Sid 8
Tan 12
Case 406:
Ja 18
Sam 18
Sha 0
Sid 18
Tan 29
Case 407:
Ja 9
Sam 9
Sha 9
Sid 9
Tan 15
Case 408:
Ja 11
Sam 0
Sha 0
Sid 0
Tan 0
Case 409:
Ja 6
Sam 0
Sha 11
Sid 0
Tan 0
Case 410:
Ja 4
Sam 0
Sha 2
Sid 0
Tan 4
Case 411:
Ja 0
Sam 0
Sha 13
Sid 13
Tan 13
Case 412:
Ja 10
Sam 5
Sha 6
Sid 0
Tan 5
Case 413:
Ja 0
Sam 15
Sha 11
Sid 0
Tan 15
Case 414:
Ja 10
Sam 15
Sha 20
Sid 5
Tan 20
Case 415:
Ja 15
Sam 3
Sha 0
Sid 3
Tan 9
Case 416:
Ja 12
Sam 12
Sha 12
Sid 12
Tan 9
Case 417:
Ja 20
Sam 8
Sha 10
Sid 10
Tan 0
Case 418:
Ja 11
Sam 5
Sha 5
Sid 2
Tan 3
Case 419:
Ja 7
Sam 7
Sha 7
Sid 0
Tan 14
Case 420:
Ja 13
Sam 6
Sha 6
Sid 3
Tan 6
Case 421:
Ja 13
Sam 13
Sha 19
Sid 26
Tan 13
Case 422:
Ja 17
Sam 0
Sha 4
Sid 12
Tan 12
Case 423:
Ja 0
Sam 9
Sha 9
Sid 9
Tan 13
Case 424:
Ja 0
Sam 15
Sha 15
Sid 15
Tan 0
Case 425:
Ja 0
Sam 30
Sha 0
Sid 15
Tan 0
Case 426:
Ja 0
Sam 0
Sha 3
Sid 19
Tan 19
Case 427:
Ja 10
Sam 5
Sha 10
Sid 5
Tan 3
Case 428:
Ja 20
Sam 0
Sha 17
Sid 17
Tan 17
Case 429:
Ja 0
Sam 0
Sha 0
Sid 14
Tan 10
Case 430:
Ja 0
Sam 0
Sha 19
Sid 0
Tan 19
Case 431:
Ja 16
Sam 16
Sha 0
Sid 8
Tan 24
Case 432:
Ja 19
Sam 21
Sha 0
Sid 19
Tan 0
Case 433:
Ja 0
Sam 0
Sha 2
Sid 0
Tan 17
Case 434:
Ja 0
Sam 8
Sha 0
Sid 8
Tan 16
Case 435:
Ja 16
Sam 8
Sha 4
Sid 20
Tan 8
Case 436:
Ja 13
Sam 0
Sha 13
Sid 16
Tan 13
Case 437:
Ja 8
Sam 4
Sha 8
Sid 8
Tan 16
Case 438:
Ja 12
Sam 0
Sha 6
Sid 12
Tan 12
Case 439:
Ja 12
Sam 0
Sha 0
Sid 12
Tan 1
Case 440:
Ja 10
Sam 10
Sha 25
Sid 10
Tan 5
Case 441:
Ja 17
Sam 16
Sha 0
Sid 34
Tan 0
Case 442:
Ja 12
Sam 8
Sha 6
Sid 4
Tan 4
Case 443:
Ja 10
Sam 20
Sha 10
Sid 22
Tan 10
Case 444:
Ja 5
Sam 15
Sha 15
Sid 5
Tan 20
Case 445:
Ja 0
Sam 0
Sha 0
Sid 0
Tan 18
Case 446:
Ja 6
Sam 10
Sha 10
Sid 2
Tan 2
Case 447:
Ja 16
Sam 0
Sha 0
Sid 3
Tan 0
Case 448:
Ja 0
Sam 17
Sha 34
Sid 22
Tan 0
Case 449:
Ja 0
Sam 8
Sha 8
Sid 0
Tan 6
Case 450:
Ja 28
Sam 28
Sha 0
Sid 14
Tan 7
Case 451:
Ja 9
Sam 9
Sha 12
Sid 12
Tan 6
Case 452:
Ja 7
Sam 0
Sha 7
Sid 12
Tan 0
Case 453:
Ja 0
Sam 12
Sha 12
Sid 6
Tan 15
Case 454:
Ja 12
Sam 10
Sha 10
Sid 10
Tan 0
Case 455:
Ja 0
Sam 15
Sha 7
Sid 0
Tan 0
Case 456:
Ja 4
Sam 12
Sha 4
Sid 12
Tan 8
Case 457:
Ja 23
Sam 6
Sha 18
Sid 6
Tan 18
Case 458:
Ja 16
Sam 0
Sha 16
Sid 16
Tan 0
Case 459:
Ja 12
Sam 8
Sha 12
Sid 12
Tan 12
Case 460:
Ja 0
Sam 8
Sha 0
Sid 0
Tan 6
Case 461:
Ja 16
Sam 16
Sha 0
Sid 1
Tan 16
Case 462:
Ja 1
Sam 2
Sha 2
Sid 3
Tan 1
Case 463:
Ja 5
Sam 20
Sha 5
Sid 10
Tan 5
Case 464:
Ja 21
Sam 14
Sha 7
Sid 6
Tan 7
Case 465:
Ja 7
Sam 0
Sha 21
Sid 13
Tan 28
Case 466:
Ja 9
Sam 12
Sha 3
Sid 12
Tan 6
Case 467:
Ja 12
Sam 12
Sha 0
Sid 16
Tan 8
Case 468:
Ja 3
Sam 6
Sha 6
Sid 6
Tan 0
Case 469:
Ja 17
Sam 3
Sha 0
Sid 0
Tan 0
Case 470:
Ja 2
Sam 4
Sha 8
Sid 4
Tan 8
Case 471:
Ja 18
Sam 18
Sha 23
Sid 0
Tan 0
Case 472:
Ja 28
Sam 19
Sha 19
Sid 0
Tan 0
Case 473:
Ja 0
Sam 12
Sha 0
Sid 20
Tan 30
Case 474:
Ja 12
Sam 12
Sha 12
Sid 0
Tan 18
Case 475:
Ja 0
Sam 7
Sha 7
Sid 0
Tan 6
Case 476:
Ja 16
Sam 0
Sha 21
Sid 32
Tan 16
Case 477:
Ja 32
Sam 16
Sha 0
Sid 2
Tan 0
Case 478:
Ja 0
Sam 0
Sha 0
Sid 3
Tan 17
Case 479:
Ja 19
Sam 19
Sha 0
Sid 19
Tan 8
Case 480:
Ja 12
Sam 12
Sha 12
Sid 12
Tan 20
Case 481:
Ja 3
Sam 17
Sha 12
Sid 9
Tan 15
Case 482:
Ja 0
Sam 19
Sha 11
Sid 11
Tan 0
Case 483:
Ja 0
Sam 14
Sha 0
Sid 0
Tan 0
Case 484:
Ja 5
Sam 11
Sha 0
Sid 0
Tan 0
Case 485:
Ja 16
Sam 16
Sha 0
Sid 23
Tan 32
Case 486:
Ja 23
Sam 19
Sha 19
Sid 0
Tan 0
Case 487:
Ja 2
Sam 0
Sha 6
Sid 0
Tan 6
Case 488:
Ja 0
Sam 19
Sha 2
Sid 0
Tan 0
Case 489:
Ja 0
Sam 0
Sha 2
Sid 0
Tan 6
Case 490:
Ja 8
Sam 2
Sha 4
Sid 4
Tan 0
Case 491:
Ja 6
Sam 6
Sha 0
Sid 4
Tan 6
Case 492:
Ja 3
Sam 8
Sha 0
Sid 16
Tan 8
Case 493:
Ja 20
Sam 10
Sha 0
Sid 27
Tan 0
Case 494:
Ja 19
Sam 19
Sha 0
Sid 22
Tan 0
Case 495:
Ja 0
Sam 0
Sha 13
Sid 0
Tan 0
Case 496:
Ja 5
Sam 9
Sha 0
Sid 9
Tan 0
Case 497:
Ja 0
Sam 0
Sha 13
Sid 25
Tan 13
Case 498:
Ja 6
Sam 6
Sha 18
Sid 19
Tan 12
Case 499:
Ja 0
Sam 0
Sha 0
Sid 7
Tan 1
Case 500:
Ja 16
Sam 0
Sha 19
Sid 0
Tan 0
Case 501:
Ja 0
Sam 0
Sha 12
Sid 6
Tan 0
Case 502:
Ja 13
Sam 13
Sha 7
Sid 13
Tan 0
Case 503:
Ja 12
Sam 0
Sha 9
Sid 0
Tan 12
Case 504:
Ja 8
Sam 4
Sha 4
Sid 8
Tan 8
Case 505:
Ja 9
Sam 0
Sha 14
Sid 0
Tan 0
Case 506:
Ja 11
Sam 0
Sha 11
Sid 22
Tan 11
Case 507:
Ja 0
Sam 0
Sha 19
Sid 19
Tan 10
Case 508:
Ja 3
Sam 3
Sha 3
Sid 3
Tan 3
Case 509:
Ja 12
Sam 32
Sha 0
Sid 8
Tan 16
Case 510:
Ja 4
Sam 24
Sha 20
Sid 12
Tan 4
Case 511:
Ja 13
Sam 26
Sha 17
Sid 0
Tan 13
Case 512:
Ja 12
Sam 12
Sha 0
Sid 0
Tan 0
Case 513:
Ja 11
Sam 12
Sha 0
Sid 12
Tan 0
Case 514:
Ja 0
Sam 0
Sha 13
Sid 12
Tan 0
Case 515:
Ja 0
Sam 4
Sha 0
Sid 0
Tan 18
Case 516:
Ja 13
Sam 18
Sha 18
Sid 0
Tan 0
Case 517:
Ja 13
Sam 3
Sha 0
Sid 0
Tan 0
Case 518:
Ja 0
Sam 14
Sha 0
Sid 0
Tan 0
Case 519:
Ja 18
Sam 36
Sha 12
Sid 0
Tan 0
Case 520:
Ja 8
Sam 4
Sha 3
Sid 8
Tan 10
Case 521:
Ja 0
Sam 19
Sha 0
Sid 0
Tan 5
Case 522:
Ja 6
Sam 0
Sha 0
Sid 10
Tan 5
Case 523:
Ja 18
Sam 9
Sha 9
Sid 27
Tan 18
Case 524:
Ja 11
Sam 0
Sha 0
Sid 19
Tan 0
Case 525:
Ja 19
Sam 14
Sha 0
Sid 0
Tan 14
Case 526:
Ja 11
Sam 6
Sha 0
Sid 0
Tan 12
Case 527:
Ja 13
Sam 0
Sha 19
Sid 0
Tan 13
Case 528:
Ja 0
Sam 26
Sha 0
Sid 0
Tan 15
Case 529:
Ja 0
Sam 28
Sha 0
Sid 14
Tan 42
Case 530:
Ja 28
Sam 28
Sha 14
Sid 0
Tan 2
Case 531:
Ja 18
Sam 18
Sha 0
Sid 24
Tan 0
Case 532:
Ja 0
Sam 12
Sha 0
Sid 10
Tan 6
Case 533:
Ja 3
Sam 3
Sha 0
Sid 0
Tan 3
Case 534:
Ja 0
Sam 3
Sha 26
Sid 26
Tan 0
Case 535:
Ja 0
Sam 19
Sha 3
Sid 0
Tan 0
Case 536:
Ja 0
Sam 18
Sha 18
Sid 0
Tan 3
Case 537:
Ja 7
Sam 12
Sha 0
Sid 0
Tan 12
Case 538:
Ja 3
Sam 6
Sha 6
Sid 0
Tan 3
Case 539:
Ja 15
Sam 0
Sha 15
Sid 0
Tan 15
Case 540:
Ja 12
Sam 0
Sha 12
Sid 31
Tan 0
Case 541:
Ja 0
Sam 15
Sha 24
Sid 30
Tan 0
Case 542:
Ja 10
Sam 0
Sha 0
Sid 18
Tan 0
Case 543:
Ja 12
Sam 0
Sha 0
Sid 9
Tan 0
Case 544:
Ja 5
Sam 5
Sha 5
Sid 0
Tan 10
Case 545:
Ja 3
Sam 11
Sha 0
Sid 0
Tan 0
Case 546:
Ja 4
Sam 0
Sha 9
Sid 9
Tan 0
Case 547:
Ja 0
Sam 24
Sha 21
Sid 0
Tan 0
Case 548:
Ja 0
Sam 15
Sha 0
Sid 5
Tan 0
Case 549:
Ja 0
Sam 4
Sha 0
Sid 8
Tan 6
Case 550:
Ja 13
Sam 16
Sha 13
Sid 26
Tan 13
Case 551:
Ja 0
Sam 0
Sha 28
Sid 36
Tan 0
Case 552:
Ja 25
Sam 13
Sha 13
Sid 13
Tan 13
Case 553:
Ja 18
Sam 18
Sha 21
Sid 18
Tan 0
Case 554:
Ja 14
Sam 7
Sha 4
Sid 0
Tan 0
Case 555:
Ja 0
Sam 0
Sha 12
Sid 0
Tan 3
Case 556:
Ja 1
Sam 1
Sha 3
Sid 1
Tan 0
Case 557:
Ja 5
Sam 26
Sha 0
Sid 30
Tan 10
Case 558:
Ja 6
Sam 6
Sha 6
Sid 1
Tan 0
Case 559:
Ja 2
Sam 14
Sha 21
Sid 7
Tan 14
Case 560:
Ja 12
Sam 0
Sha 0
Sid 6
Tan 0
Case 561:
Ja 0
Sam 18
Sha 0
Sid 12
Tan 0
Case 562:
Ja 0
Sam 14
Sha 0
Sid 0
Tan 12
Case 563:
Ja 5
Sam 8
Sha 0
Sid 0
Tan 8
Case 564:
Ja 8
Sam 5
Sha 0
Sid 0
Tan 0
Case 565:
Ja 14
Sam 0
Sha 29
Sid 14
Tan 28
Case 566:
Ja 28
Sam 7
Sha 0
Sid 14
Tan 7
Case 567:
Ja 35
Sam 18
Sha 0
Sid 0
Tan 0
Case 568:
Ja 0
Sam 18
Sha 42
Sid 0
Tan 18
Case 569:
Ja 0
Sam 19
Sha 2
Sid 0
Tan 19
Case 570:
Ja 16
Sam 0
Sha 16
Sid 9
Tan 0
Case 571:
Ja 4
Sam 3
Sha 4
Sid 8
Tan 2
Case 572:
Ja 18
Sam 14
Sha 14
Sid 14
Tan 14
Case 573:
Ja 5
Sam 5
Sha 10
Sid 10
Tan 10
Case 574:
Ja 15
Sam 4
Sha 0
Sid 0
Tan 0
Case 575:
Ja 15
Sam 10
Sha 15
Sid 10
Tan 10
Case 576:
Ja 5
Sam 4
Sha 8
Sid 4
Tan 12
Case 577:
Ja 6
Sam 7
Sha 2
Sid 6
Tan 5
Case 578:
Ja 26
Sam 26
Sha 13
Sid 0
Tan 13
Case 579:
Ja 14
Sam 29
Sha 0
Sid 28
Tan 0
Case 580:
Ja 2
Sam 14
Sha 14
Sid 7
Tan 0
Case 581:
Ja 9
Sam 6
Sha 3
Sid 9
Tan 6
Case 582:
Ja 0
Sam 10
Sha 0
Sid 5
Tan 0
Case 583:
Ja 0
Sam 10
Sha 0
Sid 0
Tan 0
Case 584:
Ja 10
Sam 13
Sha 0
Sid 13
Tan 0
Case 585:
Ja 8
Sam 10
Sha 16
Sid 8
Tan 4
Case 586:
Ja 17
Sam 0
Sha 0
Sid 0
Tan 3
Case 587:
Ja 18
Sam 0
Sha 18
Sid 18
Tan 0
Case 588:
Ja 0
Sam 0
Sha 9
Sid 11
Tan 0
Case 589:
Ja 13
Sam 0
Sha 14
Sid 13
Tan 0
Case 590:
Ja 0
Sam 10
Sha 15
Sid 15
Tan 10
Case 591:
Ja 8
Sam 14
Sha 8
Sid 16
Tan 8
Case 592:
Ja 18
Sam 18
Sha 18
Sid 4
Tan 0
Case 593:
Ja 8
Sam 11
Sha 0
Sid 8
Tan 0
Case 594:
Ja 0
Sam 0
Sha 0
Sid 0
Tan 11
Case 595:
Ja 12
Sam 4
Sha 16
Sid 8
Tan 12
Case 596:
Ja 15
Sam 11
Sha 11
Sid 11
Tan 11
Case 597:
Ja 21
Sam 14
Sha 14
Sid 7
Tan 0
Case 598:
Ja 0
Sam 12
Sha 12
Sid 12
Tan 0
Case 599:
Ja 8
Sam 4
Sha 4
Sid 2
Tan 4
Case 600:
Ja 14
Sam 7
Sha 7
Sid 14
Tan 2
Case 601:
Ja 8
Sam 8
Sha 16
Sid 8
Tan 8
Case 602:
Ja 0
Sam 20
Sha 7
Sid 7
Tan 14
Case 603:
Ja 7
Sam 0
Sha 0
Sid 12
Tan 7
Case 604:
Ja 7
Sam 7
Sha 7
Sid 21
Tan 8
Case 605:
Ja 0
Sam 19
Sha 1
Sid 38
Tan 19
Case 606:
Ja 10
Sam 15
Sha 15
Sid 0
Tan 15
Case 607:
Ja 0
Sam 0
Sha 17
Sid 18
Tan 0
Case 608:
Ja 2
Sam 4
Sha 2
Sid 2
Tan 4
Case 609:
Ja 16
Sam 16
Sha 16
Sid 16
Tan 0
Case 610:
Ja 18
Sam 0
Sha 18
Sid 0
Tan 36
Case 611:
Ja 8
Sam 3
Sha 0
Sid 4
Tan 8
Case 612:
Ja 0
Sam 4
Sha 4
Sid 1
Tan 3
Case 613:
Ja 22
Sam 11
Sha 8
Sid 22
Tan 22
Case 614:
Ja 4
Sam 6
Sha 4
Sid 6
Tan 6
Case 615:
Ja 32
Sam 30
Sha 0
Sid 16
Tan 0
Case 616:
Ja 0
Sam 0
Sha 24
Sid 24
Tan 18
Case 617:
Ja 8
Sam 8
Sha 0
Sid 0
Tan 8
Case 618:
Ja 0
Sam 0
Sha 0
Sid 0
Tan 12
Case 619:
Ja 16
Sam 0
Sha 0
Sid 0
Tan 25
Case 620:
Ja 4
Sam 1
Sha 0
Sid 2
Tan 2
Case 621:
Ja 6
Sam 24
Sha 12
Sid 6
Tan 6
Case 622:
Ja 14
Sam 19
Sha 14
Sid 0
Tan 14
Case 623:
Ja 9
Sam 8
Sha 3
Sid 3
Tan 6
Case 624:
Ja 2
Sam 2
Sha 2
Sid 4
Tan 2
Case 625:
Ja 0
Sam 7
Sha 0
Sid 12
Tan 7
Case 626:
Ja 0
Sam 0
Sha 0
Sid 11
Tan 12
Case 627:
Ja 13
Sam 13
Sha 13
Sid 0
Tan 1
Case 628:
Ja 8
Sam 0
Sha 14
Sid 0
Tan 0
Case 629:
Ja 4
Sam 6
Sha 14
Sid 4
Tan 12
Case 630:
Ja 12
Sam 5
Sha 8
Sid 24
Tan 16
Case 631:
Ja 19
Sam 0
Sha 16
Sid 32
Tan 0
Case 632:
Ja 14
Sam 19
Sha 7
Sid 7
Tan 0
Case 633:
Ja 0
Sam 0
Sha 22
Sid 7
Tan 21
Case 634:
Ja 6
Sam 4
Sha 4
Sid 0
Tan 4
Case 635:
Ja 0
Sam 0
Sha 14
Sid 17
Tan 17
Case 636:
Ja 14
Sam 0
Sha 7
Sid 27
Tan 0
Case 637:
Ja 8
Sam 8
Sha 8
Sid 6
Tan 0
Case 638:
Ja 4
Sam 8
Sha 4
Sid 8
Tan 4
Case 639:
Ja 12
Sam 6
Sha 6
Sid 6
Tan 6
Case 640:
Ja 17
Sam 17
Sha 3
Sid 17
Tan 0
Case 641:
Ja 15
Sam 5
Sha 15
Sid 0
Tan 30
Case 642:
Ja 8
Sam 4
Sha 10
Sid 12
Tan 8
Case 643:
Ja 26
Sam 13
Sha 14
Sid 0
Tan 13
Case 644:
Ja 0
Sam 8
Sha 0
Sid 0
Tan 0
Case 645:
Ja 8
Sam 4
Sha 10
Sid 2
Tan 6
Case 646:
Ja 4
Sam 0
Sha 11
Sid 0
Tan 4
Case 647:
Ja 16
Sam 32
Sha 16
Sid 20
Tan 0
Case 648:
Ja 3
Sam 7
Sha 6
Sid 2
Tan 10
Case 649:
Ja 0
Sam 38
Sha 38
Sid 13
Tan 0
Case 650:
Ja 0
Sam 11
Sha 12
Sid 12
Tan 12
Case 651:
Ja 0
Sam 0
Sha 8
Sid 3
Tan 0
Case 652:
Ja 3
Sam 6
Sha 0
Sid 6
Tan 3
Case 653:
Ja 16
Sam 16
Sha 31
Sid 8
Tan 8
Case 654:
Ja 0
Sam 3
Sha 6
Sid 0
Tan 6
Case 655:
Ja 11
Sam 4
Sha 11
Sid 33
Tan 11
Case 656:
Ja 9
Sam 9
Sha 9
Sid 18
Tan 18
Case 657:
Ja 0
Sam 5
Sha 5
Sid 10
Tan 15
Case 658:
Ja 14
Sam 13
Sha 14
Sid 28
Tan 7
Case 659:
Ja 30
Sam 0
Sha 0
Sid 17
Tan 0
Case 660:
Ja 0
Sam 7
Sha 12
Sid 0
Tan 6
Case 661:
Ja 14
Sam 7
Sha 19
Sid 7
Tan 14
Case 662:
Ja 13
Sam 18
Sha 0
Sid 0
Tan 18
Case 663:
Ja 0
Sam 20
Sha 10
Sid 20
Tan 20
Case 664:
Ja 0
Sam 11
Sha 11
Sid 11
Tan 22
Case 665:
Ja 10
Sam 20
Sha 10
Sid 0
Tan 1
Case 666:
Ja 16
Sam 0
Sha 0
Sid 9
Tan 16
Case 667:
Ja 0
Sam 16
Sha 0
Sid 4
Tan 0
Case 668:
Ja 10
Sam 20
Sha 19
Sid 20
Tan 10
Case 669:
Ja 5
Sam 12
Sha 6
Sid 4
Tan 6
Case 670:
Ja 12
Sam 11
Sha 12
Sid 6
Tan 12
Case 671:
Ja 0
Sam 11
Sha 11
Sid 0
Tan 11
Case 672:
Ja 0
Sam 12
Sha 12
Sid 0
Tan 12
Case 673:
Ja 0
Sam 0
Sha 4
Sid 0
Tan 8
Case 674:
Ja 0
Sam 0
Sha 6
Sid 0
Tan 8
Case 675:
Ja 14
Sam 10
Sha 10
Sid 8
Tan 6
Case 676:
Ja 0
Sam 7
Sha 20
Sid 7
Tan 21
Case 677:
Ja 2
Sam 4
Sha 4
Sid 2
Tan 8
Case 678:
Ja 3
Sam 12
Sha 12
Sid 12
Tan 3
Case 679:
Ja 5
Sam 0
Sha 0
Sid 7
Tan 0
Case 680:
Ja 3
Sam 6
Sha 6
Sid 0
Tan 6
Case 681:
Ja 4
Sam 2
Sha 0
Sid 0
Tan 0
Case 682:
Ja 5
Sam 10
Sha 5
Sid 0
Tan 5
Case 683:
Ja 0
Sam 10
Sha 10
Sid 8
Tan 0
Case 684:
Ja 16
Sam 16
Sha 16
Sid 0
Tan 16
Case 685:
Ja 0
Sam 0
Sha 19
Sid 19
Tan 19
Case 686:
Ja 12
Sam 12
Sha 20
Sid 8
Tan 12
Case 687:
Ja 0
Sam 0
Sha 38
Sid 19
Tan 20
Case 688:
Ja 24
Sam 16
Sha 0
Sid 8
Tan 24
Case 689:
Ja 6
Sam 6
Sha 3
Sid 6
Tan 6
Case 690:
Ja 1
Sam 0
Sha 0
Sid 0
Tan 12
Case 691:
Ja 24
Sam 12
Sha 24
Sid 12
Tan 12
Case 692:
Ja 27
Sam 18
Sha 18
Sid 0
Tan 9
Case 693:
Ja 13
Sam 4
Sha 8
Sid 8
Tan 0
Case 694:
Ja 31
Sam 19
Sha 19
Sid 19
Tan 0
Case 695:
Ja 9
Sam 19
Sha 38
Sid 19
Tan 0
Case 696:
Ja 12
Sam 7
Sha 0
Sid 24
Tan 12
Case 697:
Ja 14
Sam 11
Sha 14
Sid 14
Tan 28
Case 698:
Ja 8
Sam 0
Sha 0
Sid 0
Tan 1
Case 699:
Ja 12
Sam 18
Sha 12
Sid 5
Tan 18
Case 700:
Ja 0
Sam 36
Sha 9
Sid 27
Tan 0
Case 701:
Ja 16
Sam 6
Sha 16
Sid 16
Tan 16
Case 702:
Ja 11
Sam 0
Sha 11
Sid 11
Tan 17
Case 703:
Ja 24
Sam 12
Sha 12
Sid 0
Tan 34
Case 704:
Ja 8
Sam 0
Sha 10
Sid 8
Tan 7
Case 705:
Ja 33
Sam 12
Sha 11
Sid 11
Tan 11
Case 706:
Ja 0
Sam 0
Sha 13
Sid 0
Tan 16
Case 707:
Ja 9
Sam 9
Sha 18
Sid 27
Tan 1
Case 708:
Ja 7
Sam 4
Sha 4
Sid 5
Tan 5
Case 709:
Ja 8
Sam 20
Sha 12
Sid 4
Tan 4
Case 710:
Ja 4
Sam 2
Sha 2
Sid 6
Tan 3
Case 711:
Ja 6
Sam 5
Sha 4
Sid 2
Tan 4
Case 712:
Ja 0
Sam 37
Sha 30
Sid 0
Tan 0
Case 713:
Ja 0
Sam 12
Sha 12
Sid 24
Tan 12
Case 714:
Ja 0
Sam 33
Sha 0
Sid 22
Tan 0
Case 715:
Ja 18
Sam 0
Sha 8
Sid 0
Tan 18
Case 716:
Ja 0
Sam 0
Sha 0
Sid 30
Tan 38
Case 717:
Ja 20
Sam 20
Sha 19
Sid 20
Tan 0
Case 718:
Ja 0
Sam 10
Sha 0
Sid 10
Tan 16
Case 719:
Ja 18
Sam 0
Sha 18
Sid 8
Tan 18
Case 720:
Ja 14
Sam 0
Sha 14
Sid 7
Tan 0
Case 721:
Ja 10
Sam 6
Sha 6
Sid 8
Tan 8
Case 722:
Ja 2
Sam 1
Sha 1
Sid 1
Tan 2
Case 723:
Ja 0
Sam 10
Sha 25
Sid 0
Tan 31
Case 724:
Ja 8
Sam 13
Sha 12
Sid 0
Tan 12
Case 725:
Ja 12
Sam 0
Sha 24
Sid 12
Tan 12
Case 726:
Ja 0
Sam 0
Sha 0
Sid 0
Tan 10
Case 727:
Ja 15
Sam 16
Sha 0
Sid 0
Tan 0
Case 728:
Ja 2
Sam 0
Sha 1
Sid 1
Tan 2
Case 729:
Ja 0
Sam 0
Sha 0
Sid 10
Tan 9
Case 730:
Ja 4
Sam 12
Sha 6
Sid 8
Tan 16
Case 731:
Ja 8
Sam 0
Sha 13
Sid 16
Tan 8
Case 732:
Ja 10
Sam 10
Sha 0
Sid 16
Tan 20
Case 733:
Ja 14
Sam 0
Sha 3
Sid 14
Tan 0
Case 734:
Ja 0
Sam 3
Sha 0
Sid 9
Tan 0
Case 735:
Ja 6
Sam 20
Sha 24
Sid 0
Tan 18
Case 736:
Ja 0
Sam 0
Sha 28
Sid 14
Tan 0
Case 737:
Ja 15
Sam 15
Sha 13
Sid 5
Tan 10
Case 738:
Ja 0
Sam 12
Sha 12
Sid 0
Tan 8
Case 739:
Ja 2
Sam 0
Sha 10
Sid 10
Tan 0
Case 740:
Ja 0
Sam 32
Sha 32
Sid 0
Tan 24
Case 741:
Ja 0
Sam 33
Sha 0
Sid 22
Tan 11
Case 742:
Ja 0
Sam 10
Sha 0
Sid 10
Tan 0
Case 743:
Ja 0
Sam 30
Sha 6
Sid 15
Tan 30
Case 744:
Ja 0
Sam 12
Sha 12
Sid 7
Tan 12
Case 745:
Ja 0
Sam 3
Sha 8
Sid 4
Tan 8
Case 746:
Ja 12
Sam 19
Sha 12
Sid 0
Tan 0
Case 747:
Ja 8
Sam 0
Sha 12
Sid 0
Tan 12
Case 748:
Ja 10
Sam 14
Sha 0
Sid 28
Tan 14
Case 749:
Ja 4
Sam 0
Sha 4
Sid 6
Tan 6
Case 750:
Ja 4
Sam 8
Sha 4
Sid 11
Tan 8
Case 751:
Ja 3
Sam 0
Sha 2
Sid 4
Tan 2
Case 752:
Ja 14
Sam 14
Sha 21
Sid 14
Tan 14
Case 753:
Ja 14
Sam 0
Sha 14
Sid 12
Tan 0
Case 754:
Ja 16
Sam 1
Sha 32
Sid 0
Tan 0
Case 755:
Ja 0
Sam 0
Sha 19
Sid 0
Tan 0
Case 756:
Ja 4
Sam 9
Sha 4
Sid 6
Tan 5
Case 757:
Ja 14
Sam 0
Sha 0
Sid 6
Tan 7
Case 758:
Ja 4
Sam 4
Sha 4
Sid 0
Tan 0
Case 759:
Ja 15
Sam 10
Sha 10
Sid 20
Tan 0
Case 760:
Ja 0
Sam 0
Sha 4
Sid 0
Tan 19
Case 761:
Ja 4
Sam 8
Sha 8
Sid 16
Tan 8
Case 762:
Ja 8
Sam 7
Sha 0
Sid 7
Tan 7
Case 763:
Ja 13
Sam 11
Sha 0
Sid 0
Tan 22
Case 764:
Ja 24
Sam 10
Sha 24
Sid 12
Tan 0
Case 765:
Ja 10
Sam 25
Sha 5
Sid 6
Tan 5
Case 766:
Ja 0
Sam 0
Sha 0
Sid 7
Tan 9
Case 767:
Ja 9
Sam 6
Sha 9
Sid 9
Tan 6
Case 768:
Ja 0
Sam 0
Sha 18
Sid 0
Tan 14
Case 769:
Ja 13
Sam 4
Sha 13
Sid 13
Tan 13
Case 770:
Ja 0
Sam 14
Sha 28
Sid 14
Tan 23
Case 771:
Ja 0
Sam 0
Sha 0
Sid 0
Tan 17
Case 772:
Ja 6
Sam 12
Sha 10
Sid 6
Tan 12
Case 773:
Ja 26
Sam 13
Sha 25
Sid 13
Tan 0
Case 774:
Ja 0
Sam 0
Sha 14
Sid 28
Tan 28
Case 775:
Ja 0
Sam 24
Sha 0
Sid 0
Tan 24
Case 776:
Ja 0
Sam 12
Sha 18
Sid 24
Tan 0
Case 777:
Ja 0
Sam 8
Sha 1
Sid 0
Tan 0
Case 778:
Ja 0
Sam 0
Sha 0
Sid 16
Tan 9
Case 779:
Ja 3
Sam 3
Sha 2
Sid 3
Tan 2
Case 780:
Ja 0
Sam 11
Sha 22
Sid 22
Tan 0
Case 781:
Ja 5
Sam 5
Sha 5
Sid 5
Tan 4
Case 782:
Ja 19
Sam 0
Sha 19
Sid 19
Tan 33
Case 783:
Ja 4
Sam 3
Sha 0
Sid 4
Tan 4
Case 784:
Ja 0
Sam 16
Sha 2
Sid 0
Tan 0
Case 785:
Ja 3
Sam 3
Sha 6
Sid 3
Tan 12
Case 786:
Ja 0
Sam 19
Sha 4
Sid 0
Tan 19
Case 787:
Ja 6
Sam 1
Sha 0
Sid 10
Tan 5
Case 788:
Ja 0
Sam 0
Sha 12
Sid 12
Tan 0
Case 789:
Ja 0
Sam 10
Sha 0
Sid 0
Tan 12
Case 790:
Ja 4
Sam 2
Sha 2
Sid 2
Tan 2
Case 791:
Ja 0
Sam 28
Sha 14
Sid 0
Tan 18
Case 792:
Ja 7
Sam 0
Sha 0
Sid 1
Tan 0
Case 793:
Ja 0
Sam 0
Sha 14
Sid 18
Tan 18
Case 794:
Ja 0
Sam 0
Sha 0
Sid 10
Tan 15
Case 795:
Ja 0
Sam 18
Sha 0
Sid 10
Tan 0
Case 796:
Ja 8
Sam 8
Sha 0
Sid 16
Tan 24
Case 797:
Ja 10
Sam 25
Sha 10
Sid 10
Tan 0
Case 798:
Ja 2
Sam 0
Sha 0
Sid 0
Tan 8
Case 799:
Ja 0
Sam 2
Sha 13
Sid 0
Tan 0
Case 800:
Ja 8
Sam 16
Sha 24
Sid 16
Tan 15
Case 801:
Ja 8820
Sam 12152
Sha 12348
Sid 10605
Tan 11466
Case 802:
Ja 13774
Sam 10282
Sha 9009
Sid 10379
Tan 9118
Case 803:
Ja 2695
Sam 3386
Sha 2317
Sid 3233
Tan 2987
Case 804:
Ja 4655
Sam 4410
Sha 3969
Sid 5020
Tan 2940
Case 805:
Ja 12118
Sam 10587
Sha 11534
Sid 13359
Tan 11680
Case 806:
Ja 3712
Sam 2696
Sha 3543
Sid 2880
Tan 2896
Case 807:
Ja 14287
Sam 13300
Sha 13376
Sid 17100
Tan 12654
Case 808:
Ja 13688
Sam 18560
Sha 11774
Sid 19114
Tan 16182
Case 809:
Ja 7098
Sam 9464
Sha 7818
Sid 9191
Tan 8918
Case 810:
Ja 2369
Sam 2175
Sha 3825
Sid 2875
Tan 2600
Case 811:
Ja 4719
Sam 4212
Sha 3940
Sid 2067
Tan 5304
Case 812:
Ja 7800
Sam 9720
Sha 7800
Sid 7643
Tan 9060
Case 813:
Ja 1710
Sam 1170
Sha 1215
Sid 1669
Tan 1665
Case 814:
Ja 2079
Sam 1767
Sha 1767
Sid 1302
Tan 1395
Case 815:
Ja 13377
Sam 15582
Sha 17531
Sid 13720
Tan 13573
Case 816:
Ja 15477
Sam 20251
Sha 15785
Sid 14217
Tan 23485
Case 817:
Ja 9252
Sam 7826
Sha 7644
Sid 5551
Tan 6188
Case 818:
Ja 7552
Sam 9280
Sha 9856
Sid 9088
Tan 7193
Case 819:
Ja 13783
Sam 22869
Sha 20867
Sid 5852
Tan 21293
Case 820:
Ja 3520
Sam 2604
Sha 3786
Sid 2533
Tan 3004
Case 821:
Ja 1887
Sam 1744
Sha 1683
Sid 1785
Tan 2397
Case 822:
Ja 9545
Sam 11122
Sha 10707
Sid 8083
Tan 7221
Case 823:
Ja 10675
Sam 23546
Sha 11773
Sid 14823
Tan 11249
Case 824:
Ja 10669
Sam 9964
Sha 9165
Sid 8883
Tan 8460
Case 825:
Ja 4004
Sam 2596
Sha 3508
Sid 3036
Tan 3872
Case 826:
Ja 17460
Sam 12513
Sha 20673
Sid 16393
Tan 15714
Case 827:
Ja 880
Sam 1496
Sha 1320
Sid 1600
Tan 1408
Case 828:
Ja 14157
Sam 13008
Sha 12474
Sid 12672
Tan 9108
Case 829:
Ja 250
Sam 0
Sha 67
Sid 67
Tan 268
Case 830:
Ja 4760
Sam 4200
Sha 5760
Sid 6563
Tan 5320
Case 831:
Ja 7420
Sam 9222
Sha 6519
Sid 6943
Tan 5936
Case 832:
Ja 20825
Sam 16640
Sha 14820
Sid 10452
Tan 13000
Case 833:
Ja 10564
Sam 9348
Sha 12101
Sid 11400
Tan 10108
Case 834:
Ja 13958
Sam 14819
Sha 16356
Sid 16646
Tan 18531
Case 835:
Ja 814
Sam 666
Sha 370
Sid 746
Tan 592
Case 836:
Ja 22747
Sam 11408
Sha 13163
Sid 12305
Tan 12351
Case 837:
Ja 9243
Sam 19786
Sha 8848
Sid 15405
Tan 12324
Case 838:
Ja 9302
Sam 9375
Sha 12225
Sid 14325
Tan 10650
Case 839:
Ja 2880
Sam 3440
Sha 8202
Sid 5280
Tan 4560
Case 840:
Ja 18291
Sam 22659
Sha 16016
Sid 18690
Tan 14924
Case 841:
Ja 12518
Sam 15466
Sha 13332
Sid 24200
Tan 14058
Case 842:
Ja 15785
Sam 17479
Sha 21252
Sid 16555
Tan 22905
Case 843:
Ja 15714
Sam 17199
Sha 13932
Sid 18554
Tan 16200
Case 844:
Ja 10925
Sam 7225
Sha 14300
Sid 20264
Tan 7575
Case 845:
Ja 3144
Sam 2928
Sha 2334
Sid 3258
Tan 2766
Case 846:
Ja 6976
Sam 4704
Sha 4768
Sid 7200
Tan 7279
Case 847:
Ja 9625
Sam 7377
Sha 8855
Sid 9790
Tan 7150
Case 848:
Ja 14058
Sam 14004
Sha 11924
Sid 11902
Tan 13728
Case 849:
Ja 15054
Sam 23400
Sha 9906
Sid 15600
Tan 21372
Case 850:
Ja 3444
Sam 2184
Sha 2268
Sid 2856
Tan 2593
Case 851:
Ja 12915
Sam 12393
Sha 17136
Sid 16632
Tan 17829
Case 852:
Ja 15548
Sam 16008
Sha 15933
Sid 18860
Tan 17572
Case 853:
Ja 13172
Sam 14702
Sha 12638
Sid 14952
Tan 12549
Case 854:
Ja 9816
Sam 9792
Sha 6976
Sid 12928
Tan 6912
Case 855:
Ja 6830
Sam 14355
Sha 10098
Sid 2871
Tan 8811
Case 856:
Ja 4524
Sam 3422
Sha 2842
Sid 7153
Tan 2784
Case 857:
Ja 10084
Sam 10496
Sha 6656
Sid 7552
Tan 10560
Case 858:
Ja 8010
Sam 8820
Sha 5130
Sid 6975
Tan 7079
Case 859:
Ja 15290
Sam 9405
Sha 19415
Sid 18139
Tan 17050
Case 860:
Ja 3000
Sam 2265
Sha 3975
Sid 3225
Tan 3750
Case 861:
Ja 12691
Sam 17575
Sha 11581
Sid 14635
Tan 8288
Case 862:
Ja 10579
Sam 17111
Sha 13348
Sid 16641
Tan 11218
Case 863:
Ja 2470
Sam 2128
Sha 1748
Sid 1969
Tan 3154
Case 864:
Ja 2415
Sam 3399
Sha 1785
Sid 1995
Tan 2555
Case 865:
Ja 6902
Sam 8613
Sha 7830
Sid 5169
Tan 3190
Case 866:
Ja 8046
Sam 2106
Sha 3150
Sid 3492
Tan 5595
Case 867:
Ja 21504
Sam 16769
Sha 18336
Sid 20928
Tan 16896
Case 868:
Ja 10422
Sam 14617
Sha 11988
Sid 11610
Tan 11502
Case 869:
Ja 9210
Sam 10736
Sha 6600
Sid 12144
Tan 8272
Case 870:
Ja 8350
Sam 6350
Sha 6100
Sid 8502
Tan 7700
Case 871:
Ja 8832
Sam 8256
Sha 6528
Sid 9216
Tan 11512
Case 872:
Ja 19074
Sam 13360
Sha 18150
Sid 24288
Tan 12936
Case 873:
Ja 14557
Sam 19264
Sha 9159
Sid 18017
Tan 21285
Case 874:
Ja 16414
Sam 12430
Sha 10817
Sid 17719
Tan 13021
Case 875:
Ja 9942
Sam 10566
Sha 10930
Sid 9918
Tan 9918
Case 876:
Ja 16065
Sam 17465
Sha 14379
Sid 14875
Tan 19495
Case 877:
Ja 4737
Sam 5670
Sha 10899
Sid 7749
Tan 7308
Case 878:
Ja 8250
Sam 9225
Sha 7575
Sid 9600
Tan 11325
Case 879:
Ja 9362
Sam 5237
Sha 7440
Sid 8308
Tan 8060
Case 880:
Ja 1376
Sam 1199
Sha 1344
Sid 1664
Tan 1856
Case 881:
Ja 9292
Sam 12880
Sha 8750
Sid 13340
Tan 10948
Case 882:
Ja 12672
Sam 12078
Sha 9504
Sid 8580
Tan 9613
Case 883:
Ja 6248
Sam 7304
Sha 6340
Sid 5016
Tan 8184
Case 884:
Ja 1650
Sam 605
Sha 3025
Sid 990
Tan 2823
Case 885:
Ja 12768
Sam 6832
Sha 14532
Sid 15058
Tan 12362
Case 886:
Ja 9690
Sam 11900
Sha 9670
Sid 12370
Tan 12503
Case 887:
Ja 13106
Sam 17255
Sha 15895
Sid 27030
Tan 10115
Case 888:
Ja 1200
Sam 1005
Sha 1400
Sid 1400
Tan 1050
Case 889:
Ja 17328
Sam 16036
Sha 18392
Sid 24711
Tan 18696
Case 890:
Ja 12514
Sam 14168
Sha 12880
Sid 8848
Tan 14952
Case 891:
Ja 1230
Sam 2132
Sha 1343
Sid 1886
Tan 2050
Case 892:
Ja 4625
Sam 4514
Sha 3441
Sid 4454
Tan 4218
Case 893:
Ja 18170
Sam 18814
Sha 19320
Sid 15594
Tan 22126
Case 894:
Ja 5377
Sam 3969
Sha 6566
Sid 4018
Tan 3087
Case 895:
Ja 684
Sam 722
Sha 874
Sid 817
Tan 456
Case 896:
Ja 15810
Sam 11204
Sha 7990
Sid 9945
Tan 17595
Case 897:
Ja 14168
Sam 8932
Sha 13755
Sid 7876
Tan 9328
Case 898:
Ja 2652
Sam 2447
Sha 4056
Sid 3705
Tan 3822
Case 899:
Ja 17868
Sam 15312
Sha 23229
Sid 12441
Tan 22098
Case 900:
Ja 8372
Sam 6747
Sha 14300
Sid 15964
Tan 9516
Case 901:
Ja 2755
Sam 3040
Sha 2886
Sid 3420
Tan 3515
Case 902:
Ja 11100
Sam 12950
Sha 13764
Sid 11803
Tan 12247
Case 903:
Ja 11280
Sam 8210
Sha 20320
Sid 9040
Tan 21800
Case 904:
Ja 16898
Sam 13804
Sha 19244
Sid 19496
Tan 17510
Case 905:
Ja 18621
Sam 13968
Sha 16560
Sid 18720
Tan 19368
Case 906:
Ja 2881
Sam 2680
Sha 3819
Sid 3015
Tan 3659
Case 907:
Ja 5382
Sam 5304
Sha 4672
Sid 3510
Tan 4212
Case 908:
Ja 2552
Sam 2958
Sha 2610
Sid 2726
Tan 2645
Case 909:
Ja 16933
Sam 19178
Sha 16254
Sid 18576
Tan 12642
Case 910:
Ja 1092
Sam 702
Sha 1014
Sid 1373
Tan 1014
Case 911:
Ja 14484
Sam 15862
Sha 10857
Sid 18403
Tan 18557
Case 912:
Ja 12960
Sam 17928
Sha 13536
Sid 16632
Tan 18432
Case 913:
Ja 4896
Sam 3868
Sha 3128
Sid 4216
Tan 3060
Case 914:
Ja 7536
Sam 8640
Sha 5640
Sid 10464
Tan 9435
Case 915:
Ja 18717
Sam 16473
Sha 19788
Sid 16312
Tan 14178
Case 916:
Ja 12768
Sam 7068
Sha 12084
Sid 23111
Tan 8436
Case 917:
Ja 17360
Sam 22112
Sha 13960
Sid 16240
Tan 22320
Case 918:
Ja 18668
Sam 15132
Sha 13052
Sid 21692
Tan 12272
Case 919:
Ja 1309
Sam 1155
Sha 1232
Sid 924
Tan 1301
Case 920:
Ja 1196
Sam 894
Sha 676
Sid 1014
Tan 1430
Case 921:
Ja 11790
Sam 9900
Sha 8225
Sid 7740
Tan 14310
Case 922:
Ja 15678
Sam 20358
Sha 22308
Sid 22439
Tan 15444
Case 923:
Ja 898
Sam 945
Sha 1449
Sid 1134
Tan 1512
Case 924:
Ja 15288
Sam 25311
Sha 17121
Sid 19007
Tan 17199
Case 925:
Ja 11420
Sam 13614
Sha 11720
Sid 13180
Tan 16920
Case 926:
Ja 7536
Sam 4668
Sha 7332
Sid 7398
Tan 7208
Case 927:
Ja 16629
Sam 18630
Sha 16974
Sid 12489
Tan 17709
Case 928:
Ja 7896
Sam 9964
Sha 7626
Sid 8366
Tan 7285
Case 929:
Ja 17784
Sam 7904
Sha 11932
Sid 18582
Tan 17047
Case 930:
Ja 18093
Sam 14693
Sha 18759
Sid 18796
Tan 13542
Case 931:
Ja 4171
Sam 2881
Sha 4945
Sid 3011
Tan 2580
Case 932:
Ja 498
Sam 581
Sha 670
Sid 581
Tan 747
Case 933:
Ja 3828
Sam 4268
Sha 3636
Sid 4136
Tan 3762
Case 934:
Ja 13680
Sam 17280
Sha 14557
Sid 17640
Tan 18270
Case 935:
Ja 13965
Sam 16188
Sha 20614
Sid 21888
Tan 21603
Case 936:
Ja 12798
Sam 6320
Sha 10160
Sid 11360
Tan 6080
Case 937:
Ja 14976
Sam 16452
Sha 16748
Sid 11538
Tan 11430
Case 938:
Ja 1728
Sam 2016
Sha 1657
Sid 2088
Tan 1944
Case 939:
Ja 6138
Sam 4464
Sha 4898
Sid 4930
Tan 3596
Case 940:
Ja 8501
Sam 7906
Sha 10974
Sid 10030
Tan 8732
Case 941:
Ja 11882
Sam 9152
Sha 14568
Sid 12792
Tan 8918
Case 942:
Ja 15759
Sam 14040
Sha 12690
Sid 13020
Tan 16650
Case 943:
Ja 6622
Sam 6638
Sha 8272
Sid 5346
Tan 5896
Case 944:
Ja 21243
Sam 17958
Sha 19272
Sid 19126
Tan 15677
Case 945:
Ja 13457
Sam 5162
Sha 6675
Sid 6497
Tan 8366
Case 946:
Ja 1053
Sam 975
Sha 874
Sid 858
Tan 546
Case 947:
Ja 7712
Sam 7482
Sha 6032
Sid 4930
Tan 4466
Case 948:
Ja 11984
Sam 26208
Sha 14994
Sid 12915
Tan 16380
Case 949:
Ja 12597
Sam 14076
Sha 10304
Sid 16606
Tan 10419
Case 950:
Ja 9282
Sam 8637
Sha 15015
Sid 6045
Tan 12012
Case 951:
Ja 17214
Sam 28766
Sha 17708
Sid 12003
Tan 14592
Case 952:
Ja 5055
Sam 4200
Sha 3710
Sid 3920
Tan 2100
Case 953:
Ja 9272
Sam 12008
Sha 13552
Sid 10640
Tan 14592
Case 954:
Ja 21930
Sam 30006
Sha 13294
Sid 12172
Tan 10744
Case 955:
Ja 1968
Sam 1558
Sha 1968
Sid 1722
Tan 1702
Case 956:
Ja 495
Sam 671
Sha 495
Sid 902
Tan 495
Case 957:
Ja 1820
Sam 5969
Sha 4875
Sid 1625
Tan 4030
Case 958:
Ja 4644
Sam 4400
Sha 6336
Sid 6228
Tan 3996
Case 959:
Ja 4698
Sam 4176
Sha 4872
Sid 6438
Tan 6614
Case 960:
Ja 5088
Sam 3912
Sha 3893
Sid 3144
Tan 3624
Case 961:
Ja 9381
Sam 18349
Sha 16461
Sid 17549
Tan 15871
Case 962:
Ja 2154
Sam 3486
Sha 2940
Sid 2754
Tan 2598
Case 963:
Ja 11799
Sam 13965
Sha 12711
Sid 13110
Tan 12312
Case 964:
Ja 8643
Sam 6499
Sha 9045
Sid 10675
Tan 10921
Case 965:
Ja 6318
Sam 4914
Sha 5999
Sid 5616
Tan 8268
Case 966:
Ja 3286
Sam 3410
Sha 2171
Sid 2976
Tan 2418
Case 967:
Ja 8534
Sam 9520
Sha 7038
Sid 7374
Tan 7072
Case 968:
Ja 19314
Sam 17487
Sha 16829
Sid 23838
Tan 19227
Case 969:
Ja 312
Sam 728
Sha 208
Sid 360
Tan 624
Case 970:
Ja 3069
Sam 6732
Sha 10981
Sid 5841
Tan 7227
Case 971:
Ja 22014
Sam 19227
Sha 15639
Sid 16926
Tan 11583
Case 972:
Ja 14352
Sam 10120
Sha 12328
Sid 18568
Tan 16261
Case 973:
Ja 780
Sam 1040
Sha 1820
Sid 1235
Tan 1162
Case 974:
Ja 6498
Sam 6669
Sha 4395
Sid 7068
Tan 7182
Case 975:
Ja 2266
Sam 1881
Sha 2409
Sid 2927
Tan 2629
Case 976:
Ja 9933
Sam 8877
Sha 10389
Sid 9636
Tan 9009
Case 977:
Ja 6834
Sam 4703
Sha 4896
Sid 13804
Tan 16116
Case 978:
Ja 1471
Sam 2345
Sha 1797
Sid 1970
Tan 2112
Case 979:
Ja 6075
Sam 5715
Sha 6197
Sid 6855
Tan 7320
Case 980:
Ja 5204
Sam 3400
Sha 5616
Sid 5424
Tan 5344
Case 981:
Ja 254
Sam 432
Sha 432
Sid 162
Tan 378
Case 982:
Ja 3777
Sam 5184
Sha 2880
Sid 3072
Tan 4800
Case 983:
Ja 10668
Sam 13482
Sha 13418
Sid 13335
Tan 12208
Case 984:
Ja 11785
Sam 6920
Sha 5385
Sid 9570
Tan 9399
Case 985:
Ja 19293
Sam 18620
Sha 19000
Sid 21850
Tan 18145
Case 986:
Ja 17380
Sam 17864
Sha 17987
Sid 19096
Tan 14916
Case 987:
Ja 3925
Sam 3275
Sha 3250
Sid 5300
Tan 5567
Case 988:
Ja 8631
Sam 10290
Sha 13160
Sid 9100
Tan 9415
Case 989:
Ja 4484
Sam 5428
Sha 5535
Sid 5310
Tan 4484
Case 990:
Ja 9696
Sam 10668
Sha 9252
Sid 9931
Tan 11652
Case 991:
Ja 2070
Sam 2160
Sha 2430
Sid 2295
Tan 2443
Case 992:
Ja 10123
Sam 10653
Sha 8692
Sid 9434
Tan 10076
Case 993:
Ja 16894
Sam 13283
Sha 8251
Sid 10434
Tan 15614
Case 994:
Ja 12095
Sam 14455
Sha 11800
Sid 13924
Tan 10561
Case 995:
Ja 5962
Sam 756
Sha 4666
Sid 2486
Tan 1120
Case 996:
Ja 16146
Sam 11232
Sha 15210
Sid 12387
Tan 8814
Case 997:
Ja 21411
Sam 17404
Sha 11224
Sid 20008
Tan 20862
Case 998:
Ja 11700
Sam 8955
Sha 10665
Sid 13230
Tan 14408
Case 999:
Ja 15750
Sam 13230
Sha 14400
Sid 16830
Tan 14670
Case 1000:
Ja 11712
Sam 12256
Sha 8800
Sid 11008
Tan 8483
