227.1300 227.1300
1151.3422 1151.3422
128.0500 128.0500
119822.4310 119822.4310
54369.5208 54369.5208
34.9000 34.9000
603.3200 603.3200
145.2100 145.2100
319.1000 319.1000
724.4700 724.4700
364.0800 364.0800
424.8300 424.8300
523.1600 523.1600
737.5400 737.5400
693241.6665 693241.6665
297.3700 297.3700
210.9300 210.9300
98.9700 98.9700
715.1700 715.1700
0.4500 0.4500
1470063.0299 1470063.0299
658.3900 658.3900
402.3400 402.3400
534.4700 534.4700
268.3900 268.3900
265598.1460 265598.1460
123.8500 123.8500
225.8800 225.8800
339.9600 339.9600
419.2600 419.2600
300.4400 300.4400
101.5900 101.5900
548.9500 548.9500
1611322.6780 1611322.6780
462.7000 462.7000
484.1500 484.1500
87.3700 87.3700
655863.9080 655863.9080
546.9700 546.9700
326.1900 326.1900
437.9700 437.9700
817017.0612 817017.0612
95.5000 95.5000
193888.7404 193888.7404
9601.2045 9601.2045
389.6400 389.6400
1013222.5210 1013222.5210
777851.3907 777851.3907
372.1300 372.1300
259.8000 259.8000
996823.4627 996823.4627
478237.1777 478237.1777
725.0400 725.0400
130.0600 130.0600
547.4600 547.4600
57442.2946 57442.2946
484.9200 484.9200
197254.3389 197254.3389
170.1900 170.1900
147.5300 147.5300
170601.6767 170601.6767
3395.8447 3395.8447
59.8100 59.8100
833288.8323 833288.8323
223.7400 223.7400
787.5900 787.5900
200.6600 200.6600
118214.7657 118214.7657
263.9900 263.9900
551847.9639 551847.9639
363.7800 363.7800
195933.5835 195933.5835
235496.4290 235496.4290
675.1800 675.1800
432909.9098 432909.9098
38348.1588 38348.1588
251480.0560 251480.0560
182.5000 182.5000
201.5800 201.5800
195.4800 195.4800
241188.0300 241188.0300
146.5000 146.5000
463225.3815 463225.3815
699051.4101 699051.4101
209956.9056 209956.9056
557644.8405 557644.8405
205.3400 205.3400
43.7400 43.7400
155.3300 155.3300
442.1600 442.1600
789804.3645 789804.3645
542.7100 542.7100
519.6300 519.6300
192002.3163 192002.3163
248783.0402 248783.0402
109100.6039 109100.6039
362896.2922 362896.2922
415.3800 415.3800
93.1300 93.1300
55.3300 55.3300
